mode: set
lazylab/internal/gitlab/client.go:29.53,30.17 1 1
lazylab/internal/gitlab/client.go:30.17,32.3 1 1
lazylab/internal/gitlab/client.go:33.2,34.23 2 1
lazylab/internal/gitlab/client.go:34.23,36.3 1 1
lazylab/internal/gitlab/client.go:39.2,40.16 2 1
lazylab/internal/gitlab/client.go:40.16,42.3 1 1
lazylab/internal/gitlab/client.go:43.2,43.63 1 1
lazylab/internal/gitlab/client.go:43.63,45.3 1 1
lazylab/internal/gitlab/client.go:46.2,46.26 1 1
lazylab/internal/gitlab/client.go:46.26,48.3 1 0
lazylab/internal/gitlab/client.go:50.2,52.16 3 1
lazylab/internal/gitlab/client.go:52.16,54.3 1 0
lazylab/internal/gitlab/client.go:55.2,55.50 1 1
lazylab/internal/gitlab/client.go:111.32,113.2 1 1
lazylab/internal/gitlab/client.go:155.98,156.23 1 0
lazylab/internal/gitlab/client.go:156.23,158.3 1 0
lazylab/internal/gitlab/client.go:159.2,170.16 3 0
lazylab/internal/gitlab/client.go:170.16,172.3 1 0
lazylab/internal/gitlab/client.go:173.2,174.29 2 0
lazylab/internal/gitlab/client.go:174.29,186.30 2 0
lazylab/internal/gitlab/client.go:186.30,188.4 1 0
lazylab/internal/gitlab/client.go:190.2,194.17 2 0
lazylab/internal/gitlab/client.go:194.17,199.3 4 0
lazylab/internal/gitlab/client.go:200.2,200.22 1 0
lazylab/internal/gitlab/client.go:204.105,215.16 3 0
lazylab/internal/gitlab/client.go:215.16,217.3 1 0
lazylab/internal/gitlab/client.go:218.2,219.29 2 0
lazylab/internal/gitlab/client.go:219.29,226.3 1 0
lazylab/internal/gitlab/client.go:227.2,227.44 1 0
lazylab/internal/gitlab/client.go:227.44,228.40 1 0
lazylab/internal/gitlab/client.go:228.40,230.4 1 0
lazylab/internal/gitlab/client.go:231.3,231.40 1 0
lazylab/internal/gitlab/client.go:231.40,233.4 1 0
lazylab/internal/gitlab/client.go:234.3,234.69 1 0
lazylab/internal/gitlab/client.go:236.2,236.17 1 0
lazylab/internal/gitlab/client.go:240.103,241.16 1 1
lazylab/internal/gitlab/client.go:241.16,243.3 1 1
lazylab/internal/gitlab/client.go:246.2,246.66 1 1
lazylab/internal/gitlab/client.go:246.66,248.3 1 1
lazylab/internal/gitlab/client.go:251.2,252.16 2 1
lazylab/internal/gitlab/client.go:252.16,254.3 1 0
lazylab/internal/gitlab/client.go:257.2,258.68 2 1
lazylab/internal/gitlab/client.go:258.68,260.3 1 1
lazylab/internal/gitlab/client.go:262.2,265.16 2 1
lazylab/internal/gitlab/client.go:265.16,267.3 1 1
lazylab/internal/gitlab/client.go:270.2,271.29 2 0
lazylab/internal/gitlab/client.go:271.29,273.3 1 0
lazylab/internal/gitlab/client.go:275.2,276.16 2 0
lazylab/internal/gitlab/client.go:276.16,278.3 1 0
lazylab/internal/gitlab/client.go:279.2,279.26 1 0
lazylab/internal/gitlab/client.go:283.106,292.34 2 0
lazylab/internal/gitlab/client.go:292.34,294.3 1 0
lazylab/internal/gitlab/client.go:295.2,296.16 2 0
lazylab/internal/gitlab/client.go:296.16,298.3 1 0
lazylab/internal/gitlab/client.go:299.2,299.25 1 0
lazylab/internal/gitlab/client.go:299.25,301.3 1 0
lazylab/internal/gitlab/client.go:302.2,304.16 3 0
lazylab/internal/gitlab/client.go:304.16,306.3 1 0
lazylab/internal/gitlab/client.go:307.2,315.24 2 0
lazylab/internal/gitlab/client.go:315.24,317.3 1 0
lazylab/internal/gitlab/client.go:317.8,317.31 1 0
lazylab/internal/gitlab/client.go:317.31,319.3 1 0
lazylab/internal/gitlab/client.go:320.2,320.21 1 0
lazylab/internal/gitlab/client.go:324.116,325.23 1 0
lazylab/internal/gitlab/client.go:325.23,327.3 1 0
lazylab/internal/gitlab/client.go:328.2,328.20 1 0
lazylab/internal/gitlab/client.go:328.20,330.3 1 0
lazylab/internal/gitlab/client.go:331.2,340.16 3 0
lazylab/internal/gitlab/client.go:340.16,342.3 1 0
lazylab/internal/gitlab/client.go:343.2,344.30 2 0
lazylab/internal/gitlab/client.go:344.30,352.25 2 0
lazylab/internal/gitlab/client.go:352.25,354.4 1 0
lazylab/internal/gitlab/client.go:354.9,354.32 1 0
lazylab/internal/gitlab/client.go:354.32,356.4 1 0
lazylab/internal/gitlab/client.go:357.3,357.41 1 0
lazylab/internal/gitlab/client.go:359.2,359.25 1 0
lazylab/internal/gitlab/client.go:359.25,360.21 1 0
lazylab/internal/gitlab/client.go:360.21,362.4 1 0
lazylab/internal/gitlab/client.go:363.3,363.18 1 0
lazylab/internal/gitlab/client.go:363.18,371.4 1 0
lazylab/internal/gitlab/client.go:372.3,378.9 1 0
lazylab/internal/gitlab/client.go:380.2,380.17 1 0
lazylab/internal/gitlab/client.go:380.17,388.3 1 0
lazylab/internal/gitlab/client.go:389.2,395.8 1 0
lazylab/internal/gitlab/client.go:399.117,401.16 2 0
lazylab/internal/gitlab/client.go:401.16,402.47 1 0
lazylab/internal/gitlab/client.go:402.47,404.4 1 0
lazylab/internal/gitlab/client.go:405.3,408.23 2 0
lazylab/internal/gitlab/client.go:408.23,410.4 1 0
lazylab/internal/gitlab/client.go:411.3,411.39 1 0
lazylab/internal/gitlab/client.go:413.2,413.39 1 0
lazylab/internal/gitlab/client.go:417.91,418.16 1 1
lazylab/internal/gitlab/client.go:418.16,420.3 1 1
lazylab/internal/gitlab/client.go:421.2,422.16 2 0
lazylab/internal/gitlab/client.go:422.16,424.3 1 0
lazylab/internal/gitlab/client.go:425.2,425.16 1 0
lazylab/internal/gitlab/client.go:425.16,427.3 1 0
lazylab/internal/gitlab/client.go:428.2,434.8 1 0
lazylab/internal/gitlab/client.go:437.61,438.21 1 1
lazylab/internal/gitlab/client.go:438.21,440.3 1 1
lazylab/internal/gitlab/client.go:441.2,448.31 2 0
lazylab/internal/gitlab/client.go:448.31,450.3 1 0
lazylab/internal/gitlab/client.go:450.8,450.38 1 0
lazylab/internal/gitlab/client.go:450.38,452.3 1 0
lazylab/internal/gitlab/client.go:453.2,453.16 1 0
lazylab/internal/gitlab/client.go:457.106,459.2 1 0
lazylab/internal/gitlab/client.go:462.106,471.6 4 0
lazylab/internal/gitlab/client.go:471.6,474.17 3 0
lazylab/internal/gitlab/client.go:474.17,476.4 1 0
lazylab/internal/gitlab/client.go:477.3,477.29 1 0
lazylab/internal/gitlab/client.go:477.29,485.4 1 0
lazylab/internal/gitlab/client.go:486.3,486.40 1 0
lazylab/internal/gitlab/client.go:486.40,487.9 1 0
lazylab/internal/gitlab/client.go:489.3,489.23 1 0
lazylab/internal/gitlab/client.go:491.2,491.20 1 0
lazylab/internal/gitlab/client.go:491.20,493.3 1 0
lazylab/internal/gitlab/client.go:494.2,494.18 1 0
lazylab/internal/gitlab/client.go:498.89,500.16 2 0
lazylab/internal/gitlab/client.go:500.16,502.3 1 0
lazylab/internal/gitlab/client.go:503.2,503.18 1 0
lazylab/internal/gitlab/client.go:503.18,505.3 1 0
lazylab/internal/gitlab/client.go:506.2,507.16 2 0
lazylab/internal/gitlab/client.go:507.16,509.3 1 0
lazylab/internal/gitlab/client.go:510.2,510.26 1 0
lazylab/internal/gitlab/client.go:513.113,524.6 6 0
lazylab/internal/gitlab/client.go:524.6,527.17 3 0
lazylab/internal/gitlab/client.go:527.17,529.4 1 0
lazylab/internal/gitlab/client.go:530.3,530.28 1 0
lazylab/internal/gitlab/client.go:530.28,532.23 2 0
lazylab/internal/gitlab/client.go:532.23,534.5 1 0
lazylab/internal/gitlab/client.go:535.4,535.29 1 0
lazylab/internal/gitlab/client.go:535.29,538.5 2 0
lazylab/internal/gitlab/client.go:539.4,539.89 1 0
lazylab/internal/gitlab/client.go:541.3,541.40 1 0
lazylab/internal/gitlab/client.go:541.40,542.9 1 0
lazylab/internal/gitlab/client.go:544.3,544.23 1 0
lazylab/internal/gitlab/client.go:546.2,547.35 2 0
lazylab/internal/gitlab/client.go:547.35,549.19 2 0
lazylab/internal/gitlab/client.go:549.19,551.4 1 0
lazylab/internal/gitlab/client.go:552.3,555.5 1 0
lazylab/internal/gitlab/client.go:557.2,557.20 1 0
lazylab/internal/gitlab/client.go:560.43,562.40 2 1
lazylab/internal/gitlab/client.go:562.40,564.3 1 1
lazylab/internal/gitlab/client.go:565.2,565.25 1 1
lazylab/internal/gitlab/client.go:585.57,587.19 2 1
lazylab/internal/gitlab/client.go:587.19,589.3 1 1
lazylab/internal/gitlab/client.go:590.2,591.37 2 1
lazylab/internal/gitlab/client.go:591.37,593.3 1 1
lazylab/internal/gitlab/client.go:594.2,594.16 1 1
lazylab/internal/gitlab/client.go:597.49,599.18 2 1
lazylab/internal/gitlab/client.go:599.18,601.3 1 1
lazylab/internal/gitlab/client.go:602.2,602.15 1 1
lazylab/internal/gitlab/client.go:605.30,606.46 1 1
lazylab/internal/gitlab/client.go:606.46,608.3 1 1
lazylab/internal/gitlab/client.go:609.2,609.39 1 1
lazylab/pkg/config/config.go:41.39,47.2 5 1
lazylab/pkg/config/config.go:51.46,63.22 10 1
lazylab/pkg/config/config.go:63.22,65.23 2 1
lazylab/pkg/config/config.go:65.23,67.4 1 1
lazylab/pkg/config/config.go:69.2,69.22 1 1
lazylab/pkg/config/config.go:69.22,71.42 2 1
lazylab/pkg/config/config.go:71.42,73.4 1 0
lazylab/pkg/config/config.go:74.3,74.30 1 1
lazylab/pkg/config/config.go:77.2,84.20 6 1
lazylab/pkg/config/config.go:84.20,86.3 1 0
lazylab/pkg/config/config.go:87.2,87.30 1 1
lazylab/pkg/config/config.go:87.30,89.3 1 0
lazylab/pkg/config/config.go:90.2,90.24 1 1
lazylab/pkg/config/config.go:90.24,92.3 1 0
lazylab/pkg/config/config.go:93.2,93.21 1 1
lazylab/pkg/config/config.go:93.21,95.3 1 0
lazylab/pkg/config/config.go:97.2,97.17 1 1
lazylab/pkg/config/config.go:100.56,101.26 1 1
lazylab/pkg/config/config.go:101.26,103.3 1 1
lazylab/pkg/config/config.go:104.2,104.27 1 1
lazylab/pkg/config/config.go:104.27,106.3 1 1
lazylab/pkg/config/config.go:107.2,107.37 1 1
lazylab/pkg/config/config.go:107.37,109.3 1 1
lazylab/pkg/config/config.go:110.2,110.30 1 1
lazylab/pkg/config/config.go:110.30,112.3 1 1
lazylab/pkg/config/config.go:113.2,113.28 1 1
lazylab/pkg/config/config.go:113.28,115.3 1 1
lazylab/pkg/config/config.go:118.47,119.16 1 1
lazylab/pkg/config/config.go:119.16,121.3 1 0
lazylab/pkg/config/config.go:122.2,122.12 1 1
lazylab/cmd/lazylab/main.go:18.13,21.46 3 0
lazylab/cmd/lazylab/main.go:21.46,24.3 2 0
lazylab/cmd/lazylab/main.go:26.2,27.16 2 0
lazylab/cmd/lazylab/main.go:27.16,30.3 2 0
lazylab/cmd/lazylab/main.go:32.2,33.16 2 0
lazylab/cmd/lazylab/main.go:33.16,36.3 2 0
lazylab/cmd/lazylab/main.go:38.2,42.16 4 0
lazylab/cmd/lazylab/main.go:42.16,45.3 2 0
lazylab/cmd/lazylab/main.go:47.2,50.26 3 0
lazylab/cmd/lazylab/main.go:50.26,52.3 1 0
lazylab/cmd/lazylab/main.go:53.2,55.40 2 0
lazylab/cmd/lazylab/main.go:55.40,58.3 2 0
lazylab/cmd/lazylab/main.go:61.52,62.30 1 0
lazylab/cmd/lazylab/main.go:63.15,64.30 1 0
lazylab/cmd/lazylab/main.go:65.14,66.29 1 0
lazylab/cmd/lazylab/main.go:67.25,68.29 1 0
lazylab/cmd/lazylab/main.go:69.22,70.30 1 0
lazylab/cmd/lazylab/main.go:71.10,72.76 1 0
lazylab/internal/ui/cache.go:34.58,36.16 2 1
lazylab/internal/ui/cache.go:36.16,38.3 1 0
lazylab/internal/ui/cache.go:39.2,41.48 2 1
lazylab/internal/ui/cache.go:41.48,43.3 1 0
lazylab/internal/ui/cache.go:44.2,48.8 2 1
lazylab/internal/ui/cache.go:51.61,53.36 2 1
lazylab/internal/ui/cache.go:53.36,55.3 1 1
lazylab/internal/ui/cache.go:56.2,56.16 1 1
lazylab/internal/ui/cache.go:56.16,58.3 1 0
lazylab/internal/ui/cache.go:59.2,60.52 2 1
lazylab/internal/ui/cache.go:60.52,62.3 1 1
lazylab/internal/ui/cache.go:63.2,63.34 1 1
lazylab/internal/ui/cache.go:63.34,65.3 1 1
lazylab/internal/ui/cache.go:67.2,67.69 1 1
lazylab/internal/ui/cache.go:67.69,69.3 1 1
lazylab/internal/ui/cache.go:70.2,70.29 1 1
lazylab/internal/ui/cache.go:70.29,72.3 1 0
lazylab/internal/ui/cache.go:73.2,73.27 1 1
lazylab/internal/ui/cache.go:76.66,77.24 1 1
lazylab/internal/ui/cache.go:77.24,79.3 1 1
lazylab/internal/ui/cache.go:80.2,87.16 3 1
lazylab/internal/ui/cache.go:87.16,89.3 1 0
lazylab/internal/ui/cache.go:92.2,94.16 3 1
lazylab/internal/ui/cache.go:94.16,96.3 1 0
lazylab/internal/ui/cache.go:97.2,100.47 2 1
lazylab/internal/ui/cache.go:100.47,104.3 3 0
lazylab/internal/ui/cache.go:105.2,105.40 1 1
lazylab/internal/ui/cache.go:105.40,108.3 2 0
lazylab/internal/ui/cache.go:111.2,111.51 1 1
lazylab/internal/ui/cache.go:111.51,114.3 2 0
lazylab/internal/ui/cache.go:115.2,115.12 1 1
lazylab/internal/ui/cache.go:118.39,119.16 1 1
lazylab/internal/ui/cache.go:119.16,121.3 1 1
lazylab/internal/ui/cache.go:122.2,125.13 4 1
lazylab/internal/ui/icons.go:39.47,40.52 1 1
lazylab/internal/ui/icons.go:41.17,42.21 1 1
lazylab/internal/ui/icons.go:43.16,44.20 1 1
lazylab/internal/ui/icons.go:45.17,46.21 1 1
lazylab/internal/ui/icons.go:47.65,48.21 1 1
lazylab/internal/ui/icons.go:49.18,50.22 1 1
lazylab/internal/ui/icons.go:51.17,52.21 1 1
lazylab/internal/ui/icons.go:53.10,54.21 1 1
lazylab/internal/ui/icons.go:59.47,60.37 1 1
lazylab/internal/ui/icons.go:61.17,62.21 1 1
lazylab/internal/ui/icons.go:63.16,64.20 1 1
lazylab/internal/ui/icons.go:65.18,66.22 1 1
lazylab/internal/ui/icons.go:67.10,68.21 1 1
lazylab/internal/ui/icons.go:73.45,74.21 1 0
lazylab/internal/ui/icons.go:74.21,76.3 1 0
lazylab/internal/ui/icons.go:77.2,77.19 1 0
lazylab/internal/ui/icons.go:77.19,79.3 1 0
lazylab/internal/ui/icons.go:80.2,80.68 1 0
lazylab/internal/ui/icons.go:84.40,85.16 1 1
lazylab/internal/ui/icons.go:85.16,87.3 1 0
lazylab/internal/ui/icons.go:89.2,91.9 2 1
lazylab/internal/ui/icons.go:92.25,93.20 1 1
lazylab/internal/ui/icons.go:94.23,96.16 2 0
lazylab/internal/ui/icons.go:96.16,98.4 1 0
lazylab/internal/ui/icons.go:99.3,99.38 1 0
lazylab/internal/ui/icons.go:100.26,102.17 2 0
lazylab/internal/ui/icons.go:102.17,104.4 1 0
lazylab/internal/ui/icons.go:105.3,105.39 1 0
lazylab/internal/ui/icons.go:106.28,108.16 2 0
lazylab/internal/ui/icons.go:108.16,110.4 1 0
lazylab/internal/ui/icons.go:111.3,111.38 1 0
lazylab/internal/ui/icons.go:112.29,114.17 2 0
lazylab/internal/ui/icons.go:114.17,116.4 1 0
lazylab/internal/ui/icons.go:117.3,117.39 1 0
lazylab/internal/ui/icons.go:118.10,120.18 2 0
lazylab/internal/ui/icons.go:120.18,122.4 1 0
lazylab/internal/ui/icons.go:123.3,123.41 1 0
lazylab/internal/ui/icons.go:128.52,129.22 1 0
lazylab/internal/ui/icons.go:129.22,131.3 1 0
lazylab/internal/ui/icons.go:132.2,132.57 1 0
lazylab/internal/ui/icons.go:136.44,137.21 1 0
lazylab/internal/ui/icons.go:137.21,139.3 1 0
lazylab/internal/ui/icons.go:140.2,140.52 1 0
lazylab/internal/ui/keys.go:45.25,161.2 1 0
lazylab/internal/ui/keys.go:164.43,166.2 1 0
lazylab/internal/ui/keys.go:169.44,177.2 1 0
lazylab/internal/ui/keys.go:180.37,188.2 2 0
lazylab/internal/ui/keys.go:191.37,199.2 2 0
lazylab/internal/ui/keys.go:202.38,211.2 2 0
lazylab/internal/ui/redacting_logger.go:15.55,17.2 1 1
lazylab/internal/ui/redacting_logger.go:29.36,35.2 4 1
lazylab/internal/ui/redacting_logger.go:38.43,39.18 1 1
lazylab/internal/ui/redacting_logger.go:40.23,41.52 1 1
lazylab/internal/ui/redacting_logger.go:42.22,45.27 3 0
lazylab/internal/ui/redacting_logger.go:45.27,50.4 1 0
lazylab/internal/ui/redacting_logger.go:51.3,51.38 1 0
lazylab/internal/ui/redacting_logger.go:52.10,53.11 1 1
lazylab/internal/ui/redacting_logger.go:57.80,59.2 1 1
lazylab/internal/ui/redacting_logger.go:61.82,67.38 3 1
lazylab/internal/ui/redacting_logger.go:67.38,73.3 2 1
lazylab/internal/ui/redacting_logger.go:76.2,79.41 3 1
lazylab/internal/ui/redacting_logger.go:82.70,85.26 2 0
lazylab/internal/ui/redacting_logger.go:85.26,90.3 1 0
lazylab/internal/ui/redacting_logger.go:91.2,91.66 1 0
lazylab/internal/ui/redacting_logger.go:94.64,96.2 1 0
lazylab/internal/ui/redacting_logger.go:100.35,102.2 1 1
lazylab/internal/ui/ui_project_list.go:35.31,37.2 1 0
lazylab/internal/ui/ui_project_list.go:79.43,81.2 1 0
lazylab/internal/ui/ui_project_list.go:88.39,88.51 1 0
lazylab/internal/ui/ui_project_list.go:90.40,90.52 1 0
lazylab/internal/ui/ui_project_list.go:92.69,92.83 1 0
lazylab/internal/ui/ui_project_list.go:94.87,96.9 2 0
lazylab/internal/ui/ui_project_list.go:96.9,98.3 1 0
lazylab/internal/ui/ui_project_list.go:100.2,102.24 3 0
lazylab/internal/ui/ui_project_list.go:102.24,105.3 2 0
lazylab/internal/ui/ui_project_list.go:108.2,109.73 2 0
lazylab/internal/ui/ui_project_list.go:109.73,111.3 1 0
lazylab/internal/ui/ui_project_list.go:113.2,115.35 3 0
lazylab/internal/ui/ui_project_list.go:124.46,124.64 1 0
lazylab/internal/ui/ui_project_list.go:125.46,125.59 1 0
lazylab/internal/ui/ui_project_list.go:126.46,126.64 1 0
lazylab/internal/ui/ui_project_list.go:131.72,131.84 1 0
lazylab/internal/ui/ui_project_list.go:132.72,132.84 1 0
lazylab/internal/ui/ui_project_list.go:133.72,133.86 1 0
lazylab/internal/ui/ui_project_list.go:134.90,136.9 2 0
lazylab/internal/ui/ui_project_list.go:136.9,138.3 1 0
lazylab/internal/ui/ui_project_list.go:140.2,142.24 3 0
lazylab/internal/ui/ui_project_list.go:142.24,145.3 2 0
lazylab/internal/ui/ui_project_list.go:147.2,148.35 2 0
lazylab/internal/ui/ui_project_list.go:156.38,158.2 1 0
lazylab/internal/ui/ui_project_list.go:160.44,162.35 2 0
lazylab/internal/ui/ui_project_list.go:162.35,164.3 1 0
lazylab/internal/ui/ui_project_list.go:165.2,165.80 1 0
lazylab/internal/ui/ui_project_list.go:168.44,170.2 1 0
lazylab/internal/ui/ui_project_list.go:175.40,175.52 1 0
lazylab/internal/ui/ui_project_list.go:177.41,177.53 1 0
lazylab/internal/ui/ui_project_list.go:179.70,179.84 1 0
lazylab/internal/ui/ui_project_list.go:181.88,183.9 2 0
lazylab/internal/ui/ui_project_list.go:183.9,185.3 1 0
lazylab/internal/ui/ui_project_list.go:187.2,189.24 3 0
lazylab/internal/ui/ui_project_list.go:189.24,192.3 2 0
lazylab/internal/ui/ui_project_list.go:194.2,196.39 3 0
lazylab/internal/ui/ui_project_list.go:196.39,198.3 1 0
lazylab/internal/ui/ui_project_list.go:199.2,200.15 2 0
lazylab/internal/ui/ui_project_list.go:200.15,202.3 1 0
lazylab/internal/ui/ui_project_list.go:204.2,206.57 3 0
lazylab/internal/ui/ui_project_list.go:214.39,214.62 1 0
lazylab/internal/ui/ui_project_list.go:216.45,217.21 1 0
lazylab/internal/ui/ui_project_list.go:217.21,219.3 1 0
lazylab/internal/ui/ui_project_list.go:220.2,220.21 1 0
lazylab/internal/ui/ui_project_list.go:223.45,223.68 1 0
lazylab/internal/ui/ui_project_list.go:228.71,228.83 1 1
lazylab/internal/ui/ui_project_list.go:229.71,229.83 1 1
lazylab/internal/ui/ui_project_list.go:230.71,230.85 1 0
lazylab/internal/ui/ui_project_list.go:232.89,234.9 2 0
lazylab/internal/ui/ui_project_list.go:234.9,236.3 1 0
lazylab/internal/ui/ui_project_list.go:238.2,240.24 3 0
lazylab/internal/ui/ui_project_list.go:240.24,243.3 2 0
lazylab/internal/ui/ui_project_list.go:245.2,247.25 3 0
lazylab/internal/ui/ui_project_list.go:247.25,249.3 1 0
lazylab/internal/ui/ui_project_list.go:251.2,252.35 2 0
lazylab/internal/ui/ui_project_list.go:406.58,407.31 1 0
lazylab/internal/ui/ui_project_list.go:407.31,409.3 1 0
lazylab/internal/ui/ui_project_list.go:410.2,410.26 1 0
lazylab/internal/ui/ui_project_list.go:410.26,412.3 1 0
lazylab/internal/ui/ui_project_list.go:413.2,413.31 1 0
lazylab/internal/ui/ui_project_list.go:413.31,415.3 1 0
lazylab/internal/ui/ui_project_list.go:416.2,474.58 29 0
lazylab/internal/ui/ui_project_list.go:474.58,476.3 1 0
lazylab/internal/ui/ui_project_list.go:476.8,476.31 1 0
lazylab/internal/ui/ui_project_list.go:476.31,478.3 1 0
lazylab/internal/ui/ui_project_list.go:479.2,479.10 1 0
lazylab/internal/ui/ui_project_list.go:483.31,485.20 2 0
lazylab/internal/ui/ui_project_list.go:485.20,487.3 1 0
lazylab/internal/ui/ui_project_list.go:487.8,489.3 1 0
lazylab/internal/ui/ui_project_list.go:490.2,491.27 2 0
lazylab/internal/ui/ui_project_list.go:495.57,500.27 3 0
lazylab/internal/ui/ui_project_list.go:501.25,507.23 6 0
lazylab/internal/ui/ui_project_list.go:508.18,510.36 1 0
lazylab/internal/ui/ui_project_list.go:510.36,513.4 2 0
lazylab/internal/ui/ui_project_list.go:514.3,514.55 1 0
lazylab/internal/ui/ui_project_list.go:514.55,517.4 2 0
lazylab/internal/ui/ui_project_list.go:518.3,518.17 1 0
lazylab/internal/ui/ui_project_list.go:518.17,520.4 1 0
lazylab/internal/ui/ui_project_list.go:522.3,522.42 1 0
lazylab/internal/ui/ui_project_list.go:522.42,526.4 3 0
lazylab/internal/ui/ui_project_list.go:527.3,527.17 1 0
lazylab/internal/ui/ui_project_list.go:528.21,530.47 2 0
lazylab/internal/ui/ui_project_list.go:531.27,533.47 2 0
lazylab/internal/ui/ui_project_list.go:534.22,536.47 2 0
lazylab/internal/ui/ui_project_list.go:537.11,539.47 2 0
lazylab/internal/ui/ui_project_list.go:541.25,542.37 1 0
lazylab/internal/ui/ui_project_list.go:543.22,544.34 1 0
lazylab/internal/ui/ui_project_list.go:545.21,546.45 1 0
lazylab/internal/ui/ui_project_list.go:546.45,548.4 1 0
lazylab/internal/ui/ui_project_list.go:549.3,549.16 1 0
lazylab/internal/ui/ui_project_list.go:550.21,551.33 1 0
lazylab/internal/ui/ui_project_list.go:552.21,553.33 1 0
lazylab/internal/ui/ui_project_list.go:554.25,555.37 1 0
lazylab/internal/ui/ui_project_list.go:556.26,557.38 1 0
lazylab/internal/ui/ui_project_list.go:558.31,559.43 1 0
lazylab/internal/ui/ui_project_list.go:560.29,561.41 1 0
lazylab/internal/ui/ui_project_list.go:562.28,563.40 1 0
lazylab/internal/ui/ui_project_list.go:564.26,565.38 1 0
lazylab/internal/ui/ui_project_list.go:566.29,567.41 1 0
lazylab/internal/ui/ui_project_list.go:568.23,570.17 2 0
lazylab/internal/ui/ui_project_list.go:570.17,572.4 1 0
lazylab/internal/ui/ui_project_list.go:573.3,573.46 1 0
lazylab/internal/ui/ui_project_list.go:574.31,575.46 1 0
lazylab/internal/ui/ui_project_list.go:577.2,577.15 1 0
lazylab/internal/ui/ui_project_list_commands.go:103.140,104.24 1 0
lazylab/internal/ui/ui_project_list_commands.go:104.24,109.3 4 0
lazylab/internal/ui/ui_project_list_commands.go:112.48,113.24 1 0
lazylab/internal/ui/ui_project_list_commands.go:113.24,115.17 2 0
lazylab/internal/ui/ui_project_list_commands.go:115.17,116.40 1 0
lazylab/internal/ui/ui_project_list_commands.go:116.40,118.5 1 0
lazylab/internal/ui/ui_project_list_commands.go:119.4,119.35 1 0
lazylab/internal/ui/ui_project_list_commands.go:121.3,121.57 1 0
lazylab/internal/ui/ui_project_list_commands.go:125.79,126.24 1 0
lazylab/internal/ui/ui_project_list_commands.go:126.24,127.46 1 0
lazylab/internal/ui/ui_project_list_commands.go:127.46,129.4 1 0
lazylab/internal/ui/ui_project_list_commands.go:130.3,130.25 1 0
lazylab/internal/ui/ui_project_list_commands.go:134.133,135.24 1 1
lazylab/internal/ui/ui_project_list_commands.go:135.24,140.3 4 0
lazylab/internal/ui/ui_project_list_commands.go:143.137,144.24 1 1
lazylab/internal/ui/ui_project_list_commands.go:144.24,148.17 4 0
lazylab/internal/ui/ui_project_list_commands.go:148.17,150.4 1 0
lazylab/internal/ui/ui_project_list_commands.go:151.3,151.79 1 0
lazylab/internal/ui/ui_project_list_commands.go:155.131,156.24 1 0
lazylab/internal/ui/ui_project_list_commands.go:156.24,160.32 4 0
lazylab/internal/ui/ui_project_list_commands.go:160.32,162.4 1 0
lazylab/internal/ui/ui_project_list_commands.go:163.3,164.88 2 0
lazylab/internal/ui/ui_project_list_commands.go:168.135,169.24 1 0
lazylab/internal/ui/ui_project_list_commands.go:169.24,173.17 4 0
lazylab/internal/ui/ui_project_list_commands.go:173.17,175.4 1 0
lazylab/internal/ui/ui_project_list_commands.go:176.3,183.4 1 0
lazylab/internal/ui/ui_project_list_commands.go:187.137,188.24 1 0
lazylab/internal/ui/ui_project_list_commands.go:188.24,193.3 4 0
lazylab/internal/ui/ui_project_list_commands.go:196.135,197.24 1 0
lazylab/internal/ui/ui_project_list_commands.go:197.24,202.3 4 0
lazylab/internal/ui/ui_project_list_commands.go:205.129,206.24 1 0
lazylab/internal/ui/ui_project_list_commands.go:206.24,210.17 4 0
lazylab/internal/ui/ui_project_list_commands.go:210.17,212.4 1 0
lazylab/internal/ui/ui_project_list_commands.go:213.3,213.84 1 0
lazylab/internal/ui/ui_project_list_commands.go:217.143,218.24 1 1
lazylab/internal/ui/ui_project_list_commands.go:218.24,223.3 4 0
lazylab/internal/ui/ui_project_list_commands.go:226.133,227.24 1 0
lazylab/internal/ui/ui_project_list_commands.go:227.24,232.3 4 0
lazylab/internal/ui/ui_project_list_commands.go:235.32,236.67 1 0
lazylab/internal/ui/ui_project_list_commands.go:236.67,238.3 1 0
lazylab/internal/ui/ui_project_list_commands.go:241.95,242.24 1 0
lazylab/internal/ui/ui_project_list_commands.go:242.24,245.3 2 0
lazylab/internal/ui/ui_project_list_helpers.go:56.41,57.31 1 1
lazylab/internal/ui/ui_project_list_helpers.go:57.31,59.3 1 1
lazylab/internal/ui/ui_project_list_helpers.go:60.2,60.14 1 1
lazylab/internal/ui/ui_project_list_helpers.go:60.14,62.3 1 1
lazylab/internal/ui/ui_project_list_helpers.go:63.2,63.26 1 1
lazylab/internal/ui/ui_project_list_helpers.go:66.79,67.40 1 0
lazylab/internal/ui/ui_project_list_helpers.go:67.40,68.38 1 0
lazylab/internal/ui/ui_project_list_helpers.go:68.38,69.64 1 0
lazylab/internal/ui/ui_project_list_helpers.go:69.64,71.5 1 0
lazylab/internal/ui/ui_project_list_helpers.go:72.4,72.31 1 0
lazylab/internal/ui/ui_project_list_helpers.go:74.3,74.19 1 0
lazylab/internal/ui/ui_project_list_helpers.go:76.2,76.52 1 0
lazylab/internal/ui/ui_project_list_helpers.go:76.52,78.3 1 0
lazylab/internal/ui/ui_project_list_helpers.go:79.2,79.19 1 0
lazylab/internal/ui/ui_project_list_helpers.go:82.56,83.33 1 0
lazylab/internal/ui/ui_project_list_helpers.go:84.17,85.25 1 0
lazylab/internal/ui/ui_project_list_helpers.go:86.16,87.24 1 0
lazylab/internal/ui/ui_project_list_helpers.go:88.17,89.25 1 0
lazylab/internal/ui/ui_project_list_helpers.go:90.65,91.25 1 0
lazylab/internal/ui/ui_project_list_helpers.go:92.31,93.26 1 0
lazylab/internal/ui/ui_project_list_helpers.go:94.17,95.25 1 0
lazylab/internal/ui/ui_project_list_helpers.go:96.10,97.25 1 0
lazylab/internal/ui/ui_project_list_helpers.go:101.48,103.17 2 0
lazylab/internal/ui/ui_project_list_helpers.go:103.17,105.3 1 0
lazylab/internal/ui/ui_project_list_helpers.go:106.2,106.14 1 0
lazylab/internal/ui/ui_project_list_helpers.go:109.48,111.2 1 0
lazylab/internal/ui/ui_project_list_helpers.go:113.73,115.20 2 0
lazylab/internal/ui/ui_project_list_helpers.go:115.20,117.14 2 0
lazylab/internal/ui/ui_project_list_helpers.go:117.14,119.4 1 0
lazylab/internal/ui/ui_project_list_helpers.go:121.2,121.71 1 0
lazylab/internal/ui/ui_project_list_helpers.go:124.74,125.25 1 0
lazylab/internal/ui/ui_project_list_helpers.go:125.25,127.3 1 0
lazylab/internal/ui/ui_project_list_helpers.go:128.2,128.14 1 0
lazylab/internal/ui/ui_project_list_helpers.go:128.14,130.3 1 0
lazylab/internal/ui/ui_project_list_helpers.go:131.2,131.39 1 0
lazylab/internal/ui/ui_project_list_helpers.go:134.85,136.22 2 1
lazylab/internal/ui/ui_project_list_helpers.go:136.22,138.25 2 1
lazylab/internal/ui/ui_project_list_helpers.go:138.25,139.12 1 0
lazylab/internal/ui/ui_project_list_helpers.go:141.3,141.46 1 1
lazylab/internal/ui/ui_project_list_helpers.go:141.46,143.4 1 1
lazylab/internal/ui/ui_project_list_helpers.go:145.2,145.17 1 1
lazylab/internal/ui/ui_project_list_helpers.go:148.70,149.20 1 0
lazylab/internal/ui/ui_project_list_helpers.go:149.20,151.3 1 0
lazylab/internal/ui/ui_project_list_helpers.go:152.2,154.27 3 0
lazylab/internal/ui/ui_project_list_helpers.go:154.27,155.25 1 0
lazylab/internal/ui/ui_project_list_helpers.go:155.25,156.12 1 0
lazylab/internal/ui/ui_project_list_helpers.go:158.3,160.19 3 0
lazylab/internal/ui/ui_project_list_helpers.go:160.19,162.4 1 0
lazylab/internal/ui/ui_project_list_helpers.go:163.3,163.19 1 0
lazylab/internal/ui/ui_project_list_helpers.go:165.2,165.16 1 0
lazylab/internal/ui/ui_project_list_helpers.go:165.16,167.3 1 0
lazylab/internal/ui/ui_project_list_helpers.go:168.2,169.121 2 0
lazylab/internal/ui/ui_project_list_helpers.go:169.121,170.41 1 0
lazylab/internal/ui/ui_project_list_helpers.go:170.41,172.4 1 0
lazylab/internal/ui/ui_project_list_helpers.go:173.3,173.22 1 0
lazylab/internal/ui/ui_project_list_helpers.go:173.22,174.9 1 0
lazylab/internal/ui/ui_project_list_helpers.go:177.2,177.21 1 0
lazylab/internal/ui/ui_project_list_helpers.go:177.21,179.3 1 0
lazylab/internal/ui/ui_project_list_helpers.go:180.2,180.72 1 0
lazylab/internal/ui/ui_project_list_helpers.go:183.54,184.34 1 1
lazylab/internal/ui/ui_project_list_helpers.go:184.34,186.3 1 1
lazylab/internal/ui/ui_project_list_helpers.go:187.2,188.21 2 0
lazylab/internal/ui/ui_project_list_helpers.go:188.21,190.3 1 0
lazylab/internal/ui/ui_project_list_helpers.go:191.2,192.22 2 0
lazylab/internal/ui/ui_project_list_helpers.go:192.22,193.44 1 0
lazylab/internal/ui/ui_project_list_helpers.go:193.44,195.4 1 0
lazylab/internal/ui/ui_project_list_helpers.go:197.2,197.12 1 0
lazylab/internal/ui/ui_project_list_helpers.go:200.43,201.16 1 1
lazylab/internal/ui/ui_project_list_helpers.go:201.16,203.3 1 0
lazylab/internal/ui/ui_project_list_helpers.go:204.2,205.21 2 1
lazylab/internal/ui/ui_project_list_helpers.go:205.21,207.3 1 0
lazylab/internal/ui/ui_project_list_helpers.go:208.2,210.33 3 1
lazylab/internal/ui/ui_project_list_helpers.go:210.33,211.36 1 1
lazylab/internal/ui/ui_project_list_helpers.go:211.36,214.4 2 1
lazylab/internal/ui/ui_project_list_helpers.go:214.9,216.4 1 1
lazylab/internal/ui/ui_project_list_helpers.go:218.2,219.34 2 1
lazylab/internal/ui/ui_project_list_helpers.go:222.85,223.19 1 1
lazylab/internal/ui/ui_project_list_helpers.go:223.19,225.3 1 0
lazylab/internal/ui/ui_project_list_helpers.go:226.2,226.16 1 1
lazylab/internal/ui/ui_project_list_helpers.go:226.16,228.3 1 0
lazylab/internal/ui/ui_project_list_helpers.go:229.2,229.76 1 1
lazylab/internal/ui/ui_project_list_helpers.go:229.76,231.3 1 1
lazylab/internal/ui/ui_project_list_helpers.go:232.2,232.80 1 0
lazylab/internal/ui/ui_project_list_helpers.go:232.80,234.3 1 0
lazylab/internal/ui/ui_project_list_helpers.go:235.2,235.28 1 0
lazylab/internal/ui/ui_project_list_helpers.go:238.72,240.16 2 1
lazylab/internal/ui/ui_project_list_helpers.go:240.16,242.17 2 0
lazylab/internal/ui/ui_project_list_helpers.go:242.17,244.4 1 0
lazylab/internal/ui/ui_project_list_helpers.go:246.2,254.16 2 1
lazylab/internal/ui/ui_project_list_helpers.go:254.16,256.3 1 1
lazylab/internal/ui/ui_project_list_helpers.go:257.2,262.34 6 1
lazylab/internal/ui/ui_project_list_helpers.go:262.34,264.3 1 0
lazylab/internal/ui/ui_project_list_helpers.go:265.2,265.52 1 1
lazylab/internal/ui/ui_project_list_helpers.go:268.76,271.39 3 0
lazylab/internal/ui/ui_project_list_helpers.go:271.39,273.3 1 0
lazylab/internal/ui/ui_project_list_helpers.go:274.2,275.16 2 0
lazylab/internal/ui/ui_project_list_helpers.go:275.16,277.3 1 0
lazylab/internal/ui/ui_project_list_helpers.go:278.2,283.16 3 0
lazylab/internal/ui/ui_project_list_helpers.go:283.16,285.3 1 0
lazylab/internal/ui/ui_project_list_helpers.go:286.2,287.16 2 0
lazylab/internal/ui/ui_project_list_helpers.go:287.16,289.3 1 0
lazylab/internal/ui/ui_project_list_helpers.go:290.2,290.43 1 0
lazylab/internal/ui/ui_project_list_helpers.go:293.43,295.14 2 0
lazylab/internal/ui/ui_project_list_helpers.go:296.20,297.22 1 0
lazylab/internal/ui/ui_project_list_helpers.go:298.18,299.20 1 0
lazylab/internal/ui/ui_project_list_helpers.go:301.2,302.12 2 0
lazylab/internal/ui/ui_project_list_helpers.go:305.55,306.16 1 1
lazylab/internal/ui/ui_project_list_helpers.go:306.16,308.3 1 1
lazylab/internal/ui/ui_project_list_helpers.go:309.2,309.16 1 1
lazylab/internal/ui/ui_project_list_helpers.go:309.16,311.3 1 0
lazylab/internal/ui/ui_project_list_helpers.go:312.2,315.25 4 1
lazylab/internal/ui/ui_project_list_helpers.go:315.25,317.45 2 1
lazylab/internal/ui/ui_project_list_helpers.go:317.45,321.4 3 0
lazylab/internal/ui/ui_project_list_helpers.go:322.3,322.17 1 1
lazylab/internal/ui/ui_project_list_helpers.go:322.17,324.12 2 0
lazylab/internal/ui/ui_project_list_helpers.go:326.3,328.28 3 1
lazylab/internal/ui/ui_project_list_helpers.go:328.28,332.4 3 1
lazylab/internal/ui/ui_project_list_helpers.go:334.2,334.17 1 1
lazylab/internal/ui/ui_project_list_helpers.go:334.17,336.3 1 1
lazylab/internal/ui/ui_project_list_helpers.go:337.2,337.24 1 1
lazylab/internal/ui/ui_project_list_helpers.go:337.24,339.3 1 0
lazylab/internal/ui/ui_project_list_helpers.go:340.2,340.17 1 1
lazylab/internal/ui/ui_project_list_helpers.go:343.46,346.28 3 1
lazylab/internal/ui/ui_project_list_helpers.go:346.28,348.3 1 1
lazylab/internal/ui/ui_project_list_helpers.go:349.2,350.33 2 1
lazylab/internal/ui/ui_project_list_helpers.go:350.33,352.31 2 1
lazylab/internal/ui/ui_project_list_helpers.go:352.31,353.30 1 1
lazylab/internal/ui/ui_project_list_helpers.go:353.30,356.10 3 1
lazylab/internal/ui/ui_project_list_helpers.go:358.4,358.10 1 1
lazylab/internal/ui/ui_project_list_helpers.go:360.3,360.13 1 1
lazylab/internal/ui/ui_project_list_helpers.go:360.13,362.4 1 1
lazylab/internal/ui/ui_project_list_helpers.go:364.2,364.13 1 1
lazylab/internal/ui/ui_project_list_helpers.go:367.35,369.17 2 0
lazylab/internal/ui/ui_project_list_helpers.go:369.17,371.3 1 0
lazylab/internal/ui/ui_project_list_helpers.go:372.2,373.14 2 0
lazylab/internal/ui/ui_project_list_helpers.go:373.14,375.3 1 0
lazylab/internal/ui/ui_project_list_helpers.go:376.2,376.13 1 0
lazylab/internal/ui/ui_project_list_helpers.go:379.68,380.16 1 0
lazylab/internal/ui/ui_project_list_helpers.go:380.16,382.3 1 0
lazylab/internal/ui/ui_project_list_helpers.go:383.2,383.63 1 0
lazylab/internal/ui/ui_project_list_helpers.go:386.79,388.29 2 0
lazylab/internal/ui/ui_project_list_helpers.go:388.29,389.36 1 0
lazylab/internal/ui/ui_project_list_helpers.go:389.36,391.4 1 0
lazylab/internal/ui/ui_project_list_helpers.go:393.2,393.24 1 0
lazylab/internal/ui/ui_project_list_helpers.go:393.24,395.3 1 0
lazylab/internal/ui/ui_project_list_helpers.go:396.2,396.17 1 0
lazylab/internal/ui/ui_project_list_helpers.go:396.17,399.20 3 0
lazylab/internal/ui/ui_project_list_helpers.go:399.20,401.4 1 0
lazylab/internal/ui/ui_project_list_helpers.go:402.3,402.35 1 0
lazylab/internal/ui/ui_project_list_helpers.go:404.2,404.29 1 0
lazylab/internal/ui/ui_project_list_helpers.go:404.29,406.3 1 0
lazylab/internal/ui/ui_project_list_helpers.go:407.2,409.19 3 0
lazylab/internal/ui/ui_project_list_helpers.go:409.19,411.3 1 0
lazylab/internal/ui/ui_project_list_helpers.go:412.2,413.28 2 0
lazylab/internal/ui/ui_project_list_helpers.go:413.28,415.3 1 0
lazylab/internal/ui/ui_project_list_helpers.go:416.2,416.29 1 0
lazylab/internal/ui/ui_project_list_helpers.go:416.29,418.3 1 0
lazylab/internal/ui/ui_project_list_helpers.go:419.2,420.34 2 0
lazylab/internal/ui/ui_project_list_helpers.go:423.42,424.18 1 1
lazylab/internal/ui/ui_project_list_helpers.go:424.18,426.3 1 0
lazylab/internal/ui/ui_project_list_helpers.go:427.2,427.15 1 1
lazylab/internal/ui/ui_project_list_helpers.go:430.36,431.16 1 1
lazylab/internal/ui/ui_project_list_helpers.go:431.16,433.3 1 1
lazylab/internal/ui/ui_project_list_helpers.go:434.2,436.15 3 1
lazylab/internal/ui/ui_project_list_helpers.go:436.15,438.3 1 1
lazylab/internal/ui/ui_project_list_helpers.go:439.2,439.19 1 1
lazylab/internal/ui/ui_project_list_helpers.go:442.47,443.34 1 1
lazylab/internal/ui/ui_project_list_helpers.go:443.34,444.39 1 1
lazylab/internal/ui/ui_project_list_helpers.go:444.39,446.4 1 1
lazylab/internal/ui/ui_project_list_helpers.go:448.2,448.11 1 0
lazylab/internal/ui/ui_project_list_helpers.go:451.66,452.15 1 1
lazylab/internal/ui/ui_project_list_helpers.go:452.15,454.3 1 0
lazylab/internal/ui/ui_project_list_helpers.go:455.2,456.21 2 1
lazylab/internal/ui/ui_project_list_helpers.go:456.21,458.3 1 0
lazylab/internal/ui/ui_project_list_helpers.go:459.2,460.30 2 1
lazylab/internal/ui/ui_project_list_helpers.go:460.30,462.21 2 1
lazylab/internal/ui/ui_project_list_helpers.go:462.21,464.4 1 1
lazylab/internal/ui/ui_project_list_helpers.go:465.3,465.35 1 1
lazylab/internal/ui/ui_project_list_helpers.go:467.2,467.15 1 1
lazylab/internal/ui/ui_project_list_helpers.go:470.45,471.16 1 1
lazylab/internal/ui/ui_project_list_helpers.go:471.16,473.3 1 0
lazylab/internal/ui/ui_project_list_helpers.go:474.2,474.34 1 1
lazylab/internal/ui/ui_project_list_helpers.go:474.34,476.26 2 1
lazylab/internal/ui/ui_project_list_helpers.go:476.26,477.52 1 1
lazylab/internal/ui/ui_project_list_helpers.go:477.52,478.10 1 1
lazylab/internal/ui/ui_project_list_helpers.go:480.4,480.18 1 1
lazylab/internal/ui/ui_project_list_helpers.go:482.3,482.20 1 1
lazylab/internal/ui/ui_project_list_helpers.go:484.2,485.13 2 1
lazylab/internal/ui/ui_project_list_helpers.go:485.13,487.3 1 1
lazylab/internal/ui/ui_project_list_helpers.go:488.2,488.13 1 1
lazylab/internal/ui/ui_project_list_helpers.go:491.47,492.16 1 1
lazylab/internal/ui/ui_project_list_helpers.go:492.16,494.3 1 1
lazylab/internal/ui/ui_project_list_helpers.go:495.2,495.35 1 1
lazylab/internal/ui/ui_project_list_helpers.go:495.35,497.3 1 1
lazylab/internal/ui/ui_project_list_helpers.go:498.2,498.16 1 1
lazylab/internal/ui/ui_project_list_helpers.go:498.16,500.3 1 1
lazylab/internal/ui/ui_project_list_helpers.go:501.2,503.25 3 1
lazylab/internal/ui/ui_project_list_helpers.go:503.25,505.32 2 1
lazylab/internal/ui/ui_project_list_helpers.go:505.32,506.9 1 1
lazylab/internal/ui/ui_project_list_helpers.go:508.3,509.21 2 1
lazylab/internal/ui/ui_project_list_helpers.go:511.2,511.27 1 1
lazylab/internal/ui/ui_project_list_helpers.go:514.48,516.29 2 0
lazylab/internal/ui/ui_project_list_helpers.go:516.29,518.3 1 0
lazylab/internal/ui/ui_project_list_helpers.go:519.2,519.34 1 0
lazylab/internal/ui/ui_project_list_helpers.go:522.51,523.16 1 1
lazylab/internal/ui/ui_project_list_helpers.go:523.16,525.3 1 1
lazylab/internal/ui/ui_project_list_helpers.go:526.2,526.37 1 1
lazylab/internal/ui/ui_project_list_helpers.go:526.37,528.3 1 1
lazylab/internal/ui/ui_project_list_helpers.go:529.2,529.16 1 1
lazylab/internal/ui/ui_project_list_helpers.go:529.16,531.3 1 0
lazylab/internal/ui/ui_project_list_helpers.go:532.2,532.42 1 1
lazylab/internal/ui/ui_project_list_helpers.go:535.62,539.25 4 0
lazylab/internal/ui/ui_project_list_helpers.go:539.25,541.3 1 0
lazylab/internal/ui/ui_project_list_helpers.go:542.2,542.16 1 0
lazylab/internal/ui/ui_project_list_helpers.go:542.16,543.34 1 0
lazylab/internal/ui/ui_project_list_helpers.go:543.34,545.4 1 0
lazylab/internal/ui/ui_project_list_helpers.go:546.3,546.17 1 0
lazylab/internal/ui/ui_project_list_helpers.go:546.17,548.4 1 0
lazylab/internal/ui/ui_project_list_helpers.go:550.2,550.33 1 0
lazylab/internal/ui/ui_project_list_helpers.go:550.33,552.3 1 0
lazylab/internal/ui/ui_project_list_helpers.go:553.2,554.28 2 0
lazylab/internal/ui/ui_project_list_helpers.go:554.28,556.3 1 0
lazylab/internal/ui/ui_project_list_helpers.go:557.2,558.36 2 0
lazylab/internal/ui/ui_project_list_helpers.go:558.36,560.3 1 0
lazylab/internal/ui/ui_project_list_helpers.go:561.2,561.23 1 0
lazylab/internal/ui/ui_project_list_helpers.go:561.23,563.3 1 0
lazylab/internal/ui/ui_project_list_helpers.go:564.2,568.61 5 0
lazylab/internal/ui/ui_project_list_helpers.go:568.61,571.15 3 0
lazylab/internal/ui/ui_project_list_helpers.go:571.15,572.12 1 0
lazylab/internal/ui/ui_project_list_helpers.go:574.3,577.59 4 0
lazylab/internal/ui/ui_project_list_helpers.go:579.2,579.38 1 0
lazylab/internal/ui/ui_project_list_helpers.go:582.49,583.16 1 0
lazylab/internal/ui/ui_project_list_helpers.go:583.16,585.3 1 0
lazylab/internal/ui/ui_project_list_helpers.go:586.2,586.36 1 0
lazylab/internal/ui/ui_project_list_helpers.go:586.36,588.3 1 0
lazylab/internal/ui/ui_project_list_helpers.go:589.2,590.13 2 0
lazylab/internal/ui/ui_project_list_helpers.go:590.13,592.3 1 0
lazylab/internal/ui/ui_project_list_helpers.go:593.2,593.13 1 0
lazylab/internal/ui/ui_project_list_helpers.go:596.41,597.16 1 1
lazylab/internal/ui/ui_project_list_helpers.go:597.16,599.3 1 1
lazylab/internal/ui/ui_project_list_helpers.go:600.2,603.22 4 1
lazylab/internal/ui/ui_project_list_helpers.go:603.22,606.3 2 0
lazylab/internal/ui/ui_project_list_helpers.go:607.2,608.22 2 1
lazylab/internal/ui/ui_project_list_helpers.go:608.22,610.3 1 0
lazylab/internal/ui/ui_project_list_helpers.go:611.2,611.21 1 1
lazylab/internal/ui/ui_project_list_helpers.go:614.43,615.17 1 0
lazylab/internal/ui/ui_project_list_helpers.go:615.17,617.3 1 0
lazylab/internal/ui/ui_project_list_helpers.go:618.2,618.19 1 0
lazylab/internal/ui/ui_project_list_helpers.go:621.45,622.16 1 0
lazylab/internal/ui/ui_project_list_helpers.go:622.16,624.3 1 0
lazylab/internal/ui/ui_project_list_helpers.go:625.2,628.23 4 0
lazylab/internal/ui/ui_project_list_helpers.go:628.23,631.3 2 0
lazylab/internal/ui/ui_project_list_helpers.go:632.2,633.22 2 0
lazylab/internal/ui/ui_project_list_helpers.go:633.22,635.3 1 0
lazylab/internal/ui/ui_project_list_helpers.go:636.2,636.21 1 0
lazylab/internal/ui/ui_project_list_helpers.go:639.47,640.17 1 0
lazylab/internal/ui/ui_project_list_helpers.go:640.17,642.3 1 0
lazylab/internal/ui/ui_project_list_helpers.go:643.2,643.19 1 0
lazylab/internal/ui/ui_project_list_helpers.go:646.57,647.19 1 0
lazylab/internal/ui/ui_project_list_helpers.go:647.19,649.3 1 0
lazylab/internal/ui/ui_project_list_helpers.go:650.2,652.38 3 0
lazylab/internal/ui/ui_project_list_helpers.go:652.38,654.3 1 0
lazylab/internal/ui/ui_project_list_helpers.go:655.2,655.50 1 0
lazylab/internal/ui/ui_project_list_helpers.go:658.72,659.27 1 0
lazylab/internal/ui/ui_project_list_helpers.go:659.27,661.3 1 0
lazylab/internal/ui/ui_project_list_helpers.go:662.2,664.37 3 0
lazylab/internal/ui/ui_project_list_helpers.go:667.68,668.27 1 0
lazylab/internal/ui/ui_project_list_helpers.go:668.27,670.3 1 0
lazylab/internal/ui/ui_project_list_helpers.go:671.2,672.25 2 0
lazylab/internal/ui/ui_project_list_helpers.go:672.25,674.3 1 0
lazylab/internal/ui/ui_project_list_helpers.go:675.2,676.29 2 0
lazylab/internal/ui/ui_project_list_helpers.go:676.29,679.3 2 0
lazylab/internal/ui/ui_project_list_helpers.go:680.2,680.16 1 0
lazylab/internal/ui/ui_project_list_helpers.go:684.43,685.28 1 0
lazylab/internal/ui/ui_project_list_helpers.go:685.28,687.3 1 0
lazylab/internal/ui/ui_project_list_helpers.go:688.2,689.66 2 0
lazylab/internal/ui/ui_project_list_helpers.go:689.66,691.3 1 0
lazylab/internal/ui/ui_project_list_helpers.go:692.2,693.37 2 0
lazylab/internal/ui/ui_project_list_helpers.go:693.37,695.3 1 0
lazylab/internal/ui/ui_project_list_helpers.go:696.2,697.40 2 0
lazylab/internal/ui/ui_project_list_helpers.go:697.40,700.3 2 0
lazylab/internal/ui/ui_project_list_helpers.go:701.2,701.19 1 0
lazylab/internal/ui/ui_project_list_helpers.go:701.19,706.3 4 0
lazylab/internal/ui/ui_project_list_key_handlers.go:13.70,16.21 3 0
lazylab/internal/ui/ui_project_list_key_handlers.go:16.21,18.19 2 0
lazylab/internal/ui/ui_project_list_key_handlers.go:19.19,26.31 7 0
lazylab/internal/ui/ui_project_list_key_handlers.go:27.21,33.25 6 0
lazylab/internal/ui/ui_project_list_key_handlers.go:34.21,35.22 1 0
lazylab/internal/ui/ui_project_list_key_handlers.go:36.11,40.25 4 0
lazylab/internal/ui/ui_project_list_key_handlers.go:42.3,43.43 2 0
lazylab/internal/ui/ui_project_list_key_handlers.go:43.43,44.84 1 0
lazylab/internal/ui/ui_project_list_key_handlers.go:44.84,45.19 1 0
lazylab/internal/ui/ui_project_list_key_handlers.go:45.19,47.6 1 0
lazylab/internal/ui/ui_project_list_key_handlers.go:48.5,48.26 1 0
lazylab/internal/ui/ui_project_list_key_handlers.go:51.3,51.16 1 0
lazylab/internal/ui/ui_project_list_key_handlers.go:54.2,54.13 1 0
lazylab/internal/ui/ui_project_list_key_handlers.go:55.21,56.21 1 0
lazylab/internal/ui/ui_project_list_key_handlers.go:57.11,62.28 5 0
lazylab/internal/ui/ui_project_list_key_handlers.go:63.15,64.45 1 0
lazylab/internal/ui/ui_project_list_key_handlers.go:64.45,66.4 1 0
lazylab/internal/ui/ui_project_list_key_handlers.go:67.19,68.46 1 0
lazylab/internal/ui/ui_project_list_key_handlers.go:68.46,70.4 1 0
lazylab/internal/ui/ui_project_list_key_handlers.go:71.17,72.21 1 0
lazylab/internal/ui/ui_project_list_key_handlers.go:72.21,74.4 1 0
lazylab/internal/ui/ui_project_list_key_handlers.go:75.16,77.23 2 0
lazylab/internal/ui/ui_project_list_key_handlers.go:77.23,80.4 2 0
lazylab/internal/ui/ui_project_list_key_handlers.go:81.16,83.23 2 0
lazylab/internal/ui/ui_project_list_key_handlers.go:83.23,86.4 2 0
lazylab/internal/ui/ui_project_list_key_handlers.go:87.11,88.35 1 0
lazylab/internal/ui/ui_project_list_key_handlers.go:88.35,90.4 1 0
lazylab/internal/ui/ui_project_list_key_handlers.go:91.11,93.23 2 0
lazylab/internal/ui/ui_project_list_key_handlers.go:93.23,95.4 1 0
lazylab/internal/ui/ui_project_list_key_handlers.go:96.20,97.16 1 0
lazylab/internal/ui/ui_project_list_key_handlers.go:98.19,99.17 1 0
lazylab/internal/ui/ui_project_list_key_handlers.go:100.21,107.99 7 0
lazylab/internal/ui/ui_project_list_key_handlers.go:108.16,109.23 1 0
lazylab/internal/ui/ui_project_list_key_handlers.go:111.2,112.42 2 0
lazylab/internal/ui/ui_project_list_key_handlers.go:112.42,115.10 2 0
lazylab/internal/ui/ui_project_list_key_handlers.go:115.10,117.4 1 0
lazylab/internal/ui/ui_project_list_key_handlers.go:118.3,121.80 4 0
lazylab/internal/ui/ui_project_list_key_handlers.go:123.2,123.15 1 0
lazylab/internal/ui/ui_project_list_key_handlers.go:126.76,128.13 2 0
lazylab/internal/ui/ui_project_list_key_handlers.go:129.21,130.21 1 0
lazylab/internal/ui/ui_project_list_key_handlers.go:131.39,133.16 2 0
lazylab/internal/ui/ui_project_list_key_handlers.go:134.19,135.58 1 0
lazylab/internal/ui/ui_project_list_key_handlers.go:135.58,138.4 2 0
lazylab/internal/ui/ui_project_list_key_handlers.go:139.17,140.32 1 0
lazylab/internal/ui/ui_project_list_key_handlers.go:140.32,143.4 2 0
lazylab/internal/ui/ui_project_list_key_handlers.go:144.15,147.22 2 0
lazylab/internal/ui/ui_project_list_key_handlers.go:147.22,149.4 1 0
lazylab/internal/ui/ui_project_list_key_handlers.go:150.3,150.22 1 0
lazylab/internal/ui/ui_project_list_key_handlers.go:151.10,152.51 1 0
lazylab/internal/ui/ui_project_list_key_handlers.go:153.10,154.47 1 0
lazylab/internal/ui/ui_project_list_key_handlers.go:157.2,157.15 1 0
lazylab/internal/ui/ui_project_list_key_handlers.go:160.71,163.16 3 0
lazylab/internal/ui/ui_project_list_key_handlers.go:163.16,166.3 2 0
lazylab/internal/ui/ui_project_list_key_handlers.go:167.2,167.13 1 0
lazylab/internal/ui/ui_project_list_key_handlers.go:168.21,169.21 1 0
lazylab/internal/ui/ui_project_list_key_handlers.go:170.13,172.16 2 0
lazylab/internal/ui/ui_project_list_key_handlers.go:173.11,175.16 2 0
lazylab/internal/ui/ui_project_list_key_handlers.go:176.11,178.16 2 0
lazylab/internal/ui/ui_project_list_key_handlers.go:179.16,181.40 2 0
lazylab/internal/ui/ui_project_list_key_handlers.go:181.40,185.4 3 0
lazylab/internal/ui/ui_project_list_key_handlers.go:186.3,186.16 1 0
lazylab/internal/ui/ui_project_list_key_handlers.go:187.16,189.23 2 0
lazylab/internal/ui/ui_project_list_key_handlers.go:189.23,193.4 3 0
lazylab/internal/ui/ui_project_list_key_handlers.go:194.3,194.16 1 0
lazylab/internal/ui/ui_project_list_key_handlers.go:195.11,197.23 2 0
lazylab/internal/ui/ui_project_list_key_handlers.go:197.23,200.4 2 0
lazylab/internal/ui/ui_project_list_key_handlers.go:201.3,201.16 1 0
lazylab/internal/ui/ui_project_list_key_handlers.go:202.11,204.40 2 0
lazylab/internal/ui/ui_project_list_key_handlers.go:204.40,207.4 2 0
lazylab/internal/ui/ui_project_list_key_handlers.go:208.3,208.16 1 0
lazylab/internal/ui/ui_project_list_key_handlers.go:209.19,210.40 1 0
lazylab/internal/ui/ui_project_list_key_handlers.go:210.40,213.4 2 0
lazylab/internal/ui/ui_project_list_key_handlers.go:214.17,215.23 1 0
lazylab/internal/ui/ui_project_list_key_handlers.go:215.23,218.4 2 0
lazylab/internal/ui/ui_project_list_key_handlers.go:219.29,221.36 2 0
lazylab/internal/ui/ui_project_list_key_handlers.go:221.36,223.4 1 0
lazylab/internal/ui/ui_project_list_key_handlers.go:224.32,225.32 1 0
lazylab/internal/ui/ui_project_list_key_handlers.go:226.21,227.32 1 0
lazylab/internal/ui/ui_project_list_key_handlers.go:229.2,229.15 1 0
lazylab/internal/ui/ui_project_list_key_handlers.go:232.75,233.33 1 1
lazylab/internal/ui/ui_project_list_key_handlers.go:233.33,235.3 1 0
lazylab/internal/ui/ui_project_list_key_handlers.go:236.2,237.13 2 1
lazylab/internal/ui/ui_project_list_key_handlers.go:238.21,239.21 1 0
lazylab/internal/ui/ui_project_list_key_handlers.go:240.39,241.50 1 0
lazylab/internal/ui/ui_project_list_key_handlers.go:241.50,244.4 2 0
lazylab/internal/ui/ui_project_list_key_handlers.go:245.3,246.16 2 0
lazylab/internal/ui/ui_project_list_key_handlers.go:247.20,249.40 2 0
lazylab/internal/ui/ui_project_list_key_handlers.go:250.11,251.53 1 0
lazylab/internal/ui/ui_project_list_key_handlers.go:251.53,252.50 1 0
lazylab/internal/ui/ui_project_list_key_handlers.go:252.50,254.5 1 0
lazylab/internal/ui/ui_project_list_key_handlers.go:256.11,257.53 1 0
lazylab/internal/ui/ui_project_list_key_handlers.go:257.53,258.51 1 0
lazylab/internal/ui/ui_project_list_key_handlers.go:258.51,260.5 1 0
lazylab/internal/ui/ui_project_list_key_handlers.go:262.11,265.16 3 0
lazylab/internal/ui/ui_project_list_key_handlers.go:266.11,269.16 3 0
lazylab/internal/ui/ui_project_list_key_handlers.go:270.16,274.53 4 0
lazylab/internal/ui/ui_project_list_key_handlers.go:274.53,275.65 1 0
lazylab/internal/ui/ui_project_list_key_handlers.go:275.65,282.5 6 0
lazylab/internal/ui/ui_project_list_key_handlers.go:283.9,285.52 2 0
lazylab/internal/ui/ui_project_list_key_handlers.go:285.52,290.5 4 0
lazylab/internal/ui/ui_project_list_key_handlers.go:292.16,296.53 4 0
lazylab/internal/ui/ui_project_list_key_handlers.go:296.53,297.35 1 0
lazylab/internal/ui/ui_project_list_key_handlers.go:297.35,304.5 6 0
lazylab/internal/ui/ui_project_list_key_handlers.go:305.9,306.40 1 0
lazylab/internal/ui/ui_project_list_key_handlers.go:306.40,311.5 4 0
lazylab/internal/ui/ui_project_list_key_handlers.go:313.11,316.53 3 0
lazylab/internal/ui/ui_project_list_key_handlers.go:316.53,317.73 1 0
lazylab/internal/ui/ui_project_list_key_handlers.go:317.73,323.5 5 0
lazylab/internal/ui/ui_project_list_key_handlers.go:324.9,324.47 1 0
lazylab/internal/ui/ui_project_list_key_handlers.go:324.47,329.4 4 0
lazylab/internal/ui/ui_project_list_key_handlers.go:330.11,333.53 3 0
lazylab/internal/ui/ui_project_list_key_handlers.go:333.53,334.41 1 0
lazylab/internal/ui/ui_project_list_key_handlers.go:334.41,336.40 2 0
lazylab/internal/ui/ui_project_list_key_handlers.go:336.40,342.6 5 0
lazylab/internal/ui/ui_project_list_key_handlers.go:344.9,346.23 2 0
lazylab/internal/ui/ui_project_list_key_handlers.go:346.23,348.45 2 0
lazylab/internal/ui/ui_project_list_key_handlers.go:348.45,353.6 4 0
lazylab/internal/ui/ui_project_list_key_handlers.go:356.19,357.53 1 0
lazylab/internal/ui/ui_project_list_key_handlers.go:357.53,358.65 1 0
lazylab/internal/ui/ui_project_list_key_handlers.go:358.65,365.5 6 0
lazylab/internal/ui/ui_project_list_key_handlers.go:366.9,368.52 2 0
lazylab/internal/ui/ui_project_list_key_handlers.go:368.52,373.5 4 0
lazylab/internal/ui/ui_project_list_key_handlers.go:375.17,376.53 1 0
lazylab/internal/ui/ui_project_list_key_handlers.go:376.53,377.35 1 0
lazylab/internal/ui/ui_project_list_key_handlers.go:377.35,384.5 6 0
lazylab/internal/ui/ui_project_list_key_handlers.go:385.9,386.40 1 0
lazylab/internal/ui/ui_project_list_key_handlers.go:386.40,391.5 4 0
lazylab/internal/ui/ui_project_list_key_handlers.go:393.21,394.32 1 0
lazylab/internal/ui/ui_project_list_key_handlers.go:395.11,396.30 1 1
lazylab/internal/ui/ui_project_list_key_handlers.go:396.30,399.4 2 0
lazylab/internal/ui/ui_project_list_key_handlers.go:400.3,401.22 2 1
lazylab/internal/ui/ui_project_list_key_handlers.go:401.22,404.4 2 0
lazylab/internal/ui/ui_project_list_key_handlers.go:405.3,405.50 1 1
lazylab/internal/ui/ui_project_list_key_handlers.go:405.50,407.18 2 0
lazylab/internal/ui/ui_project_list_key_handlers.go:407.18,409.63 2 0
lazylab/internal/ui/ui_project_list_key_handlers.go:409.63,411.6 1 0
lazylab/internal/ui/ui_project_list_key_handlers.go:412.5,412.61 1 0
lazylab/internal/ui/ui_project_list_key_handlers.go:412.61,414.6 1 0
lazylab/internal/ui/ui_project_list_key_handlers.go:415.5,415.22 1 0
lazylab/internal/ui/ui_project_list_key_handlers.go:415.22,418.6 2 0
lazylab/internal/ui/ui_project_list_key_handlers.go:419.5,420.18 2 0
lazylab/internal/ui/ui_project_list_key_handlers.go:422.4,429.17 8 0
lazylab/internal/ui/ui_project_list_key_handlers.go:431.3,437.43 7 1
lazylab/internal/ui/ui_project_list_key_handlers.go:439.2,439.15 1 1
lazylab/internal/ui/ui_project_list_key_handlers.go:442.83,444.13 2 1
lazylab/internal/ui/ui_project_list_key_handlers.go:445.21,446.21 1 0
lazylab/internal/ui/ui_project_list_key_handlers.go:447.39,455.16 8 0
lazylab/internal/ui/ui_project_list_key_handlers.go:456.15,469.64 13 1
lazylab/internal/ui/ui_project_list_key_handlers.go:469.64,471.4 1 0
lazylab/internal/ui/ui_project_list_key_handlers.go:472.3,472.12 1 1
lazylab/internal/ui/ui_project_list_key_handlers.go:472.12,473.18 1 0
lazylab/internal/ui/ui_project_list_key_handlers.go:473.18,475.5 1 0
lazylab/internal/ui/ui_project_list_key_handlers.go:476.4,476.23 1 0
lazylab/internal/ui/ui_project_list_key_handlers.go:476.23,477.58 1 0
lazylab/internal/ui/ui_project_list_key_handlers.go:477.58,479.6 1 0
lazylab/internal/ui/ui_project_list_key_handlers.go:481.4,484.21 4 0
lazylab/internal/ui/ui_project_list_key_handlers.go:484.21,486.5 1 0
lazylab/internal/ui/ui_project_list_key_handlers.go:487.4,488.112 2 0
lazylab/internal/ui/ui_project_list_key_handlers.go:490.3,490.22 1 1
lazylab/internal/ui/ui_project_list_key_handlers.go:490.22,492.4 1 0
lazylab/internal/ui/ui_project_list_key_handlers.go:493.3,493.16 1 1
lazylab/internal/ui/ui_project_list_key_handlers.go:493.16,495.4 1 1
lazylab/internal/ui/ui_project_list_key_handlers.go:496.3,499.114 4 1
lazylab/internal/ui/ui_project_list_key_handlers.go:501.2,501.15 1 0
lazylab/internal/ui/ui_project_list_msg_handlers.go:17.75,18.20 1 0
lazylab/internal/ui/ui_project_list_msg_handlers.go:18.20,19.27 1 0
lazylab/internal/ui/ui_project_list_msg_handlers.go:19.27,21.4 1 0
lazylab/internal/ui/ui_project_list_msg_handlers.go:23.2,23.42 1 0
lazylab/internal/ui/ui_project_list_msg_handlers.go:23.42,27.3 3 0
lazylab/internal/ui/ui_project_list_msg_handlers.go:28.2,35.18 8 0
lazylab/internal/ui/ui_project_list_msg_handlers.go:35.18,37.3 1 0
lazylab/internal/ui/ui_project_list_msg_handlers.go:38.2,39.23 2 0
lazylab/internal/ui/ui_project_list_msg_handlers.go:39.23,41.3 1 0
lazylab/internal/ui/ui_project_list_msg_handlers.go:42.2,43.37 2 0
lazylab/internal/ui/ui_project_list_msg_handlers.go:43.37,45.3 1 0
lazylab/internal/ui/ui_project_list_msg_handlers.go:46.2,53.24 6 0
lazylab/internal/ui/ui_project_list_msg_handlers.go:53.24,55.3 1 0
lazylab/internal/ui/ui_project_list_msg_handlers.go:55.8,57.3 1 0
lazylab/internal/ui/ui_project_list_msg_handlers.go:58.2,60.53 3 0
lazylab/internal/ui/ui_project_list_msg_handlers.go:63.73,64.70 1 1
lazylab/internal/ui/ui_project_list_msg_handlers.go:64.70,66.3 1 0
lazylab/internal/ui/ui_project_list_msg_handlers.go:68.2,68.74 1 1
lazylab/internal/ui/ui_project_list_msg_handlers.go:68.74,69.21 1 1
lazylab/internal/ui/ui_project_list_msg_handlers.go:69.21,73.4 3 0
lazylab/internal/ui/ui_project_list_msg_handlers.go:74.3,76.37 3 1
lazylab/internal/ui/ui_project_list_msg_handlers.go:76.37,78.21 2 1
lazylab/internal/ui/ui_project_list_msg_handlers.go:78.21,80.5 1 1
lazylab/internal/ui/ui_project_list_msg_handlers.go:81.4,82.29 2 1
lazylab/internal/ui/ui_project_list_msg_handlers.go:84.3,89.16 2 1
lazylab/internal/ui/ui_project_list_msg_handlers.go:91.2,92.15 2 1
lazylab/internal/ui/ui_project_list_msg_handlers.go:92.15,94.3 1 0
lazylab/internal/ui/ui_project_list_msg_handlers.go:95.2,96.20 2 1
lazylab/internal/ui/ui_project_list_msg_handlers.go:96.20,102.3 5 0
lazylab/internal/ui/ui_project_list_msg_handlers.go:103.2,106.38 4 1
lazylab/internal/ui/ui_project_list_msg_handlers.go:106.38,108.3 1 0
lazylab/internal/ui/ui_project_list_msg_handlers.go:111.2,112.36 2 1
lazylab/internal/ui/ui_project_list_msg_handlers.go:112.36,114.3 1 1
lazylab/internal/ui/ui_project_list_msg_handlers.go:117.2,117.36 1 1
lazylab/internal/ui/ui_project_list_msg_handlers.go:117.36,119.53 2 1
lazylab/internal/ui/ui_project_list_msg_handlers.go:119.53,121.4 1 1
lazylab/internal/ui/ui_project_list_msg_handlers.go:122.3,122.37 1 1
lazylab/internal/ui/ui_project_list_msg_handlers.go:126.2,126.36 1 0
lazylab/internal/ui/ui_project_list_msg_handlers.go:126.36,128.53 2 0
lazylab/internal/ui/ui_project_list_msg_handlers.go:128.53,130.4 1 0
lazylab/internal/ui/ui_project_list_msg_handlers.go:133.2,133.15 1 0
lazylab/internal/ui/ui_project_list_msg_handlers.go:136.73,137.70 1 1
lazylab/internal/ui/ui_project_list_msg_handlers.go:137.70,139.3 1 0
lazylab/internal/ui/ui_project_list_msg_handlers.go:140.2,140.41 1 1
lazylab/internal/ui/ui_project_list_msg_handlers.go:140.41,142.3 1 0
lazylab/internal/ui/ui_project_list_msg_handlers.go:143.2,144.20 2 1
lazylab/internal/ui/ui_project_list_msg_handlers.go:144.20,152.3 7 0
lazylab/internal/ui/ui_project_list_msg_handlers.go:153.2,155.16 3 1
lazylab/internal/ui/ui_project_list_msg_handlers.go:155.16,157.27 1 0
lazylab/internal/ui/ui_project_list_msg_handlers.go:157.27,159.4 1 0
lazylab/internal/ui/ui_project_list_msg_handlers.go:160.3,169.16 9 0
lazylab/internal/ui/ui_project_list_msg_handlers.go:171.2,173.19 3 1
lazylab/internal/ui/ui_project_list_msg_handlers.go:173.19,177.3 3 1
lazylab/internal/ui/ui_project_list_msg_handlers.go:177.8,181.3 3 0
lazylab/internal/ui/ui_project_list_msg_handlers.go:182.2,184.15 3 1
lazylab/internal/ui/ui_project_list_msg_handlers.go:187.81,189.20 2 0
lazylab/internal/ui/ui_project_list_msg_handlers.go:189.20,190.21 1 0
lazylab/internal/ui/ui_project_list_msg_handlers.go:190.21,193.4 2 0
lazylab/internal/ui/ui_project_list_msg_handlers.go:193.9,196.4 2 0
lazylab/internal/ui/ui_project_list_msg_handlers.go:197.3,198.27 2 0
lazylab/internal/ui/ui_project_list_msg_handlers.go:198.27,200.4 1 0
lazylab/internal/ui/ui_project_list_msg_handlers.go:201.3,201.16 1 0
lazylab/internal/ui/ui_project_list_msg_handlers.go:204.2,204.20 1 0
lazylab/internal/ui/ui_project_list_msg_handlers.go:204.20,207.23 3 0
lazylab/internal/ui/ui_project_list_msg_handlers.go:207.23,209.4 1 0
lazylab/internal/ui/ui_project_list_msg_handlers.go:210.3,210.47 1 0
lazylab/internal/ui/ui_project_list_msg_handlers.go:210.47,212.4 1 0
lazylab/internal/ui/ui_project_list_msg_handlers.go:213.3,213.56 1 0
lazylab/internal/ui/ui_project_list_msg_handlers.go:213.56,216.22 3 0
lazylab/internal/ui/ui_project_list_msg_handlers.go:216.22,218.5 1 0
lazylab/internal/ui/ui_project_list_msg_handlers.go:219.4,219.32 1 0
lazylab/internal/ui/ui_project_list_msg_handlers.go:221.3,221.28 1 0
lazylab/internal/ui/ui_project_list_msg_handlers.go:221.28,223.4 1 0
lazylab/internal/ui/ui_project_list_msg_handlers.go:223.9,226.4 2 0
lazylab/internal/ui/ui_project_list_msg_handlers.go:227.3,227.21 1 0
lazylab/internal/ui/ui_project_list_msg_handlers.go:227.21,229.4 1 0
lazylab/internal/ui/ui_project_list_msg_handlers.go:230.3,230.31 1 0
lazylab/internal/ui/ui_project_list_msg_handlers.go:234.2,237.17 4 0
lazylab/internal/ui/ui_project_list_msg_handlers.go:237.17,239.3 1 0
lazylab/internal/ui/ui_project_list_msg_handlers.go:240.2,241.23 2 0
lazylab/internal/ui/ui_project_list_msg_handlers.go:241.23,243.3 1 0
lazylab/internal/ui/ui_project_list_msg_handlers.go:244.2,253.29 8 0
lazylab/internal/ui/ui_project_list_msg_handlers.go:253.29,255.3 1 0
lazylab/internal/ui/ui_project_list_msg_handlers.go:255.8,257.3 1 0
lazylab/internal/ui/ui_project_list_msg_handlers.go:258.2,258.27 1 0
lazylab/internal/ui/ui_project_list_msg_handlers.go:258.27,261.3 2 0
lazylab/internal/ui/ui_project_list_msg_handlers.go:261.8,263.3 1 0
lazylab/internal/ui/ui_project_list_msg_handlers.go:264.2,266.82 3 0
lazylab/internal/ui/ui_project_list_msg_handlers.go:266.82,268.3 1 0
lazylab/internal/ui/ui_project_list_msg_handlers.go:269.2,269.46 1 0
lazylab/internal/ui/ui_project_list_msg_handlers.go:269.46,271.3 1 0
lazylab/internal/ui/ui_project_list_msg_handlers.go:272.2,272.20 1 0
lazylab/internal/ui/ui_project_list_msg_handlers.go:272.20,274.3 1 0
lazylab/internal/ui/ui_project_list_msg_handlers.go:275.2,275.30 1 0
lazylab/internal/ui/ui_project_list_msg_handlers.go:278.81,285.20 7 0
lazylab/internal/ui/ui_project_list_msg_handlers.go:285.20,286.48 1 0
lazylab/internal/ui/ui_project_list_msg_handlers.go:286.48,291.4 4 0
lazylab/internal/ui/ui_project_list_msg_handlers.go:291.9,295.4 3 0
lazylab/internal/ui/ui_project_list_msg_handlers.go:296.8,301.3 4 0
lazylab/internal/ui/ui_project_list_msg_handlers.go:302.2,305.15 4 0
lazylab/internal/ui/ui_project_list_msg_handlers.go:308.83,309.75 1 0
lazylab/internal/ui/ui_project_list_msg_handlers.go:309.75,311.3 1 0
lazylab/internal/ui/ui_project_list_msg_handlers.go:312.2,313.93 2 0
lazylab/internal/ui/ui_project_list_msg_handlers.go:313.93,315.3 1 0
lazylab/internal/ui/ui_project_list_msg_handlers.go:316.2,317.20 2 0
lazylab/internal/ui/ui_project_list_msg_handlers.go:317.20,318.48 1 0
lazylab/internal/ui/ui_project_list_msg_handlers.go:318.48,324.4 5 0
lazylab/internal/ui/ui_project_list_msg_handlers.go:325.3,326.16 2 0
lazylab/internal/ui/ui_project_list_msg_handlers.go:328.2,329.18 2 0
lazylab/internal/ui/ui_project_list_msg_handlers.go:329.18,331.3 1 0
lazylab/internal/ui/ui_project_list_msg_handlers.go:332.2,332.24 1 0
lazylab/internal/ui/ui_project_list_msg_handlers.go:332.24,334.3 1 0
lazylab/internal/ui/ui_project_list_msg_handlers.go:335.2,335.86 1 0
lazylab/internal/ui/ui_project_list_msg_handlers.go:335.86,339.19 4 0
lazylab/internal/ui/ui_project_list_msg_handlers.go:339.19,341.4 1 0
lazylab/internal/ui/ui_project_list_msg_handlers.go:342.3,342.128 1 0
lazylab/internal/ui/ui_project_list_msg_handlers.go:344.2,345.65 2 0
lazylab/internal/ui/ui_project_list_msg_handlers.go:345.65,348.53 3 0
lazylab/internal/ui/ui_project_list_msg_handlers.go:348.53,349.38 1 0
lazylab/internal/ui/ui_project_list_msg_handlers.go:349.38,351.5 1 0
lazylab/internal/ui/ui_project_list_msg_handlers.go:352.4,352.41 1 0
lazylab/internal/ui/ui_project_list_msg_handlers.go:354.3,354.19 1 0
lazylab/internal/ui/ui_project_list_msg_handlers.go:354.19,356.4 1 0
lazylab/internal/ui/ui_project_list_msg_handlers.go:357.3,357.23 1 0
lazylab/internal/ui/ui_project_list_msg_handlers.go:361.2,362.45 2 0
lazylab/internal/ui/ui_project_list_msg_handlers.go:362.45,364.3 1 0
lazylab/internal/ui/ui_project_list_msg_handlers.go:365.2,368.41 3 0
lazylab/internal/ui/ui_project_list_msg_handlers.go:368.41,369.46 1 0
lazylab/internal/ui/ui_project_list_msg_handlers.go:369.46,370.46 1 0
lazylab/internal/ui/ui_project_list_msg_handlers.go:370.46,374.10 4 0
lazylab/internal/ui/ui_project_list_msg_handlers.go:378.2,378.42 1 0
lazylab/internal/ui/ui_project_list_msg_handlers.go:378.42,379.46 1 0
lazylab/internal/ui/ui_project_list_msg_handlers.go:379.46,380.30 1 0
lazylab/internal/ui/ui_project_list_msg_handlers.go:380.30,383.10 3 0
lazylab/internal/ui/ui_project_list_msg_handlers.go:387.2,387.19 1 0
lazylab/internal/ui/ui_project_list_msg_handlers.go:387.19,388.41 1 0
lazylab/internal/ui/ui_project_list_msg_handlers.go:388.41,390.4 1 0
lazylab/internal/ui/ui_project_list_msg_handlers.go:390.9,390.70 1 0
lazylab/internal/ui/ui_project_list_msg_handlers.go:390.70,392.4 1 0
lazylab/internal/ui/ui_project_list_msg_handlers.go:393.3,394.30 2 0
lazylab/internal/ui/ui_project_list_msg_handlers.go:398.2,398.74 1 0
lazylab/internal/ui/ui_project_list_msg_handlers.go:398.74,400.3 1 0
lazylab/internal/ui/ui_project_list_msg_handlers.go:402.2,406.30 2 0
lazylab/internal/ui/ui_project_list_msg_handlers.go:409.93,410.75 1 0
lazylab/internal/ui/ui_project_list_msg_handlers.go:410.75,412.3 1 0
lazylab/internal/ui/ui_project_list_msg_handlers.go:413.2,413.40 1 0
lazylab/internal/ui/ui_project_list_msg_handlers.go:413.40,415.3 1 0
lazylab/internal/ui/ui_project_list_msg_handlers.go:416.2,416.20 1 0
lazylab/internal/ui/ui_project_list_msg_handlers.go:416.20,417.37 1 0
lazylab/internal/ui/ui_project_list_msg_handlers.go:417.37,419.4 1 0
lazylab/internal/ui/ui_project_list_msg_handlers.go:420.3,421.16 2 0
lazylab/internal/ui/ui_project_list_msg_handlers.go:423.2,423.38 1 0
lazylab/internal/ui/ui_project_list_msg_handlers.go:423.38,425.3 1 0
lazylab/internal/ui/ui_project_list_msg_handlers.go:426.2,427.36 2 0
lazylab/internal/ui/ui_project_list_msg_handlers.go:427.36,429.3 1 0
lazylab/internal/ui/ui_project_list_msg_handlers.go:432.2,434.39 2 0
lazylab/internal/ui/ui_project_list_msg_handlers.go:437.89,438.75 1 0
lazylab/internal/ui/ui_project_list_msg_handlers.go:438.75,440.3 1 0
lazylab/internal/ui/ui_project_list_msg_handlers.go:441.2,441.39 1 0
lazylab/internal/ui/ui_project_list_msg_handlers.go:441.39,443.3 1 0
lazylab/internal/ui/ui_project_list_msg_handlers.go:444.2,444.20 1 0
lazylab/internal/ui/ui_project_list_msg_handlers.go:444.20,445.48 1 0
lazylab/internal/ui/ui_project_list_msg_handlers.go:445.48,448.4 2 0
lazylab/internal/ui/ui_project_list_msg_handlers.go:449.3,449.36 1 0
lazylab/internal/ui/ui_project_list_msg_handlers.go:449.36,451.4 1 0
lazylab/internal/ui/ui_project_list_msg_handlers.go:452.3,453.16 2 0
lazylab/internal/ui/ui_project_list_msg_handlers.go:455.2,455.37 1 0
lazylab/internal/ui/ui_project_list_msg_handlers.go:455.37,457.3 1 0
lazylab/internal/ui/ui_project_list_msg_handlers.go:458.2,459.35 2 0
lazylab/internal/ui/ui_project_list_msg_handlers.go:459.35,461.3 1 0
lazylab/internal/ui/ui_project_list_msg_handlers.go:464.2,466.39 2 0
lazylab/internal/ui/ui_project_list_msg_handlers.go:469.87,470.75 1 1
lazylab/internal/ui/ui_project_list_msg_handlers.go:470.75,472.3 1 0
lazylab/internal/ui/ui_project_list_msg_handlers.go:473.2,473.38 1 1
lazylab/internal/ui/ui_project_list_msg_handlers.go:473.38,475.3 1 1
lazylab/internal/ui/ui_project_list_msg_handlers.go:476.2,476.20 1 1
lazylab/internal/ui/ui_project_list_msg_handlers.go:476.20,477.35 1 0
lazylab/internal/ui/ui_project_list_msg_handlers.go:477.35,479.4 1 0
lazylab/internal/ui/ui_project_list_msg_handlers.go:480.3,481.50 2 0
lazylab/internal/ui/ui_project_list_msg_handlers.go:481.50,483.4 1 0
lazylab/internal/ui/ui_project_list_msg_handlers.go:484.3,484.86 1 0
lazylab/internal/ui/ui_project_list_msg_handlers.go:484.86,486.4 1 0
lazylab/internal/ui/ui_project_list_msg_handlers.go:487.3,487.16 1 0
lazylab/internal/ui/ui_project_list_msg_handlers.go:489.2,489.36 1 1
lazylab/internal/ui/ui_project_list_msg_handlers.go:489.36,491.3 1 1
lazylab/internal/ui/ui_project_list_msg_handlers.go:494.2,497.34 4 1
lazylab/internal/ui/ui_project_list_msg_handlers.go:497.34,499.3 1 0
lazylab/internal/ui/ui_project_list_msg_handlers.go:500.2,500.89 1 1
lazylab/internal/ui/ui_project_list_msg_handlers.go:500.89,502.3 1 1
lazylab/internal/ui/ui_project_list_msg_handlers.go:503.2,503.35 1 0
lazylab/internal/ui/ui_project_list_msg_handlers.go:503.35,505.3 1 0
lazylab/internal/ui/ui_project_list_msg_handlers.go:506.2,506.49 1 0
lazylab/internal/ui/ui_project_list_msg_handlers.go:506.49,508.3 1 0
lazylab/internal/ui/ui_project_list_msg_handlers.go:509.2,517.34 4 0
lazylab/internal/ui/ui_project_list_msg_handlers.go:517.34,519.3 1 0
lazylab/internal/ui/ui_project_list_msg_handlers.go:520.2,520.15 1 0
lazylab/internal/ui/ui_project_list_msg_handlers.go:523.83,524.75 1 0
lazylab/internal/ui/ui_project_list_msg_handlers.go:524.75,526.3 1 0
lazylab/internal/ui/ui_project_list_msg_handlers.go:527.2,535.20 9 0
lazylab/internal/ui/ui_project_list_msg_handlers.go:535.20,539.3 3 0
lazylab/internal/ui/ui_project_list_msg_handlers.go:540.2,541.26 2 0
lazylab/internal/ui/ui_project_list_msg_handlers.go:541.26,543.40 2 0
lazylab/internal/ui/ui_project_list_msg_handlers.go:543.40,545.4 1 0
lazylab/internal/ui/ui_project_list_msg_handlers.go:545.9,547.4 1 0
lazylab/internal/ui/ui_project_list_msg_handlers.go:548.8,548.32 1 0
lazylab/internal/ui/ui_project_list_msg_handlers.go:548.32,551.3 2 0
lazylab/internal/ui/ui_project_list_msg_handlers.go:551.8,553.3 1 0
lazylab/internal/ui/ui_project_list_msg_handlers.go:554.2,555.31 2 0
lazylab/internal/ui/ui_project_list_msg_handlers.go:558.89,559.75 1 0
lazylab/internal/ui/ui_project_list_msg_handlers.go:559.75,561.3 1 0
lazylab/internal/ui/ui_project_list_msg_handlers.go:562.2,570.20 9 0
lazylab/internal/ui/ui_project_list_msg_handlers.go:570.20,574.3 3 0
lazylab/internal/ui/ui_project_list_msg_handlers.go:575.2,576.21 2 0
lazylab/internal/ui/ui_project_list_msg_handlers.go:576.21,577.25 1 0
lazylab/internal/ui/ui_project_list_msg_handlers.go:577.25,579.4 1 0
lazylab/internal/ui/ui_project_list_msg_handlers.go:579.9,581.4 1 0
lazylab/internal/ui/ui_project_list_msg_handlers.go:582.8,582.27 1 0
lazylab/internal/ui/ui_project_list_msg_handlers.go:582.27,584.3 1 0
lazylab/internal/ui/ui_project_list_msg_handlers.go:584.8,586.3 1 0
lazylab/internal/ui/ui_project_list_msg_handlers.go:587.2,588.55 2 0
lazylab/internal/ui/ui_project_list_msg_handlers.go:588.55,590.3 1 0
lazylab/internal/ui/ui_project_list_msg_handlers.go:591.2,591.53 1 0
lazylab/internal/ui/ui_project_list_msg_handlers.go:591.53,593.3 1 0
lazylab/internal/ui/ui_project_list_msg_handlers.go:594.2,594.52 1 0
lazylab/internal/ui/ui_project_list_msg_handlers.go:594.52,596.3 1 0
lazylab/internal/ui/ui_project_list_msg_handlers.go:597.2,597.20 1 0
lazylab/internal/ui/ui_project_list_msg_handlers.go:597.20,599.3 1 0
lazylab/internal/ui/ui_project_list_msg_handlers.go:600.2,600.30 1 0
lazylab/internal/ui/ui_project_list_msg_handlers.go:603.45,604.16 1 0
lazylab/internal/ui/ui_project_list_msg_handlers.go:605.20,606.52 1 0
lazylab/internal/ui/ui_project_list_msg_handlers.go:607.21,608.41 1 0
lazylab/internal/ui/ui_project_list_msg_handlers.go:609.10,610.13 1 0
lazylab/internal/ui/ui_project_list_msg_handlers.go:614.96,616.86 1 0
lazylab/internal/ui/ui_project_list_msg_handlers.go:616.86,618.3 1 0
lazylab/internal/ui/ui_project_list_msg_handlers.go:621.2,621.81 1 0
lazylab/internal/ui/ui_project_list_msg_handlers.go:621.81,623.3 1 0
lazylab/internal/ui/ui_project_list_msg_handlers.go:626.2,630.50 4 0
lazylab/internal/ui/ui_project_list_queue.go:19.84,24.46 3 0
lazylab/internal/ui/ui_project_list_queue.go:24.46,26.3 1 0
lazylab/internal/ui/ui_project_list_queue.go:28.2,43.15 11 0
lazylab/internal/ui/ui_project_list_queue.go:46.35,49.2 2 0
lazylab/internal/ui/ui_project_list_queue.go:51.78,53.15 2 0
lazylab/internal/ui/ui_project_list_queue.go:53.15,55.3 1 0
lazylab/internal/ui/ui_project_list_queue.go:56.2,82.81 17 0
lazylab/internal/ui/ui_project_list_queue.go:85.82,146.2 18 0
lazylab/internal/ui/ui_project_list_queue.go:148.37,152.2 3 0
lazylab/internal/ui/ui_project_list_queue.go:154.59,155.36 1 0
lazylab/internal/ui/ui_project_list_queue.go:155.36,157.3 1 0
lazylab/internal/ui/ui_project_list_queue.go:158.2,159.15 2 0
lazylab/internal/ui/ui_project_list_queue.go:159.15,161.3 1 0
lazylab/internal/ui/ui_project_list_queue.go:162.2,163.18 2 0
lazylab/internal/ui/ui_project_list_queue.go:163.18,165.3 1 0
lazylab/internal/ui/ui_project_list_queue.go:166.2,187.113 22 0
lazylab/internal/ui/ui_project_list_queue.go:190.55,191.36 1 0
lazylab/internal/ui/ui_project_list_queue.go:191.36,193.3 1 0
lazylab/internal/ui/ui_project_list_queue.go:194.2,195.15 2 0
lazylab/internal/ui/ui_project_list_queue.go:195.15,197.3 1 0
lazylab/internal/ui/ui_project_list_queue.go:198.2,199.16 2 0
lazylab/internal/ui/ui_project_list_queue.go:199.16,201.3 1 0
lazylab/internal/ui/ui_project_list_queue.go:202.2,202.73 1 0
lazylab/internal/ui/ui_project_list_queue.go:202.73,204.3 1 0
lazylab/internal/ui/ui_project_list_queue.go:205.2,205.20 1 0
lazylab/internal/ui/ui_project_list_queue.go:205.20,207.3 1 0
lazylab/internal/ui/ui_project_list_queue.go:208.2,209.18 2 0
lazylab/internal/ui/ui_project_list_queue.go:209.18,211.3 1 0
lazylab/internal/ui/ui_project_list_queue.go:212.2,230.111 19 0
lazylab/internal/ui/ui_project_list_queue.go:233.77,241.2 4 0
lazylab/internal/ui/ui_project_list_queue.go:243.58,244.32 1 0
lazylab/internal/ui/ui_project_list_queue.go:244.32,247.3 2 0
lazylab/internal/ui/ui_project_list_queue.go:248.2,250.36 3 0
lazylab/internal/ui/ui_project_list_queue.go:253.58,255.16 2 0
lazylab/internal/ui/ui_project_list_queue.go:255.16,257.3 1 0
lazylab/internal/ui/ui_project_list_queue.go:258.2,262.117 5 0
lazylab/internal/ui/ui_project_list_queue.go:265.46,268.18 3 0
lazylab/internal/ui/ui_project_list_queue.go:268.18,270.3 1 0
lazylab/internal/ui/ui_project_list_queue.go:273.37,275.16 2 0
lazylab/internal/ui/ui_project_list_queue.go:275.16,277.3 1 0
lazylab/internal/ui/ui_project_list_queue.go:278.2,278.47 1 0
lazylab/internal/ui/ui_project_list_queue.go:278.47,280.3 1 0
lazylab/internal/ui/ui_project_list_queue.go:281.2,281.22 1 0
lazylab/internal/ui/ui_project_list_queue.go:281.22,283.3 1 0
lazylab/internal/ui/ui_project_list_queue.go:284.2,286.27 3 0
lazylab/internal/ui/ui_project_list_queue.go:286.27,288.3 1 0
lazylab/internal/ui/ui_project_list_queue.go:288.8,290.3 1 0
lazylab/internal/ui/ui_project_list_queue.go:291.2,292.23 2 0
lazylab/internal/ui/ui_project_list_queue.go:295.36,297.9 2 0
lazylab/internal/ui/ui_project_list_queue.go:297.9,300.3 2 0
lazylab/internal/ui/ui_project_list_queue.go:301.2,301.32 1 0
lazylab/internal/ui/ui_project_list_queue.go:301.32,304.3 2 0
lazylab/internal/ui/ui_project_list_queue.go:305.2,306.48 2 0
lazylab/internal/ui/ui_project_list_queue.go:306.48,308.27 2 0
lazylab/internal/ui/ui_project_list_queue.go:308.27,310.4 1 0
lazylab/internal/ui/ui_project_list_queue.go:311.3,311.9 1 0
lazylab/internal/ui/ui_project_list_queue.go:313.2,313.48 1 0
lazylab/internal/ui/ui_project_list_queue.go:316.61,318.73 2 0
lazylab/internal/ui/ui_project_list_queue.go:318.73,320.3 1 0
lazylab/internal/ui/ui_project_list_queue.go:321.2,321.35 1 0
lazylab/internal/ui/ui_project_list_queue.go:324.55,326.9 2 0
lazylab/internal/ui/ui_project_list_queue.go:326.9,328.3 1 0
lazylab/internal/ui/ui_project_list_queue.go:329.2,329.25 1 0
lazylab/internal/ui/ui_project_list_queue.go:332.41,334.24 2 0
lazylab/internal/ui/ui_project_list_queue.go:334.24,337.3 2 0
lazylab/internal/ui/ui_project_list_queue.go:338.2,338.33 1 0
lazylab/internal/ui/ui_project_list_queue.go:338.33,340.3 1 0
lazylab/internal/ui/ui_project_list_queue.go:341.2,341.20 1 0
lazylab/internal/ui/ui_project_list_queue.go:341.20,343.3 1 0
lazylab/internal/ui/ui_project_list_queue.go:346.68,348.9 2 0
lazylab/internal/ui/ui_project_list_queue.go:348.9,350.3 1 0
lazylab/internal/ui/ui_project_list_queue.go:351.2,351.45 1 0
lazylab/internal/ui/ui_project_list_queue.go:354.84,355.29 1 0
lazylab/internal/ui/ui_project_list_queue.go:355.29,357.3 1 0
lazylab/internal/ui/ui_project_list_queue.go:358.2,359.19 2 0
lazylab/internal/ui/ui_project_list_queue.go:359.19,361.3 1 0
lazylab/internal/ui/ui_project_list_queue.go:362.2,362.102 1 0
lazylab/internal/ui/ui_project_list_queue.go:362.102,364.3 1 0
lazylab/internal/ui/ui_project_list_queue.go:365.2,371.83 7 0
lazylab/internal/ui/ui_project_list_queue.go:374.52,375.36 1 0
lazylab/internal/ui/ui_project_list_queue.go:375.36,377.3 1 0
lazylab/internal/ui/ui_project_list_queue.go:378.2,380.15 3 0
lazylab/internal/ui/ui_project_list_queue.go:380.15,382.3 1 0
lazylab/internal/ui/ui_project_list_queue.go:383.2,384.18 2 0
lazylab/internal/ui/ui_project_list_queue.go:384.18,386.3 1 0
lazylab/internal/ui/ui_project_list_queue.go:387.2,387.29 1 0
lazylab/internal/ui/ui_project_list_queue.go:387.29,390.3 2 0
lazylab/internal/ui/ui_project_list_queue.go:391.2,391.55 1 0
lazylab/internal/ui/ui_project_list_queue.go:391.55,393.3 1 0
lazylab/internal/ui/ui_project_list_queue.go:394.2,394.53 1 0
lazylab/internal/ui/ui_project_list_queue.go:394.53,396.3 1 0
lazylab/internal/ui/ui_project_list_queue.go:397.2,397.52 1 0
lazylab/internal/ui/ui_project_list_queue.go:397.52,399.3 1 0
lazylab/internal/ui/ui_project_list_queue.go:400.2,400.20 1 0
lazylab/internal/ui/ui_project_list_queue.go:400.20,402.3 1 0
lazylab/internal/ui/ui_project_list_queue.go:403.2,403.27 1 0
lazylab/internal/ui/ui_project_list_queue.go:406.60,407.40 1 1
lazylab/internal/ui/ui_project_list_queue.go:407.40,409.3 1 0
lazylab/internal/ui/ui_project_list_queue.go:410.2,410.93 1 1
lazylab/internal/ui/ui_project_list_queue.go:410.93,412.3 1 0
lazylab/internal/ui/ui_project_list_queue.go:413.2,413.59 1 1
lazylab/internal/ui/ui_project_list_queue.go:416.59,417.36 1 0
lazylab/internal/ui/ui_project_list_queue.go:417.36,419.3 1 0
lazylab/internal/ui/ui_project_list_queue.go:420.2,421.21 2 0
lazylab/internal/ui/ui_project_list_queue.go:421.21,423.3 1 0
lazylab/internal/ui/ui_project_list_queue.go:424.2,424.38 1 0
lazylab/internal/ui/ui_project_list_queue.go:424.38,425.58 1 0
lazylab/internal/ui/ui_project_list_queue.go:425.58,427.4 1 0
lazylab/internal/ui/ui_project_list_queue.go:429.2,429.40 1 0
lazylab/internal/ui/ui_project_list_queue.go:429.40,431.3 1 0
lazylab/internal/ui/ui_project_list_queue.go:432.2,432.46 1 0
lazylab/internal/ui/ui_project_list_queue.go:432.46,434.3 1 0
lazylab/internal/ui/ui_project_list_queue.go:435.2,436.36 2 0
lazylab/internal/ui/ui_project_list_queue.go:436.36,438.3 1 0
lazylab/internal/ui/ui_project_list_queue.go:439.2,439.112 1 0
lazylab/internal/ui/ui_project_list_queue.go:442.57,443.36 1 0
lazylab/internal/ui/ui_project_list_queue.go:443.36,445.3 1 0
lazylab/internal/ui/ui_project_list_queue.go:446.2,447.21 2 0
lazylab/internal/ui/ui_project_list_queue.go:447.21,449.3 1 0
lazylab/internal/ui/ui_project_list_queue.go:450.2,450.37 1 0
lazylab/internal/ui/ui_project_list_queue.go:450.37,451.57 1 0
lazylab/internal/ui/ui_project_list_queue.go:451.57,453.4 1 0
lazylab/internal/ui/ui_project_list_queue.go:455.2,455.39 1 0
lazylab/internal/ui/ui_project_list_queue.go:455.39,457.3 1 0
lazylab/internal/ui/ui_project_list_queue.go:458.2,458.45 1 0
lazylab/internal/ui/ui_project_list_queue.go:458.45,460.3 1 0
lazylab/internal/ui/ui_project_list_queue.go:461.2,462.35 2 0
lazylab/internal/ui/ui_project_list_queue.go:462.35,464.3 1 0
lazylab/internal/ui/ui_project_list_queue.go:465.2,465.110 1 0
lazylab/internal/ui/ui_project_list_queue.go:468.54,469.36 1 0
lazylab/internal/ui/ui_project_list_queue.go:469.36,471.3 1 0
lazylab/internal/ui/ui_project_list_queue.go:472.2,473.21 2 0
lazylab/internal/ui/ui_project_list_queue.go:473.21,475.3 1 0
lazylab/internal/ui/ui_project_list_queue.go:476.2,476.40 1 0
lazylab/internal/ui/ui_project_list_queue.go:476.40,478.3 1 0
lazylab/internal/ui/ui_project_list_queue.go:479.2,479.46 1 0
lazylab/internal/ui/ui_project_list_queue.go:479.46,481.3 1 0
lazylab/internal/ui/ui_project_list_queue.go:482.2,483.36 2 0
lazylab/internal/ui/ui_project_list_queue.go:483.36,485.3 1 0
lazylab/internal/ui/ui_project_list_queue.go:486.2,486.112 1 0
lazylab/internal/ui/ui_project_list_queue.go:489.52,490.36 1 0
lazylab/internal/ui/ui_project_list_queue.go:490.36,492.3 1 0
lazylab/internal/ui/ui_project_list_queue.go:493.2,494.21 2 0
lazylab/internal/ui/ui_project_list_queue.go:494.21,496.3 1 0
lazylab/internal/ui/ui_project_list_queue.go:497.2,497.39 1 0
lazylab/internal/ui/ui_project_list_queue.go:497.39,499.3 1 0
lazylab/internal/ui/ui_project_list_queue.go:500.2,500.45 1 0
lazylab/internal/ui/ui_project_list_queue.go:500.45,502.3 1 0
lazylab/internal/ui/ui_project_list_queue.go:503.2,504.35 2 0
lazylab/internal/ui/ui_project_list_queue.go:504.35,506.3 1 0
lazylab/internal/ui/ui_project_list_queue.go:507.2,507.110 1 0
lazylab/internal/ui/ui_project_list_queue.go:510.65,512.21 2 1
lazylab/internal/ui/ui_project_list_queue.go:512.21,514.3 1 0
lazylab/internal/ui/ui_project_list_queue.go:515.2,515.38 1 1
lazylab/internal/ui/ui_project_list_queue.go:515.38,517.3 1 0
lazylab/internal/ui/ui_project_list_queue.go:518.2,518.47 1 1
lazylab/internal/ui/ui_project_list_queue.go:521.59,523.21 2 0
lazylab/internal/ui/ui_project_list_queue.go:523.21,525.3 1 0
lazylab/internal/ui/ui_project_list_queue.go:526.2,526.37 1 0
lazylab/internal/ui/ui_project_list_queue.go:526.37,528.3 1 0
lazylab/internal/ui/ui_project_list_queue.go:529.2,530.9 2 0
lazylab/internal/ui/ui_project_list_queue.go:530.9,532.3 1 0
lazylab/internal/ui/ui_project_list_queue.go:533.2,534.22 2 0
lazylab/internal/ui/ui_project_list_queue.go:534.22,536.3 1 0
lazylab/internal/ui/ui_project_list_queue.go:537.2,538.49 2 0
lazylab/internal/ui/ui_project_list_queue.go:538.49,540.3 1 0
lazylab/internal/ui/ui_project_list_queue.go:541.2,542.43 2 0
lazylab/internal/ui/ui_project_list_queue.go:545.51,547.21 2 1
lazylab/internal/ui/ui_project_list_queue.go:547.21,549.3 1 0
lazylab/internal/ui/ui_project_list_queue.go:550.2,550.37 1 1
lazylab/internal/ui/ui_project_list_queue.go:550.37,552.3 1 0
lazylab/internal/ui/ui_project_list_queue.go:553.2,554.9 2 1
lazylab/internal/ui/ui_project_list_queue.go:554.9,556.3 1 0
lazylab/internal/ui/ui_project_list_queue.go:557.2,558.22 2 1
[...]
lazylab/internal/ui/ui_project_list_queue.go:869.2,873.32 3 1
lazylab/internal/ui/ui_project_list_queue.go:873.32,876.39 2 1
lazylab/internal/ui/ui_project_list_queue.go:876.39,877.12 1 0
lazylab/internal/ui/ui_project_list_queue.go:879.3,880.39 2 1
lazylab/internal/ui/ui_project_list_queue.go:880.39,882.4 1 0
lazylab/internal/ui/ui_project_list_queue.go:883.3,883.35 1 1
lazylab/internal/ui/ui_project_list_queue.go:883.35,885.4 1 0
lazylab/internal/ui/ui_project_list_queue.go:890.48,891.37 1 1
lazylab/internal/ui/ui_project_list_queue.go:891.37,893.3 1 1
lazylab/internal/ui/ui_project_list_queue.go:894.2,895.90 2 1
lazylab/internal/ui/ui_project_list_queue.go:898.48,900.18 2 1
lazylab/internal/ui/ui_project_list_queue.go:900.18,903.3 2 0
lazylab/internal/ui/ui_project_list_queue.go:904.2,904.19 1 1
lazylab/internal/ui/ui_project_list_queue.go:904.19,910.3 2 1
lazylab/internal/ui/ui_project_list_queue.go:911.2,911.73 1 1
lazylab/internal/ui/ui_project_list_queue.go:911.73,913.3 1 0
lazylab/internal/ui/ui_project_list_queue.go:914.2,914.143 1 1
lazylab/internal/ui/ui_project_list_queue.go:914.143,916.3 1 0
lazylab/internal/ui/ui_project_list_queue.go:917.2,918.116 2 1
lazylab/internal/ui/ui_project_list_queue.go:921.45,922.32 1 1
lazylab/internal/ui/ui_project_list_queue.go:922.32,924.3 1 0
lazylab/internal/ui/ui_project_list_queue.go:925.2,925.51 1 1
lazylab/internal/ui/ui_project_list_queue.go:928.44,929.31 1 0
lazylab/internal/ui/ui_project_list_queue.go:929.31,931.3 1 0
lazylab/internal/ui/ui_project_list_queue.go:932.2,932.51 1 0
lazylab/internal/ui/ui_project_list_queue.go:935.50,937.41 2 1
lazylab/internal/ui/ui_project_list_queue.go:937.41,939.3 1 0
lazylab/internal/ui/ui_project_list_queue.go:940.2,940.58 1 1
lazylab/internal/ui/ui_project_list_queue.go:940.58,942.3 1 0
lazylab/internal/ui/ui_project_list_queue.go:943.2,943.35 1 1
lazylab/internal/ui/ui_project_list_queue.go:947.36,949.21 2 0
lazylab/internal/ui/ui_project_list_queue.go:949.21,952.3 2 0
lazylab/internal/ui/ui_project_list_queue.go:954.2,957.22 3 0
lazylab/internal/ui/ui_project_list_queue.go:957.22,960.3 2 0
lazylab/internal/ui/ui_project_list_queue.go:963.2,964.31 2 0
lazylab/internal/ui/ui_project_list_queue.go:964.31,966.19 2 0
lazylab/internal/ui/ui_project_list_queue.go:966.19,968.4 1 0
lazylab/internal/ui/ui_project_list_queue.go:969.3,970.20 2 0
lazylab/internal/ui/ui_project_list_queue.go:970.20,972.4 1 0
lazylab/internal/ui/ui_project_list_queue.go:973.3,977.4 1 0
lazylab/internal/ui/ui_project_list_queue.go:980.2,983.85 2 0
lazylab/internal/ui/ui_project_list_queue.go:983.85,985.3 1 0
lazylab/internal/ui/ui_project_list_queue.go:989.39,990.28 1 0
lazylab/internal/ui/ui_project_list_queue.go:990.28,993.97 3 0
lazylab/internal/ui/ui_project_list_queue.go:993.97,996.4 2 0
lazylab/internal/ui/ui_project_list_queue.go:998.2,998.29 1 0
lazylab/internal/ui/ui_project_list_queue.go:998.29,1001.95 3 0
lazylab/internal/ui/ui_project_list_queue.go:1001.95,1004.4 2 0
lazylab/internal/ui/ui_project_list_views.go:15.30,17.16 2 0
lazylab/internal/ui/ui_project_list_views.go:17.16,19.3 1 0
lazylab/internal/ui/ui_project_list_views.go:22.2,22.16 1 0
lazylab/internal/ui/ui_project_list_views.go:22.16,24.3 1 0
lazylab/internal/ui/ui_project_list_views.go:26.2,27.16 2 0
lazylab/internal/ui/ui_project_list_views.go:28.20,29.42 1 0
lazylab/internal/ui/ui_project_list_views.go:30.26,33.45 3 0
lazylab/internal/ui/ui_project_list_views.go:34.21,36.34 2 0
lazylab/internal/ui/ui_project_list_views.go:36.34,39.4 2 0
lazylab/internal/ui/ui_project_list_views.go:40.3,40.18 1 0
lazylab/internal/ui/ui_project_list_views.go:41.10,42.42 1 0
lazylab/internal/ui/ui_project_list_views.go:46.2,46.44 1 0
lazylab/internal/ui/ui_project_list_views.go:50.49,52.16 2 0
lazylab/internal/ui/ui_project_list_views.go:53.20,54.26 1 0
lazylab/internal/ui/ui_project_list_views.go:55.20,56.26 1 0
lazylab/internal/ui/ui_project_list_views.go:57.21,58.27 1 0
lazylab/internal/ui/ui_project_list_views.go:59.10,60.26 1 0
lazylab/internal/ui/ui_project_list_views.go:64.2,66.39 3 0
lazylab/internal/ui/ui_project_list_views.go:66.39,69.3 2 0
lazylab/internal/ui/ui_project_list_views.go:71.2,81.16 4 0
lazylab/internal/ui/ui_project_list_views.go:85.39,87.2 1 0
lazylab/internal/ui/ui_project_list_views.go:91.59,94.2 2 0
lazylab/internal/ui/ui_project_list_views.go:96.46,97.31 1 0
lazylab/internal/ui/ui_project_list_views.go:97.31,99.3 1 0
lazylab/internal/ui/ui_project_list_views.go:100.2,100.67 1 0
lazylab/internal/ui/ui_project_list_views.go:103.52,104.16 1 0
lazylab/internal/ui/ui_project_list_views.go:104.16,106.3 1 0
lazylab/internal/ui/ui_project_list_views.go:107.2,109.27 3 0
lazylab/internal/ui/ui_project_list_views.go:109.27,111.3 1 0
lazylab/internal/ui/ui_project_list_views.go:112.2,113.17 2 0
lazylab/internal/ui/ui_project_list_views.go:113.17,115.3 1 0
lazylab/internal/ui/ui_project_list_views.go:116.2,120.33 5 0
lazylab/internal/ui/ui_project_list_views.go:120.33,123.3 2 0
lazylab/internal/ui/ui_project_list_views.go:124.2,127.73 4 0
lazylab/internal/ui/ui_project_list_views.go:130.56,144.9 11 0
lazylab/internal/ui/ui_project_list_views.go:145.20,146.92 1 0
lazylab/internal/ui/ui_project_list_views.go:147.45,148.103 1 0
lazylab/internal/ui/ui_project_list_views.go:149.44,151.89 2 0
lazylab/internal/ui/ui_project_list_views.go:152.67,154.89 2 0
lazylab/internal/ui/ui_project_list_views.go:156.2,156.61 1 0
lazylab/internal/ui/ui_project_list_views.go:156.61,158.3 1 0
lazylab/internal/ui/ui_project_list_views.go:159.2,159.20 1 0
lazylab/internal/ui/ui_project_list_views.go:159.20,161.3 1 0
lazylab/internal/ui/ui_project_list_views.go:163.2,163.46 1 0
lazylab/internal/ui/ui_project_list_views.go:163.46,166.3 2 0
lazylab/internal/ui/ui_project_list_views.go:167.2,168.60 2 0
lazylab/internal/ui/ui_project_list_views.go:171.58,176.23 5 0
lazylab/internal/ui/ui_project_list_views.go:176.23,180.3 3 0
lazylab/internal/ui/ui_project_list_views.go:181.2,187.27 7 0
lazylab/internal/ui/ui_project_list_views.go:187.27,189.3 1 0
lazylab/internal/ui/ui_project_list_views.go:190.2,190.38 1 0
lazylab/internal/ui/ui_project_list_views.go:190.38,192.3 1 0
lazylab/internal/ui/ui_project_list_views.go:193.2,193.33 1 0
lazylab/internal/ui/ui_project_list_views.go:193.33,195.3 1 0
lazylab/internal/ui/ui_project_list_views.go:196.2,200.32 4 0
lazylab/internal/ui/ui_project_list_views.go:200.32,202.3 1 0
lazylab/internal/ui/ui_project_list_views.go:203.2,203.31 1 0
lazylab/internal/ui/ui_project_list_views.go:203.31,207.50 4 0
lazylab/internal/ui/ui_project_list_views.go:207.50,210.4 2 0
lazylab/internal/ui/ui_project_list_views.go:212.2,215.75 4 0
lazylab/internal/ui/ui_project_list_views.go:215.75,218.3 2 0
lazylab/internal/ui/ui_project_list_views.go:219.2,219.60 1 0
lazylab/internal/ui/ui_project_list_views.go:222.64,227.65 5 0
lazylab/internal/ui/ui_project_list_views.go:227.65,229.3 1 0
lazylab/internal/ui/ui_project_list_views.go:230.2,231.52 2 0
lazylab/internal/ui/ui_project_list_views.go:231.52,233.3 1 0
lazylab/internal/ui/ui_project_list_views.go:234.2,236.66 3 0
lazylab/internal/ui/ui_project_list_views.go:236.66,239.3 2 0
lazylab/internal/ui/ui_project_list_views.go:240.2,240.31 1 0
lazylab/internal/ui/ui_project_list_views.go:240.31,243.3 2 0
lazylab/internal/ui/ui_project_list_views.go:244.2,244.29 1 0
lazylab/internal/ui/ui_project_list_views.go:244.29,247.3 2 0
lazylab/internal/ui/ui_project_list_views.go:248.2,248.36 1 0
lazylab/internal/ui/ui_project_list_views.go:248.36,251.3 2 0
lazylab/internal/ui/ui_project_list_views.go:252.2,252.96 1 0
lazylab/internal/ui/ui_project_list_views.go:252.96,255.3 2 0
lazylab/internal/ui/ui_project_list_views.go:257.2,257.39 1 0
lazylab/internal/ui/ui_project_list_views.go:257.39,260.66 2 0
lazylab/internal/ui/ui_project_list_views.go:260.66,262.4 1 0
lazylab/internal/ui/ui_project_list_views.go:263.3,263.32 1 0
lazylab/internal/ui/ui_project_list_views.go:263.32,265.4 1 0
lazylab/internal/ui/ui_project_list_views.go:266.3,266.30 1 0
lazylab/internal/ui/ui_project_list_views.go:266.30,268.4 1 0
lazylab/internal/ui/ui_project_list_views.go:269.3,269.37 1 0
lazylab/internal/ui/ui_project_list_views.go:269.37,271.4 1 0
lazylab/internal/ui/ui_project_list_views.go:273.3,276.22 4 0
lazylab/internal/ui/ui_project_list_views.go:278.2,280.52 3 0
lazylab/internal/ui/ui_project_list_views.go:283.66,288.49 5 0
lazylab/internal/ui/ui_project_list_views.go:288.49,290.3 1 0
lazylab/internal/ui/ui_project_list_views.go:291.2,291.21 1 0
lazylab/internal/ui/ui_project_list_views.go:291.21,293.66 2 0
lazylab/internal/ui/ui_project_list_views.go:293.66,295.4 1 0
lazylab/internal/ui/ui_project_list_views.go:297.2,300.28 4 0
lazylab/internal/ui/ui_project_list_views.go:300.28,303.3 2 0
lazylab/internal/ui/ui_project_list_views.go:304.2,304.21 1 0
lazylab/internal/ui/ui_project_list_views.go:304.21,308.3 3 0
lazylab/internal/ui/ui_project_list_views.go:309.2,311.24 3 0
lazylab/internal/ui/ui_project_list_views.go:311.24,314.3 2 0
lazylab/internal/ui/ui_project_list_views.go:315.2,317.66 3 0
lazylab/internal/ui/ui_project_list_views.go:317.66,321.3 3 0
lazylab/internal/ui/ui_project_list_views.go:322.2,322.83 1 0
lazylab/internal/ui/ui_project_list_views.go:322.83,325.3 2 0
lazylab/internal/ui/ui_project_list_views.go:326.2,326.60 1 0
lazylab/internal/ui/ui_project_list_views.go:326.60,329.3 2 0
lazylab/internal/ui/ui_project_list_views.go:330.2,330.61 1 0
lazylab/internal/ui/ui_project_list_views.go:330.61,333.23 3 0
lazylab/internal/ui/ui_project_list_views.go:333.23,335.4 1 0
lazylab/internal/ui/ui_project_list_views.go:337.2,337.22 1 0
lazylab/internal/ui/ui_project_list_views.go:337.22,341.3 3 0
lazylab/internal/ui/ui_project_list_views.go:344.2,347.19 3 0
lazylab/internal/ui/ui_project_list_views.go:350.63,354.16 4 1
lazylab/internal/ui/ui_project_list_views.go:354.16,356.3 1 0
lazylab/internal/ui/ui_project_list_views.go:357.2,357.16 1 1
lazylab/internal/ui/ui_project_list_views.go:357.16,358.35 1 0
lazylab/internal/ui/ui_project_list_views.go:358.35,360.4 1 0
lazylab/internal/ui/ui_project_list_views.go:360.9,362.4 1 0
lazylab/internal/ui/ui_project_list_views.go:364.2,364.82 1 1
lazylab/internal/ui/ui_project_list_views.go:364.82,366.3 1 0
lazylab/internal/ui/ui_project_list_views.go:367.2,368.49 2 1
lazylab/internal/ui/ui_project_list_views.go:368.49,370.3 1 0
lazylab/internal/ui/ui_project_list_views.go:371.2,374.46 4 1
lazylab/internal/ui/ui_project_list_views.go:374.46,378.3 3 0
lazylab/internal/ui/ui_project_list_views.go:379.2,379.49 1 1
lazylab/internal/ui/ui_project_list_views.go:379.49,383.3 3 0
lazylab/internal/ui/ui_project_list_views.go:384.2,384.27 1 1
lazylab/internal/ui/ui_project_list_views.go:384.27,388.3 3 0
lazylab/internal/ui/ui_project_list_views.go:391.2,392.19 2 1
lazylab/internal/ui/ui_project_list_views.go:395.83,398.20 3 0
lazylab/internal/ui/ui_project_list_views.go:398.20,400.3 1 0
lazylab/internal/ui/ui_project_list_views.go:401.2,403.9 3 0
lazylab/internal/ui/ui_project_list_views.go:404.39,405.50 1 0
lazylab/internal/ui/ui_project_list_views.go:406.24,407.56 1 0
lazylab/internal/ui/ui_project_list_views.go:408.19,409.62 1 0
lazylab/internal/ui/ui_project_list_views.go:410.21,412.27 2 0
lazylab/internal/ui/ui_project_list_views.go:412.27,414.4 1 0
lazylab/internal/ui/ui_project_list_views.go:415.3,415.37 1 0
lazylab/internal/ui/ui_project_list_views.go:415.37,417.4 1 0
lazylab/internal/ui/ui_project_list_views.go:418.3,418.30 1 0
lazylab/internal/ui/ui_project_list_views.go:418.30,420.20 2 0
lazylab/internal/ui/ui_project_list_views.go:420.20,422.5 1 0
lazylab/internal/ui/ui_project_list_views.go:423.4,423.73 1 0
lazylab/internal/ui/ui_project_list_views.go:425.3,425.33 1 0
lazylab/internal/ui/ui_project_list_views.go:425.33,427.22 2 0
lazylab/internal/ui/ui_project_list_views.go:427.22,429.5 1 0
lazylab/internal/ui/ui_project_list_views.go:430.4,431.44 2 0
lazylab/internal/ui/ui_project_list_views.go:431.44,435.5 3 0
lazylab/internal/ui/ui_project_list_views.go:437.3,437.20 1 0
lazylab/internal/ui/ui_project_list_views.go:437.20,439.4 1 0
lazylab/internal/ui/ui_project_list_views.go:440.10,441.10 1 0
lazylab/internal/ui/ui_project_list_views.go:441.10,443.4 1 0
lazylab/internal/ui/ui_project_list_views.go:443.9,443.27 1 0
lazylab/internal/ui/ui_project_list_views.go:443.27,445.4 1 0
lazylab/internal/ui/ui_project_list_views.go:445.9,447.4 1 0
lazylab/internal/ui/ui_project_list_views.go:449.2,449.33 1 0
lazylab/internal/ui/ui_project_list_views.go:449.33,451.3 1 0
lazylab/internal/ui/ui_project_list_views.go:452.2,452.44 1 0
lazylab/internal/ui/ui_project_list_views.go:455.52,456.16 1 0
lazylab/internal/ui/ui_project_list_views.go:456.16,458.3 1 0
lazylab/internal/ui/ui_project_list_views.go:459.2,461.27 3 0
lazylab/internal/ui/ui_project_list_views.go:461.27,463.3 1 0
lazylab/internal/ui/ui_project_list_views.go:464.2,465.17 2 0
lazylab/internal/ui/ui_project_list_views.go:465.17,467.3 1 0
lazylab/internal/ui/ui_project_list_views.go:468.2,473.34 6 0
lazylab/internal/ui/ui_project_list_views.go:473.34,476.3 2 0
lazylab/internal/ui/ui_project_list_views.go:477.2,481.94 5 0
lazylab/internal/ui/ui_project_list_views.go:484.58,485.16 1 0
lazylab/internal/ui/ui_project_list_views.go:485.16,487.3 1 0
lazylab/internal/ui/ui_project_list_views.go:488.2,489.21 2 0
lazylab/internal/ui/ui_project_list_views.go:489.21,491.3 1 0
lazylab/internal/ui/ui_project_list_views.go:492.2,511.14 12 0
lazylab/internal/ui/ui_project_list_views.go:514.52,515.16 1 0
lazylab/internal/ui/ui_project_list_views.go:515.16,517.3 1 0
lazylab/internal/ui/ui_project_list_views.go:518.2,520.27 3 0
lazylab/internal/ui/ui_project_list_views.go:520.27,522.3 1 0
lazylab/internal/ui/ui_project_list_views.go:523.2,524.17 2 0
lazylab/internal/ui/ui_project_list_views.go:524.17,526.3 1 0
lazylab/internal/ui/ui_project_list_views.go:527.2,532.34 6 0
lazylab/internal/ui/ui_project_list_views.go:532.34,535.3 2 0
lazylab/internal/ui/ui_project_list_views.go:536.2,540.94 5 0
lazylab/internal/ui/ui_project_list_views.go:543.65,544.16 1 0
lazylab/internal/ui/ui_project_list_views.go:544.16,546.3 1 0
lazylab/internal/ui/ui_project_list_views.go:547.2,548.21 2 0
lazylab/internal/ui/ui_project_list_views.go:548.21,550.3 1 0
lazylab/internal/ui/ui_project_list_views.go:551.2,553.38 3 0
lazylab/internal/ui/ui_project_list_views.go:553.38,555.3 1 0
lazylab/internal/ui/ui_project_list_views.go:556.2,558.38 3 0
lazylab/internal/ui/ui_project_list_views.go:558.38,560.44 2 0
lazylab/internal/ui/ui_project_list_views.go:560.44,561.81 1 0
lazylab/internal/ui/ui_project_list_views.go:561.81,563.5 1 0
lazylab/internal/ui/ui_project_list_views.go:563.10,565.5 1 0
lazylab/internal/ui/ui_project_list_views.go:567.3,569.83 3 0
lazylab/internal/ui/ui_project_list_views.go:569.83,572.4 2 0
lazylab/internal/ui/ui_project_list_views.go:573.3,573.41 1 0
lazylab/internal/ui/ui_project_list_views.go:573.41,576.4 2 0
lazylab/internal/ui/ui_project_list_views.go:577.3,580.104 4 0
lazylab/internal/ui/ui_project_list_views.go:581.8,583.41 2 0
lazylab/internal/ui/ui_project_list_views.go:583.41,585.4 1 0
lazylab/internal/ui/ui_project_list_views.go:586.3,588.74 3 0
lazylab/internal/ui/ui_project_list_views.go:588.74,591.4 2 0
lazylab/internal/ui/ui_project_list_views.go:592.3,595.109 4 0
lazylab/internal/ui/ui_project_list_views.go:597.2,603.14 2 0
lazylab/internal/ui/ui_project_list_views.go:606.55,611.19 5 0
lazylab/internal/ui/ui_project_list_views.go:611.19,615.3 3 0
lazylab/internal/ui/ui_project_list_views.go:616.2,617.21 2 0
lazylab/internal/ui/ui_project_list_views.go:617.21,619.3 1 0
lazylab/internal/ui/ui_project_list_views.go:620.2,622.20 3 0
lazylab/internal/ui/ui_project_list_views.go:622.20,625.3 2 0
lazylab/internal/ui/ui_project_list_views.go:626.2,626.23 1 0
lazylab/internal/ui/ui_project_list_views.go:626.23,630.3 3 0
lazylab/internal/ui/ui_project_list_views.go:631.2,631.30 1 0
lazylab/internal/ui/ui_project_list_views.go:631.30,635.3 3 0
lazylab/internal/ui/ui_project_list_views.go:638.2,640.19 3 0
lazylab/internal/ui/ui_project_list_views.go:643.63,649.28 6 0
lazylab/internal/ui/ui_project_list_views.go:649.28,652.3 2 0
lazylab/internal/ui/ui_project_list_views.go:653.2,654.16 2 0
lazylab/internal/ui/ui_project_list_views.go:654.16,658.3 3 0
lazylab/internal/ui/ui_project_list_views.go:659.2,660.21 2 0
lazylab/internal/ui/ui_project_list_views.go:660.21,662.3 1 0
lazylab/internal/ui/ui_project_list_views.go:663.2,665.17 3 0
lazylab/internal/ui/ui_project_list_views.go:665.17,668.3 2 0
lazylab/internal/ui/ui_project_list_views.go:669.2,669.20 1 0
lazylab/internal/ui/ui_project_list_views.go:669.20,673.3 3 0
lazylab/internal/ui/ui_project_list_views.go:674.2,674.61 1 0
lazylab/internal/ui/ui_project_list_views.go:674.61,677.3 2 0
lazylab/internal/ui/ui_project_list_views.go:677.8,677.33 1 0
lazylab/internal/ui/ui_project_list_views.go:677.33,682.3 3 0
lazylab/internal/ui/ui_project_list_views.go:683.2,683.19 1 0
lazylab/internal/ui/ui_project_list_views.go:686.63,691.21 5 1
lazylab/internal/ui/ui_project_list_views.go:691.21,695.3 3 0
lazylab/internal/ui/ui_project_list_views.go:696.2,696.24 1 1
lazylab/internal/ui/ui_project_list_views.go:696.24,700.3 3 0
lazylab/internal/ui/ui_project_list_views.go:701.2,701.27 1 1
lazylab/internal/ui/ui_project_list_views.go:701.27,705.3 3 0
lazylab/internal/ui/ui_project_list_views.go:708.2,709.19 2 1
lazylab/internal/ui/ui_project_list_views.go:712.72,714.11 2 0
lazylab/internal/ui/ui_project_list_views.go:714.11,716.3 1 0
lazylab/internal/ui/ui_project_list_views.go:717.2,717.14 1 0
lazylab/internal/ui/ui_project_list_views.go:717.14,719.3 1 0
lazylab/internal/ui/ui_project_list_views.go:720.2,720.27 1 0
lazylab/internal/ui/ui_project_list_views.go:723.54,724.20 1 1
lazylab/internal/ui/ui_project_list_views.go:725.14,726.16 1 1
lazylab/internal/ui/ui_project_list_views.go:727.16,728.16 1 0
lazylab/internal/ui/ui_project_list_views.go:729.14,730.16 1 1
lazylab/internal/ui/ui_project_list_views.go:731.10,732.15 1 0
lazylab/internal/ui/ui_project_list_views.go:736.38,737.26 1 0
lazylab/internal/ui/ui_project_list_views.go:737.26,739.3 1 0
lazylab/internal/ui/ui_project_list_views.go:740.2,742.59 3 0
lazylab/internal/ui/ui_project_list_views.go:745.49,747.21 2 0
lazylab/internal/ui/ui_project_list_views.go:747.21,749.3 1 0
lazylab/internal/ui/ui_project_list_views.go:749.8,749.33 1 0
lazylab/internal/ui/ui_project_list_views.go:749.33,751.3 1 0
lazylab/internal/ui/ui_project_list_views.go:751.8,753.3 1 0
lazylab/internal/ui/ui_project_list_views.go:754.2,754.51 1 0
lazylab/internal/ui/ui_project_list_views.go:757.51,758.66 1 0
lazylab/internal/ui/ui_project_list_views.go:758.66,759.21 1 0
lazylab/internal/ui/ui_project_list_views.go:759.21,761.4 1 0
lazylab/internal/ui/ui_project_list_views.go:762.3,762.12 1 0
lazylab/internal/ui/ui_project_list_views.go:764.2,764.23 1 0
lazylab/internal/ui/ui_project_list_views.go:764.23,766.3 1 0
lazylab/internal/ui/ui_project_list_views.go:767.2,769.16 3 0
lazylab/internal/ui/ui_project_list_views.go:769.16,771.3 1 0
lazylab/internal/ui/ui_project_list_views.go:772.2,773.18 2 0
lazylab/internal/ui/ui_project_list_views.go:773.18,775.3 1 0
lazylab/internal/ui/ui_project_list_views.go:776.2,777.23 2 0
lazylab/internal/ui/ui_project_list_views.go:777.23,779.3 1 0
lazylab/internal/ui/ui_project_list_views.go:780.2,781.108 2 0
lazylab/internal/ui/ui_project_list_views.go:784.66,787.2 2 0
lazylab/internal/ui/ui_project_list_views.go:789.70,794.2 4 0
lazylab/internal/ui/ui_project_list_views.go:796.56,797.16 1 0
lazylab/internal/ui/ui_project_list_views.go:797.16,799.3 1 0
lazylab/internal/ui/ui_project_list_views.go:800.2,801.21 2 0
lazylab/internal/ui/ui_project_list_views.go:804.72,805.17 1 0
lazylab/internal/ui/ui_project_list_views.go:805.17,807.3 1 0
lazylab/internal/ui/ui_project_list_views.go:808.2,811.21 4 0
