mode: set
lazylab/pkg/config/config.go:41.39,47.2 5 1
lazylab/pkg/config/config.go:51.46,63.22 10 1
lazylab/pkg/config/config.go:63.22,65.23 2 1
lazylab/pkg/config/config.go:65.23,67.4 1 1
lazylab/pkg/config/config.go:69.2,69.22 1 1
lazylab/pkg/config/config.go:69.22,71.42 2 1
lazylab/pkg/config/config.go:71.42,73.4 1 0
lazylab/pkg/config/config.go:74.3,74.30 1 1
lazylab/pkg/config/config.go:77.2,84.20 6 1
lazylab/pkg/config/config.go:84.20,86.3 1 0
lazylab/pkg/config/config.go:87.2,87.30 1 1
lazylab/pkg/config/config.go:87.30,89.3 1 0
lazylab/pkg/config/config.go:90.2,90.24 1 1
lazylab/pkg/config/config.go:90.24,92.3 1 0
lazylab/pkg/config/config.go:93.2,93.21 1 1
lazylab/pkg/config/config.go:93.21,95.3 1 0
lazylab/pkg/config/config.go:97.2,97.17 1 1
lazylab/pkg/config/config.go:100.56,101.26 1 1
lazylab/pkg/config/config.go:101.26,103.3 1 1
lazylab/pkg/config/config.go:104.2,104.27 1 1
lazylab/pkg/config/config.go:104.27,106.3 1 1
lazylab/pkg/config/config.go:107.2,107.37 1 1
lazylab/pkg/config/config.go:107.37,109.3 1 1
lazylab/pkg/config/config.go:110.2,110.30 1 1
lazylab/pkg/config/config.go:110.30,112.3 1 1
lazylab/pkg/config/config.go:113.2,113.28 1 1
lazylab/pkg/config/config.go:113.28,115.3 1 1
lazylab/pkg/config/config.go:118.47,119.16 1 1
lazylab/pkg/config/config.go:119.16,121.3 1 0
lazylab/pkg/config/config.go:122.2,122.12 1 1
lazylab/internal/gitlab/client.go:28.53,29.17 1 1
lazylab/internal/gitlab/client.go:29.17,31.3 1 1
lazylab/internal/gitlab/client.go:32.2,33.23 2 1
lazylab/internal/gitlab/client.go:33.23,35.3 1 1
lazylab/internal/gitlab/client.go:38.2,39.16 2 1
lazylab/internal/gitlab/client.go:39.16,41.3 1 1
lazylab/internal/gitlab/client.go:42.2,42.63 1 1
lazylab/internal/gitlab/client.go:42.63,44.3 1 1
lazylab/internal/gitlab/client.go:45.2,45.26 1 1
lazylab/internal/gitlab/client.go:45.26,47.3 1 0
lazylab/internal/gitlab/client.go:49.2,51.16 3 1
lazylab/internal/gitlab/client.go:51.16,53.3 1 0
lazylab/internal/gitlab/client.go:54.2,54.50 1 1
lazylab/internal/gitlab/client.go:110.32,112.2 1 1
lazylab/internal/gitlab/client.go:154.98,155.23 1 0
lazylab/internal/gitlab/client.go:155.23,157.3 1 0
lazylab/internal/gitlab/client.go:158.2,169.16 3 0
lazylab/internal/gitlab/client.go:169.16,171.3 1 0
lazylab/internal/gitlab/client.go:172.2,173.29 2 0
lazylab/internal/gitlab/client.go:173.29,185.30 2 0
lazylab/internal/gitlab/client.go:185.30,187.4 1 0
lazylab/internal/gitlab/client.go:189.2,193.17 2 0
lazylab/internal/gitlab/client.go:193.17,198.3 4 0
lazylab/internal/gitlab/client.go:199.2,199.22 1 0
lazylab/internal/gitlab/client.go:203.105,214.16 3 0
lazylab/internal/gitlab/client.go:214.16,216.3 1 0
lazylab/internal/gitlab/client.go:217.2,218.29 2 0
lazylab/internal/gitlab/client.go:218.29,225.3 1 0
lazylab/internal/gitlab/client.go:226.2,226.44 1 0
lazylab/internal/gitlab/client.go:226.44,227.40 1 0
lazylab/internal/gitlab/client.go:227.40,229.4 1 0
lazylab/internal/gitlab/client.go:230.3,230.40 1 0
lazylab/internal/gitlab/client.go:230.40,232.4 1 0
lazylab/internal/gitlab/client.go:233.3,233.69 1 0
lazylab/internal/gitlab/client.go:235.2,235.17 1 0
lazylab/internal/gitlab/client.go:239.103,240.16 1 1
lazylab/internal/gitlab/client.go:240.16,242.3 1 1
lazylab/internal/gitlab/client.go:245.2,245.66 1 1
lazylab/internal/gitlab/client.go:245.66,247.3 1 1
lazylab/internal/gitlab/client.go:249.2,252.16 2 0
lazylab/internal/gitlab/client.go:252.16,254.3 1 0
lazylab/internal/gitlab/client.go:257.2,258.29 2 0
lazylab/internal/gitlab/client.go:258.29,260.3 1 0
lazylab/internal/gitlab/client.go:262.2,263.16 2 0
lazylab/internal/gitlab/client.go:263.16,265.3 1 0
lazylab/internal/gitlab/client.go:266.2,266.26 1 0
lazylab/internal/gitlab/client.go:270.106,279.34 2 0
lazylab/internal/gitlab/client.go:279.34,281.3 1 0
lazylab/internal/gitlab/client.go:282.2,283.16 2 0
lazylab/internal/gitlab/client.go:283.16,285.3 1 0
lazylab/internal/gitlab/client.go:286.2,286.25 1 0
lazylab/internal/gitlab/client.go:286.25,288.3 1 0
lazylab/internal/gitlab/client.go:289.2,291.16 3 0
lazylab/internal/gitlab/client.go:291.16,293.3 1 0
lazylab/internal/gitlab/client.go:294.2,302.24 2 0
lazylab/internal/gitlab/client.go:302.24,304.3 1 0
lazylab/internal/gitlab/client.go:304.8,304.31 1 0
lazylab/internal/gitlab/client.go:304.31,306.3 1 0
lazylab/internal/gitlab/client.go:307.2,307.21 1 0
lazylab/internal/gitlab/client.go:311.116,312.23 1 0
lazylab/internal/gitlab/client.go:312.23,314.3 1 0
lazylab/internal/gitlab/client.go:315.2,315.20 1 0
lazylab/internal/gitlab/client.go:315.20,317.3 1 0
lazylab/internal/gitlab/client.go:318.2,327.16 3 0
lazylab/internal/gitlab/client.go:327.16,329.3 1 0
lazylab/internal/gitlab/client.go:330.2,331.30 2 0
lazylab/internal/gitlab/client.go:331.30,339.25 2 0
lazylab/internal/gitlab/client.go:339.25,341.4 1 0
lazylab/internal/gitlab/client.go:341.9,341.32 1 0
lazylab/internal/gitlab/client.go:341.32,343.4 1 0
lazylab/internal/gitlab/client.go:344.3,344.41 1 0
lazylab/internal/gitlab/client.go:346.2,346.25 1 0
lazylab/internal/gitlab/client.go:346.25,347.21 1 0
lazylab/internal/gitlab/client.go:347.21,349.4 1 0
lazylab/internal/gitlab/client.go:350.3,356.9 1 0
lazylab/internal/gitlab/client.go:358.2,364.8 1 0
lazylab/internal/gitlab/client.go:368.117,370.16 2 0
lazylab/internal/gitlab/client.go:370.16,371.47 1 0
lazylab/internal/gitlab/client.go:371.47,373.4 1 0
lazylab/internal/gitlab/client.go:374.3,377.23 2 0
lazylab/internal/gitlab/client.go:377.23,379.4 1 0
lazylab/internal/gitlab/client.go:380.3,380.39 1 0
lazylab/internal/gitlab/client.go:382.2,382.39 1 0
lazylab/internal/gitlab/client.go:386.91,387.16 1 1
lazylab/internal/gitlab/client.go:387.16,389.3 1 1
lazylab/internal/gitlab/client.go:390.2,391.16 2 0
lazylab/internal/gitlab/client.go:391.16,393.3 1 0
lazylab/internal/gitlab/client.go:394.2,394.16 1 0
lazylab/internal/gitlab/client.go:394.16,396.3 1 0
lazylab/internal/gitlab/client.go:397.2,403.8 1 0
lazylab/internal/gitlab/client.go:406.61,407.21 1 1
lazylab/internal/gitlab/client.go:407.21,409.3 1 1
lazylab/internal/gitlab/client.go:410.2,417.31 2 0
lazylab/internal/gitlab/client.go:417.31,419.3 1 0
lazylab/internal/gitlab/client.go:419.8,419.38 1 0
lazylab/internal/gitlab/client.go:419.38,421.3 1 0
lazylab/internal/gitlab/client.go:422.2,422.16 1 0
lazylab/internal/gitlab/client.go:426.106,428.2 1 0
lazylab/internal/gitlab/client.go:431.106,440.6 4 0
lazylab/internal/gitlab/client.go:440.6,443.17 3 0
lazylab/internal/gitlab/client.go:443.17,445.4 1 0
lazylab/internal/gitlab/client.go:446.3,446.29 1 0
lazylab/internal/gitlab/client.go:446.29,454.4 1 0
lazylab/internal/gitlab/client.go:455.3,455.40 1 0
lazylab/internal/gitlab/client.go:455.40,456.9 1 0
lazylab/internal/gitlab/client.go:458.3,458.23 1 0
lazylab/internal/gitlab/client.go:460.2,460.20 1 0
lazylab/internal/gitlab/client.go:460.20,462.3 1 0
lazylab/internal/gitlab/client.go:463.2,463.18 1 0
lazylab/internal/gitlab/client.go:467.89,469.16 2 0
lazylab/internal/gitlab/client.go:469.16,471.3 1 0
lazylab/internal/gitlab/client.go:472.2,473.16 2 0
lazylab/internal/gitlab/client.go:473.16,475.3 1 0
lazylab/internal/gitlab/client.go:476.2,476.26 1 0
lazylab/internal/gitlab/client.go:479.113,490.6 6 0
lazylab/internal/gitlab/client.go:490.6,493.17 3 0
lazylab/internal/gitlab/client.go:493.17,495.4 1 0
lazylab/internal/gitlab/client.go:496.3,496.28 1 0
lazylab/internal/gitlab/client.go:496.28,498.23 2 0
lazylab/internal/gitlab/client.go:498.23,500.5 1 0
lazylab/internal/gitlab/client.go:501.4,501.29 1 0
lazylab/internal/gitlab/client.go:501.29,504.5 2 0
lazylab/internal/gitlab/client.go:505.4,505.89 1 0
lazylab/internal/gitlab/client.go:507.3,507.40 1 0
lazylab/internal/gitlab/client.go:507.40,508.9 1 0
lazylab/internal/gitlab/client.go:510.3,510.23 1 0
lazylab/internal/gitlab/client.go:512.2,513.35 2 0
lazylab/internal/gitlab/client.go:513.35,515.19 2 0
lazylab/internal/gitlab/client.go:515.19,517.4 1 0
lazylab/internal/gitlab/client.go:518.3,521.5 1 0
lazylab/internal/gitlab/client.go:523.2,523.20 1 0
lazylab/internal/gitlab/client.go:526.43,528.40 2 1
lazylab/internal/gitlab/client.go:528.40,530.3 1 1
lazylab/internal/gitlab/client.go:531.2,531.25 1 1
lazylab/internal/gitlab/client.go:551.57,553.19 2 1
lazylab/internal/gitlab/client.go:553.19,555.3 1 1
lazylab/internal/gitlab/client.go:556.2,557.37 2 1
lazylab/internal/gitlab/client.go:557.37,559.3 1 1
lazylab/internal/gitlab/client.go:560.2,560.16 1 1
lazylab/internal/gitlab/client.go:563.49,565.18 2 1
lazylab/internal/gitlab/client.go:565.18,567.3 1 1
lazylab/internal/gitlab/client.go:568.2,568.15 1 1
lazylab/internal/gitlab/client.go:571.30,572.46 1 1
lazylab/internal/gitlab/client.go:572.46,574.3 1 1
lazylab/internal/gitlab/client.go:575.2,575.39 1 1
lazylab/internal/ui/cache.go:31.58,33.16 2 1
lazylab/internal/ui/cache.go:33.16,35.3 1 0
lazylab/internal/ui/cache.go:36.2,37.48 2 1
lazylab/internal/ui/cache.go:37.48,39.3 1 0
lazylab/internal/ui/cache.go:40.2,44.8 2 1
lazylab/internal/ui/cache.go:47.61,49.36 2 1
lazylab/internal/ui/cache.go:49.36,51.3 1 1
lazylab/internal/ui/cache.go:52.2,52.16 1 1
lazylab/internal/ui/cache.go:52.16,54.3 1 0
lazylab/internal/ui/cache.go:55.2,56.52 2 1
lazylab/internal/ui/cache.go:56.52,58.3 1 1
lazylab/internal/ui/cache.go:59.2,59.34 1 1
lazylab/internal/ui/cache.go:59.34,61.3 1 1
lazylab/internal/ui/cache.go:62.2,62.29 1 1
lazylab/internal/ui/cache.go:62.29,64.3 1 0
lazylab/internal/ui/cache.go:65.2,65.27 1 1
lazylab/internal/ui/cache.go:68.66,69.24 1 1
lazylab/internal/ui/cache.go:69.24,71.3 1 1
lazylab/internal/ui/cache.go:72.2,79.16 3 1
lazylab/internal/ui/cache.go:79.16,81.3 1 0
lazylab/internal/ui/cache.go:84.2,86.16 3 1
lazylab/internal/ui/cache.go:86.16,88.3 1 0
lazylab/internal/ui/cache.go:89.2,92.47 2 1
lazylab/internal/ui/cache.go:92.47,96.3 3 0
lazylab/internal/ui/cache.go:97.2,97.40 1 1
lazylab/internal/ui/cache.go:97.40,100.3 2 0
lazylab/internal/ui/cache.go:103.2,103.51 1 1
lazylab/internal/ui/cache.go:103.51,106.3 2 0
lazylab/internal/ui/cache.go:107.2,107.12 1 1
lazylab/internal/ui/cache.go:110.39,111.16 1 1
lazylab/internal/ui/cache.go:111.16,113.3 1 1
lazylab/internal/ui/cache.go:114.2,117.13 4 1
lazylab/internal/ui/icons.go:39.47,40.52 1 0
lazylab/internal/ui/icons.go:41.17,42.21 1 0
lazylab/internal/ui/icons.go:43.16,44.20 1 0
lazylab/internal/ui/icons.go:45.17,46.21 1 0
lazylab/internal/ui/icons.go:47.65,48.21 1 0
lazylab/internal/ui/icons.go:49.18,50.22 1 0
lazylab/internal/ui/icons.go:51.17,52.21 1 0
lazylab/internal/ui/icons.go:53.10,54.21 1 0
lazylab/internal/ui/icons.go:59.47,60.37 1 0
lazylab/internal/ui/icons.go:61.17,62.21 1 0
lazylab/internal/ui/icons.go:63.16,64.20 1 0
lazylab/internal/ui/icons.go:65.18,66.22 1 0
lazylab/internal/ui/icons.go:67.10,68.21 1 0
lazylab/internal/ui/icons.go:73.45,74.21 1 0
lazylab/internal/ui/icons.go:74.21,76.3 1 0
lazylab/internal/ui/icons.go:77.2,77.19 1 0
lazylab/internal/ui/icons.go:77.19,79.3 1 0
lazylab/internal/ui/icons.go:80.2,80.68 1 0
lazylab/internal/ui/icons.go:84.40,85.16 1 0
lazylab/internal/ui/icons.go:85.16,87.3 1 0
lazylab/internal/ui/icons.go:89.2,91.9 2 0
lazylab/internal/ui/icons.go:92.25,93.20 1 0
lazylab/internal/ui/icons.go:94.23,96.16 2 0
lazylab/internal/ui/icons.go:96.16,98.4 1 0
lazylab/internal/ui/icons.go:99.3,99.38 1 0
lazylab/internal/ui/icons.go:100.26,102.17 2 0
lazylab/internal/ui/icons.go:102.17,104.4 1 0
lazylab/internal/ui/icons.go:105.3,105.39 1 0
lazylab/internal/ui/icons.go:106.28,108.16 2 0
lazylab/internal/ui/icons.go:108.16,110.4 1 0
lazylab/internal/ui/icons.go:111.3,111.38 1 0
lazylab/internal/ui/icons.go:112.29,114.17 2 0
lazylab/internal/ui/icons.go:114.17,116.4 1 0
lazylab/internal/ui/icons.go:117.3,117.39 1 0
lazylab/internal/ui/icons.go:118.10,120.18 2 0
lazylab/internal/ui/icons.go:120.18,122.4 1 0
lazylab/internal/ui/icons.go:123.3,123.41 1 0
lazylab/internal/ui/icons.go:128.52,129.22 1 0
lazylab/internal/ui/icons.go:129.22,131.3 1 0
lazylab/internal/ui/icons.go:132.2,132.57 1 0
lazylab/internal/ui/icons.go:136.44,137.21 1 0
lazylab/internal/ui/icons.go:137.21,139.3 1 0
lazylab/internal/ui/icons.go:140.2,140.52 1 0
lazylab/internal/ui/keys.go:45.25,161.2 1 0
lazylab/internal/ui/keys.go:164.43,166.2 1 0
lazylab/internal/ui/keys.go:169.44,177.2 1 0
lazylab/internal/ui/keys.go:180.37,188.2 2 0
lazylab/internal/ui/keys.go:191.37,199.2 2 0
lazylab/internal/ui/keys.go:202.38,211.2 2 0
lazylab/internal/ui/redacting_logger.go:15.55,17.2 1 1
lazylab/internal/ui/redacting_logger.go:29.36,35.2 4 1
lazylab/internal/ui/redacting_logger.go:38.43,39.18 1 1
lazylab/internal/ui/redacting_logger.go:40.23,41.52 1 1
lazylab/internal/ui/redacting_logger.go:42.22,45.27 3 0
lazylab/internal/ui/redacting_logger.go:45.27,50.4 1 0
lazylab/internal/ui/redacting_logger.go:51.3,51.38 1 0
lazylab/internal/ui/redacting_logger.go:52.10,53.11 1 1
lazylab/internal/ui/redacting_logger.go:57.80,59.2 1 1
lazylab/internal/ui/redacting_logger.go:61.82,67.38 3 1
lazylab/internal/ui/redacting_logger.go:67.38,73.3 2 1
lazylab/internal/ui/redacting_logger.go:76.2,79.41 3 1
lazylab/internal/ui/redacting_logger.go:82.70,85.26 2 0
lazylab/internal/ui/redacting_logger.go:85.26,90.3 1 0
lazylab/internal/ui/redacting_logger.go:91.2,91.66 1 0
lazylab/internal/ui/redacting_logger.go:94.64,96.2 1 0
lazylab/internal/ui/redacting_logger.go:100.35,102.2 1 1
lazylab/internal/ui/ui_project_list.go:38.31,40.2 1 0
lazylab/internal/ui/ui_project_list.go:80.43,82.2 1 0
lazylab/internal/ui/ui_project_list.go:89.39,89.51 1 0
lazylab/internal/ui/ui_project_list.go:91.40,91.52 1 0
lazylab/internal/ui/ui_project_list.go:93.69,93.83 1 0
lazylab/internal/ui/ui_project_list.go:95.87,97.9 2 0
lazylab/internal/ui/ui_project_list.go:97.9,99.3 1 0
lazylab/internal/ui/ui_project_list.go:101.2,103.24 3 0
lazylab/internal/ui/ui_project_list.go:103.24,106.3 2 0
lazylab/internal/ui/ui_project_list.go:109.2,110.73 2 0
lazylab/internal/ui/ui_project_list.go:110.73,112.3 1 0
lazylab/internal/ui/ui_project_list.go:114.2,116.35 3 0
lazylab/internal/ui/ui_project_list.go:247.58,248.31 1 0
lazylab/internal/ui/ui_project_list.go:248.31,250.3 1 0
lazylab/internal/ui/ui_project_list.go:251.2,251.26 1 0
lazylab/internal/ui/ui_project_list.go:251.26,253.3 1 0
lazylab/internal/ui/ui_project_list.go:254.2,254.31 1 0
lazylab/internal/ui/ui_project_list.go:254.31,256.3 1 0
lazylab/internal/ui/ui_project_list.go:257.2,311.58 28 0
lazylab/internal/ui/ui_project_list.go:311.58,313.3 1 0
lazylab/internal/ui/ui_project_list.go:313.8,313.31 1 0
lazylab/internal/ui/ui_project_list.go:313.31,315.3 1 0
lazylab/internal/ui/ui_project_list.go:316.2,316.10 1 0
lazylab/internal/ui/ui_project_list.go:320.31,322.20 2 0
lazylab/internal/ui/ui_project_list.go:322.20,324.3 1 0
lazylab/internal/ui/ui_project_list.go:324.8,326.3 1 0
lazylab/internal/ui/ui_project_list.go:327.2,328.27 2 0
lazylab/internal/ui/ui_project_list.go:332.57,337.27 3 0
lazylab/internal/ui/ui_project_list.go:338.25,344.23 6 0
lazylab/internal/ui/ui_project_list.go:345.18,347.36 1 0
lazylab/internal/ui/ui_project_list.go:347.36,350.4 2 0
lazylab/internal/ui/ui_project_list.go:351.3,351.55 1 0
lazylab/internal/ui/ui_project_list.go:351.55,354.4 2 0
lazylab/internal/ui/ui_project_list.go:355.3,355.17 1 0
lazylab/internal/ui/ui_project_list.go:355.17,357.4 1 0
lazylab/internal/ui/ui_project_list.go:359.3,359.42 1 0
lazylab/internal/ui/ui_project_list.go:359.42,363.4 3 0
lazylab/internal/ui/ui_project_list.go:364.3,364.17 1 0
lazylab/internal/ui/ui_project_list.go:365.21,367.47 2 0
lazylab/internal/ui/ui_project_list.go:368.27,370.47 2 0
lazylab/internal/ui/ui_project_list.go:371.22,373.47 2 0
lazylab/internal/ui/ui_project_list.go:374.11,376.47 2 0
lazylab/internal/ui/ui_project_list.go:378.25,379.37 1 0
lazylab/internal/ui/ui_project_list.go:380.22,381.34 1 0
lazylab/internal/ui/ui_project_list.go:382.21,383.45 1 0
lazylab/internal/ui/ui_project_list.go:383.45,385.4 1 0
lazylab/internal/ui/ui_project_list.go:386.3,386.16 1 0
lazylab/internal/ui/ui_project_list.go:387.21,388.33 1 0
lazylab/internal/ui/ui_project_list.go:389.21,390.33 1 0
lazylab/internal/ui/ui_project_list.go:391.25,392.37 1 0
lazylab/internal/ui/ui_project_list.go:393.26,394.38 1 0
lazylab/internal/ui/ui_project_list.go:395.31,396.43 1 0
lazylab/internal/ui/ui_project_list.go:397.29,398.41 1 0
lazylab/internal/ui/ui_project_list.go:399.28,400.40 1 0
lazylab/internal/ui/ui_project_list.go:401.26,402.38 1 0
lazylab/internal/ui/ui_project_list.go:403.29,404.41 1 0
lazylab/internal/ui/ui_project_list.go:405.23,407.17 2 0
lazylab/internal/ui/ui_project_list.go:407.17,409.4 1 0
lazylab/internal/ui/ui_project_list.go:410.3,410.46 1 0
lazylab/internal/ui/ui_project_list.go:412.2,412.15 1 0
lazylab/internal/ui/ui_project_list.go:415.75,416.20 1 0
lazylab/internal/ui/ui_project_list.go:416.20,417.27 1 0
lazylab/internal/ui/ui_project_list.go:417.27,419.4 1 0
lazylab/internal/ui/ui_project_list.go:421.2,421.42 1 0
lazylab/internal/ui/ui_project_list.go:421.42,425.3 3 0
lazylab/internal/ui/ui_project_list.go:426.2,432.18 7 0
lazylab/internal/ui/ui_project_list.go:432.18,434.3 1 0
lazylab/internal/ui/ui_project_list.go:435.2,436.23 2 0
lazylab/internal/ui/ui_project_list.go:436.23,438.3 1 0
lazylab/internal/ui/ui_project_list.go:439.2,440.37 2 0
lazylab/internal/ui/ui_project_list.go:440.37,442.3 1 0
lazylab/internal/ui/ui_project_list.go:443.2,450.24 6 0
lazylab/internal/ui/ui_project_list.go:450.24,452.3 1 0
lazylab/internal/ui/ui_project_list.go:452.8,454.3 1 0
lazylab/internal/ui/ui_project_list.go:455.2,457.53 3 0
lazylab/internal/ui/ui_project_list.go:460.73,461.70 1 1
lazylab/internal/ui/ui_project_list.go:461.70,463.3 1 0
lazylab/internal/ui/ui_project_list.go:465.2,465.74 1 1
lazylab/internal/ui/ui_project_list.go:465.74,466.21 1 1
lazylab/internal/ui/ui_project_list.go:466.21,470.4 3 0
lazylab/internal/ui/ui_project_list.go:471.3,473.37 3 1
lazylab/internal/ui/ui_project_list.go:473.37,475.21 2 1
lazylab/internal/ui/ui_project_list.go:475.21,477.5 1 1
lazylab/internal/ui/ui_project_list.go:478.4,479.29 2 1
lazylab/internal/ui/ui_project_list.go:481.3,486.16 2 1
lazylab/internal/ui/ui_project_list.go:488.2,489.15 2 1
lazylab/internal/ui/ui_project_list.go:489.15,491.3 1 0
lazylab/internal/ui/ui_project_list.go:492.2,493.20 2 1
lazylab/internal/ui/ui_project_list.go:493.20,499.3 5 0
lazylab/internal/ui/ui_project_list.go:500.2,503.38 4 1
lazylab/internal/ui/ui_project_list.go:503.38,505.3 1 0
lazylab/internal/ui/ui_project_list.go:506.2,506.36 1 1
lazylab/internal/ui/ui_project_list.go:506.36,508.3 1 1
lazylab/internal/ui/ui_project_list.go:509.2,509.15 1 0
lazylab/internal/ui/ui_project_list.go:512.73,513.70 1 1
lazylab/internal/ui/ui_project_list.go:513.70,515.3 1 0
lazylab/internal/ui/ui_project_list.go:516.2,516.41 1 1
lazylab/internal/ui/ui_project_list.go:516.41,518.3 1 0
lazylab/internal/ui/ui_project_list.go:519.2,520.20 2 1
lazylab/internal/ui/ui_project_list.go:520.20,528.3 7 0
lazylab/internal/ui/ui_project_list.go:529.2,531.16 3 1
lazylab/internal/ui/ui_project_list.go:531.16,533.27 1 0
lazylab/internal/ui/ui_project_list.go:533.27,535.4 1 0
lazylab/internal/ui/ui_project_list.go:536.3,545.16 9 0
lazylab/internal/ui/ui_project_list.go:547.2,549.19 3 1
lazylab/internal/ui/ui_project_list.go:549.19,553.3 3 1
lazylab/internal/ui/ui_project_list.go:553.8,557.3 3 0
lazylab/internal/ui/ui_project_list.go:558.2,560.15 3 1
lazylab/internal/ui/ui_project_list.go:563.81,565.20 2 0
lazylab/internal/ui/ui_project_list.go:565.20,566.21 1 0
lazylab/internal/ui/ui_project_list.go:566.21,569.4 2 0
lazylab/internal/ui/ui_project_list.go:569.9,572.4 2 0
lazylab/internal/ui/ui_project_list.go:573.3,574.27 2 0
lazylab/internal/ui/ui_project_list.go:574.27,576.4 1 0
lazylab/internal/ui/ui_project_list.go:577.3,577.16 1 0
lazylab/internal/ui/ui_project_list.go:580.2,580.20 1 0
lazylab/internal/ui/ui_project_list.go:580.20,583.23 3 0
lazylab/internal/ui/ui_project_list.go:583.23,585.4 1 0
lazylab/internal/ui/ui_project_list.go:586.3,586.47 1 0
lazylab/internal/ui/ui_project_list.go:586.47,588.4 1 0
lazylab/internal/ui/ui_project_list.go:589.3,589.56 1 0
lazylab/internal/ui/ui_project_list.go:589.56,592.22 3 0
lazylab/internal/ui/ui_project_list.go:592.22,594.5 1 0
lazylab/internal/ui/ui_project_list.go:595.4,595.32 1 0
lazylab/internal/ui/ui_project_list.go:597.3,597.28 1 0
lazylab/internal/ui/ui_project_list.go:597.28,599.4 1 0
lazylab/internal/ui/ui_project_list.go:599.9,602.4 2 0
lazylab/internal/ui/ui_project_list.go:603.3,603.21 1 0
lazylab/internal/ui/ui_project_list.go:603.21,605.4 1 0
lazylab/internal/ui/ui_project_list.go:606.3,606.31 1 0
lazylab/internal/ui/ui_project_list.go:610.2,613.17 4 0
lazylab/internal/ui/ui_project_list.go:613.17,615.3 1 0
lazylab/internal/ui/ui_project_list.go:616.2,617.23 2 0
lazylab/internal/ui/ui_project_list.go:617.23,619.3 1 0
lazylab/internal/ui/ui_project_list.go:620.2,628.29 7 0
lazylab/internal/ui/ui_project_list.go:628.29,630.3 1 0
lazylab/internal/ui/ui_project_list.go:630.8,632.3 1 0
lazylab/internal/ui/ui_project_list.go:633.2,633.27 1 0
lazylab/internal/ui/ui_project_list.go:633.27,636.3 2 0
lazylab/internal/ui/ui_project_list.go:636.8,638.3 1 0
lazylab/internal/ui/ui_project_list.go:639.2,641.82 3 0
lazylab/internal/ui/ui_project_list.go:641.82,643.3 1 0
lazylab/internal/ui/ui_project_list.go:644.2,644.46 1 0
lazylab/internal/ui/ui_project_list.go:644.46,646.3 1 0
lazylab/internal/ui/ui_project_list.go:647.2,647.20 1 0
lazylab/internal/ui/ui_project_list.go:647.20,649.3 1 0
lazylab/internal/ui/ui_project_list.go:650.2,650.30 1 0
lazylab/internal/ui/ui_project_list.go:653.81,658.20 5 0
lazylab/internal/ui/ui_project_list.go:658.20,659.48 1 0
lazylab/internal/ui/ui_project_list.go:659.48,664.4 4 0
lazylab/internal/ui/ui_project_list.go:664.9,668.4 3 0
lazylab/internal/ui/ui_project_list.go:669.8,674.3 4 0
lazylab/internal/ui/ui_project_list.go:675.2,677.15 3 0
lazylab/internal/ui/ui_project_list.go:680.83,681.75 1 0
lazylab/internal/ui/ui_project_list.go:681.75,683.3 1 0
lazylab/internal/ui/ui_project_list.go:684.2,685.93 2 0
lazylab/internal/ui/ui_project_list.go:685.93,687.3 1 0
lazylab/internal/ui/ui_project_list.go:688.2,689.20 2 0
lazylab/internal/ui/ui_project_list.go:689.20,690.48 1 0
lazylab/internal/ui/ui_project_list.go:690.48,696.4 5 0
lazylab/internal/ui/ui_project_list.go:697.3,698.16 2 0
lazylab/internal/ui/ui_project_list.go:700.2,701.18 2 0
lazylab/internal/ui/ui_project_list.go:701.18,703.3 1 0
lazylab/internal/ui/ui_project_list.go:704.2,704.24 1 0
lazylab/internal/ui/ui_project_list.go:704.24,706.3 1 0
lazylab/internal/ui/ui_project_list.go:707.2,707.86 1 0
lazylab/internal/ui/ui_project_list.go:707.86,711.19 4 0
lazylab/internal/ui/ui_project_list.go:711.19,713.4 1 0
lazylab/internal/ui/ui_project_list.go:714.3,714.121 1 0
lazylab/internal/ui/ui_project_list.go:716.2,717.65 2 0
lazylab/internal/ui/ui_project_list.go:717.65,720.53 3 0
lazylab/internal/ui/ui_project_list.go:720.53,721.38 1 0
lazylab/internal/ui/ui_project_list.go:721.38,723.5 1 0
lazylab/internal/ui/ui_project_list.go:724.4,724.41 1 0
lazylab/internal/ui/ui_project_list.go:726.3,726.19 1 0
lazylab/internal/ui/ui_project_list.go:726.19,728.4 1 0
lazylab/internal/ui/ui_project_list.go:729.3,729.23 1 0
lazylab/internal/ui/ui_project_list.go:731.2,732.41 2 0
lazylab/internal/ui/ui_project_list.go:732.41,733.46 1 0
lazylab/internal/ui/ui_project_list.go:733.46,734.46 1 0
lazylab/internal/ui/ui_project_list.go:734.46,738.10 4 0
lazylab/internal/ui/ui_project_list.go:742.2,742.42 1 0
lazylab/internal/ui/ui_project_list.go:742.42,743.46 1 0
lazylab/internal/ui/ui_project_list.go:743.46,744.30 1 0
lazylab/internal/ui/ui_project_list.go:744.30,747.10 3 0
lazylab/internal/ui/ui_project_list.go:751.2,751.19 1 0
lazylab/internal/ui/ui_project_list.go:751.19,752.41 1 0
lazylab/internal/ui/ui_project_list.go:752.41,754.4 1 0
lazylab/internal/ui/ui_project_list.go:754.9,754.70 1 0
lazylab/internal/ui/ui_project_list.go:754.70,756.4 1 0
lazylab/internal/ui/ui_project_list.go:757.3,758.30 2 0
lazylab/internal/ui/ui_project_list.go:760.2,764.30 2 0
lazylab/internal/ui/ui_project_list.go:767.93,768.75 1 0
lazylab/internal/ui/ui_project_list.go:768.75,770.3 1 0
lazylab/internal/ui/ui_project_list.go:771.2,771.40 1 0
lazylab/internal/ui/ui_project_list.go:771.40,773.3 1 0
lazylab/internal/ui/ui_project_list.go:774.2,774.20 1 0
lazylab/internal/ui/ui_project_list.go:774.20,775.37 1 0
lazylab/internal/ui/ui_project_list.go:775.37,777.4 1 0
lazylab/internal/ui/ui_project_list.go:778.3,779.16 2 0
lazylab/internal/ui/ui_project_list.go:781.2,781.38 1 0
lazylab/internal/ui/ui_project_list.go:781.38,783.3 1 0
lazylab/internal/ui/ui_project_list.go:784.2,785.36 2 0
lazylab/internal/ui/ui_project_list.go:785.36,787.3 1 0
lazylab/internal/ui/ui_project_list.go:790.2,792.39 2 0
lazylab/internal/ui/ui_project_list.go:795.89,796.75 1 0
lazylab/internal/ui/ui_project_list.go:796.75,798.3 1 0
lazylab/internal/ui/ui_project_list.go:799.2,799.39 1 0
lazylab/internal/ui/ui_project_list.go:799.39,801.3 1 0
lazylab/internal/ui/ui_project_list.go:802.2,802.20 1 0
lazylab/internal/ui/ui_project_list.go:802.20,803.48 1 0
lazylab/internal/ui/ui_project_list.go:803.48,806.4 2 0
lazylab/internal/ui/ui_project_list.go:807.3,807.36 1 0
lazylab/internal/ui/ui_project_list.go:807.36,809.4 1 0
lazylab/internal/ui/ui_project_list.go:810.3,811.16 2 0
lazylab/internal/ui/ui_project_list.go:813.2,813.37 1 0
lazylab/internal/ui/ui_project_list.go:813.37,815.3 1 0
lazylab/internal/ui/ui_project_list.go:816.2,817.35 2 0
lazylab/internal/ui/ui_project_list.go:817.35,819.3 1 0
lazylab/internal/ui/ui_project_list.go:822.2,824.39 2 0
lazylab/internal/ui/ui_project_list.go:827.87,828.75 1 1
lazylab/internal/ui/ui_project_list.go:828.75,830.3 1 0
lazylab/internal/ui/ui_project_list.go:831.2,831.38 1 1
lazylab/internal/ui/ui_project_list.go:831.38,833.3 1 1
lazylab/internal/ui/ui_project_list.go:834.2,834.20 1 1
lazylab/internal/ui/ui_project_list.go:834.20,835.35 1 0
lazylab/internal/ui/ui_project_list.go:835.35,837.4 1 0
lazylab/internal/ui/ui_project_list.go:838.3,839.50 2 0
lazylab/internal/ui/ui_project_list.go:839.50,841.4 1 0
lazylab/internal/ui/ui_project_list.go:842.3,842.86 1 0
lazylab/internal/ui/ui_project_list.go:842.86,844.4 1 0
lazylab/internal/ui/ui_project_list.go:845.3,845.16 1 0
lazylab/internal/ui/ui_project_list.go:847.2,847.36 1 1
lazylab/internal/ui/ui_project_list.go:847.36,849.3 1 1
lazylab/internal/ui/ui_project_list.go:852.2,855.34 4 1
lazylab/internal/ui/ui_project_list.go:855.34,857.3 1 0
lazylab/internal/ui/ui_project_list.go:858.2,858.89 1 1
lazylab/internal/ui/ui_project_list.go:858.89,860.3 1 1
lazylab/internal/ui/ui_project_list.go:861.2,861.35 1 0
lazylab/internal/ui/ui_project_list.go:861.35,863.3 1 0
lazylab/internal/ui/ui_project_list.go:864.2,864.49 1 0
lazylab/internal/ui/ui_project_list.go:864.49,866.3 1 0
lazylab/internal/ui/ui_project_list.go:867.2,875.34 4 0
lazylab/internal/ui/ui_project_list.go:875.34,877.3 1 0
lazylab/internal/ui/ui_project_list.go:878.2,878.15 1 0
lazylab/internal/ui/ui_project_list.go:881.83,882.75 1 0
lazylab/internal/ui/ui_project_list.go:882.75,884.3 1 0
lazylab/internal/ui/ui_project_list.go:885.2,893.20 9 0
lazylab/internal/ui/ui_project_list.go:893.20,897.3 3 0
lazylab/internal/ui/ui_project_list.go:898.2,899.26 2 0
lazylab/internal/ui/ui_project_list.go:899.26,901.40 2 0
lazylab/internal/ui/ui_project_list.go:901.40,903.4 1 0
lazylab/internal/ui/ui_project_list.go:903.9,905.4 1 0
lazylab/internal/ui/ui_project_list.go:906.8,906.32 1 0
lazylab/internal/ui/ui_project_list.go:906.32,909.3 2 0
lazylab/internal/ui/ui_project_list.go:909.8,911.3 1 0
lazylab/internal/ui/ui_project_list.go:912.2,913.31 2 0
lazylab/internal/ui/ui_project_list.go:916.89,917.75 1 0
lazylab/internal/ui/ui_project_list.go:917.75,919.3 1 0
lazylab/internal/ui/ui_project_list.go:920.2,928.20 9 0
lazylab/internal/ui/ui_project_list.go:928.20,932.3 3 0
lazylab/internal/ui/ui_project_list.go:933.2,934.21 2 0
lazylab/internal/ui/ui_project_list.go:934.21,935.25 1 0
lazylab/internal/ui/ui_project_list.go:935.25,937.4 1 0
lazylab/internal/ui/ui_project_list.go:937.9,939.4 1 0
lazylab/internal/ui/ui_project_list.go:940.8,940.27 1 0
lazylab/internal/ui/ui_project_list.go:940.27,942.3 1 0
lazylab/internal/ui/ui_project_list.go:942.8,944.3 1 0
lazylab/internal/ui/ui_project_list.go:945.2,946.55 2 0
lazylab/internal/ui/ui_project_list.go:946.55,948.3 1 0
lazylab/internal/ui/ui_project_list.go:949.2,949.53 1 0
lazylab/internal/ui/ui_project_list.go:949.53,951.3 1 0
lazylab/internal/ui/ui_project_list.go:952.2,952.52 1 0
lazylab/internal/ui/ui_project_list.go:952.52,954.3 1 0
lazylab/internal/ui/ui_project_list.go:955.2,955.20 1 0
lazylab/internal/ui/ui_project_list.go:955.20,957.3 1 0
lazylab/internal/ui/ui_project_list.go:958.2,958.30 1 0
lazylab/internal/ui/ui_project_list.go:961.45,962.16 1 0
lazylab/internal/ui/ui_project_list.go:963.20,964.52 1 0
lazylab/internal/ui/ui_project_list.go:965.21,966.41 1 0
lazylab/internal/ui/ui_project_list.go:967.10,968.13 1 0
lazylab/internal/ui/ui_project_list.go:972.70,975.21 3 0
lazylab/internal/ui/ui_project_list.go:975.21,977.19 2 0
lazylab/internal/ui/ui_project_list.go:978.19,985.31 7 0
lazylab/internal/ui/ui_project_list.go:986.21,992.25 6 0
lazylab/internal/ui/ui_project_list.go:993.21,994.22 1 0
lazylab/internal/ui/ui_project_list.go:995.11,999.25 4 0
lazylab/internal/ui/ui_project_list.go:1001.3,1002.43 2 0
lazylab/internal/ui/ui_project_list.go:1002.43,1003.84 1 0
lazylab/internal/ui/ui_project_list.go:1003.84,1004.19 1 0
lazylab/internal/ui/ui_project_list.go:1004.19,1006.6 1 0
lazylab/internal/ui/ui_project_list.go:1007.5,1007.26 1 0
lazylab/internal/ui/ui_project_list.go:1010.3,1010.16 1 0
lazylab/internal/ui/ui_project_list.go:1013.2,1013.13 1 0
lazylab/internal/ui/ui_project_list.go:1014.21,1015.21 1 0
lazylab/internal/ui/ui_project_list.go:1016.11,1021.28 5 0
lazylab/internal/ui/ui_project_list.go:1022.15,1023.45 1 0
lazylab/internal/ui/ui_project_list.go:1023.45,1025.4 1 0
lazylab/internal/ui/ui_project_list.go:1026.19,1027.46 1 0
lazylab/internal/ui/ui_project_list.go:1027.46,1029.4 1 0
lazylab/internal/ui/ui_project_list.go:1030.17,1031.21 1 0
lazylab/internal/ui/ui_project_list.go:1031.21,1033.4 1 0
lazylab/internal/ui/ui_project_list.go:1034.16,1036.23 2 0
lazylab/internal/ui/ui_project_list.go:1036.23,1039.4 2 0
lazylab/internal/ui/ui_project_list.go:1040.16,1042.23 2 0
lazylab/internal/ui/ui_project_list.go:1042.23,1045.4 2 0
lazylab/internal/ui/ui_project_list.go:1046.11,1047.35 1 0
lazylab/internal/ui/ui_project_list.go:1047.35,1049.4 1 0
lazylab/internal/ui/ui_project_list.go:1050.11,1052.23 2 0
lazylab/internal/ui/ui_project_list.go:1052.23,1054.4 1 0
lazylab/internal/ui/ui_project_list.go:1055.20,1056.16 1 0
lazylab/internal/ui/ui_project_list.go:1057.19,1058.17 1 0
lazylab/internal/ui/ui_project_list.go:1059.21,1066.92 7 0
lazylab/internal/ui/ui_project_list.go:1067.16,1068.23 1 0
lazylab/internal/ui/ui_project_list.go:1070.2,1071.42 2 0
lazylab/internal/ui/ui_project_list.go:1071.42,1072.83 1 0
lazylab/internal/ui/ui_project_list.go:1072.83,1074.4 1 0
lazylab/internal/ui/ui_project_list.go:1076.2,1076.15 1 0
lazylab/internal/ui/ui_project_list.go:1079.76,1081.13 2 0
lazylab/internal/ui/ui_project_list.go:1082.21,1083.21 1 0
lazylab/internal/ui/ui_project_list.go:1084.39,1086.16 2 0
lazylab/internal/ui/ui_project_list.go:1087.19,1088.58 1 0
lazylab/internal/ui/ui_project_list.go:1088.58,1090.4 1 0
lazylab/internal/ui/ui_project_list.go:1091.17,1092.32 1 0
lazylab/internal/ui/ui_project_list.go:1092.32,1094.4 1 0
lazylab/internal/ui/ui_project_list.go:1095.15,1096.32 1 0
lazylab/internal/ui/ui_project_list.go:1097.10,1098.51 1 0
lazylab/internal/ui/ui_project_list.go:1099.10,1100.47 1 0
lazylab/internal/ui/ui_project_list.go:1103.2,1103.15 1 0
lazylab/internal/ui/ui_project_list.go:1106.71,1109.16 3 0
lazylab/internal/ui/ui_project_list.go:1109.16,1112.3 2 0
lazylab/internal/ui/ui_project_list.go:1113.2,1113.13 1 0
lazylab/internal/ui/ui_project_list.go:1114.21,1115.21 1 0
lazylab/internal/ui/ui_project_list.go:1116.13,1118.16 2 0
lazylab/internal/ui/ui_project_list.go:1119.11,1121.16 2 0
lazylab/internal/ui/ui_project_list.go:1122.11,1124.16 2 0
lazylab/internal/ui/ui_project_list.go:1125.16,1127.40 2 0
lazylab/internal/ui/ui_project_list.go:1127.40,1131.4 3 0
lazylab/internal/ui/ui_project_list.go:1132.3,1132.16 1 0
lazylab/internal/ui/ui_project_list.go:1133.16,1135.23 2 0
lazylab/internal/ui/ui_project_list.go:1135.23,1139.4 3 0
lazylab/internal/ui/ui_project_list.go:1140.3,1140.16 1 0
lazylab/internal/ui/ui_project_list.go:1141.11,1143.23 2 0
lazylab/internal/ui/ui_project_list.go:1143.23,1146.4 2 0
lazylab/internal/ui/ui_project_list.go:1147.3,1147.16 1 0
lazylab/internal/ui/ui_project_list.go:1148.11,1150.40 2 0
lazylab/internal/ui/ui_project_list.go:1150.40,1153.4 2 0
lazylab/internal/ui/ui_project_list.go:1154.3,1154.16 1 0
lazylab/internal/ui/ui_project_list.go:1155.19,1156.40 1 0
lazylab/internal/ui/ui_project_list.go:1156.40,1159.4 2 0
lazylab/internal/ui/ui_project_list.go:1160.17,1161.23 1 0
lazylab/internal/ui/ui_project_list.go:1161.23,1164.4 2 0
lazylab/internal/ui/ui_project_list.go:1165.29,1167.36 2 0
lazylab/internal/ui/ui_project_list.go:1167.36,1169.4 1 0
lazylab/internal/ui/ui_project_list.go:1170.32,1171.32 1 0
lazylab/internal/ui/ui_project_list.go:1172.21,1173.32 1 0
lazylab/internal/ui/ui_project_list.go:1175.2,1175.15 1 0
lazylab/internal/ui/ui_project_list.go:1178.75,1179.33 1 1
lazylab/internal/ui/ui_project_list.go:1179.33,1181.3 1 0
lazylab/internal/ui/ui_project_list.go:1182.2,1183.13 2 1
lazylab/internal/ui/ui_project_list.go:1184.21,1185.21 1 0
lazylab/internal/ui/ui_project_list.go:1186.39,1187.50 1 0
lazylab/internal/ui/ui_project_list.go:1187.50,1190.4 2 0
lazylab/internal/ui/ui_project_list.go:1191.3,1192.16 2 0
lazylab/internal/ui/ui_project_list.go:1193.20,1195.40 2 0
lazylab/internal/ui/ui_project_list.go:1196.11,1197.53 1 0
lazylab/internal/ui/ui_project_list.go:1197.53,1198.50 1 0
lazylab/internal/ui/ui_project_list.go:1198.50,1200.5 1 0
lazylab/internal/ui/ui_project_list.go:1202.11,1203.53 1 0
lazylab/internal/ui/ui_project_list.go:1203.53,1204.51 1 0
lazylab/internal/ui/ui_project_list.go:1204.51,1206.5 1 0
lazylab/internal/ui/ui_project_list.go:1208.11,1211.16 3 0
lazylab/internal/ui/ui_project_list.go:1212.11,1215.16 3 0
lazylab/internal/ui/ui_project_list.go:1216.16,1220.53 4 0
lazylab/internal/ui/ui_project_list.go:1220.53,1221.65 1 0
lazylab/internal/ui/ui_project_list.go:1221.65,1228.5 6 0
lazylab/internal/ui/ui_project_list.go:1229.9,1231.52 2 0
lazylab/internal/ui/ui_project_list.go:1231.52,1236.5 4 0
lazylab/internal/ui/ui_project_list.go:1238.16,1242.53 4 0
lazylab/internal/ui/ui_project_list.go:1242.53,1243.35 1 0
lazylab/internal/ui/ui_project_list.go:1243.35,1250.5 6 0
lazylab/internal/ui/ui_project_list.go:1251.9,1252.40 1 0
lazylab/internal/ui/ui_project_list.go:1252.40,1257.5 4 0
lazylab/internal/ui/ui_project_list.go:1259.11,1262.53 3 0
lazylab/internal/ui/ui_project_list.go:1262.53,1263.73 1 0
lazylab/internal/ui/ui_project_list.go:1263.73,1269.5 5 0
lazylab/internal/ui/ui_project_list.go:1270.9,1270.47 1 0
lazylab/internal/ui/ui_project_list.go:1270.47,1275.4 4 0
lazylab/internal/ui/ui_project_list.go:1276.11,1279.53 3 0
lazylab/internal/ui/ui_project_list.go:1279.53,1280.41 1 0
lazylab/internal/ui/ui_project_list.go:1280.41,1282.40 2 0
lazylab/internal/ui/ui_project_list.go:1282.40,1288.6 5 0
lazylab/internal/ui/ui_project_list.go:1290.9,1292.23 2 0
lazylab/internal/ui/ui_project_list.go:1292.23,1294.45 2 0
lazylab/internal/ui/ui_project_list.go:1294.45,1299.6 4 0
lazylab/internal/ui/ui_project_list.go:1302.19,1303.53 1 0
lazylab/internal/ui/ui_project_list.go:1303.53,1304.65 1 0
lazylab/internal/ui/ui_project_list.go:1304.65,1311.5 6 0
lazylab/internal/ui/ui_project_list.go:1312.9,1314.52 2 0
lazylab/internal/ui/ui_project_list.go:1314.52,1319.5 4 0
lazylab/internal/ui/ui_project_list.go:1321.17,1322.53 1 0
lazylab/internal/ui/ui_project_list.go:1322.53,1323.35 1 0
lazylab/internal/ui/ui_project_list.go:1323.35,1330.5 6 0
lazylab/internal/ui/ui_project_list.go:1331.9,1332.40 1 0
lazylab/internal/ui/ui_project_list.go:1332.40,1337.5 4 0
lazylab/internal/ui/ui_project_list.go:1339.21,1340.32 1 0
lazylab/internal/ui/ui_project_list.go:1341.11,1342.30 1 1
lazylab/internal/ui/ui_project_list.go:1342.30,1345.4 2 0
lazylab/internal/ui/ui_project_list.go:1346.3,1347.22 2 1
lazylab/internal/ui/ui_project_list.go:1347.22,1350.4 2 0
lazylab/internal/ui/ui_project_list.go:1351.3,1351.50 1 1
lazylab/internal/ui/ui_project_list.go:1351.50,1353.18 2 0
lazylab/internal/ui/ui_project_list.go:1353.18,1355.63 2 0
lazylab/internal/ui/ui_project_list.go:1355.63,1357.6 1 0
lazylab/internal/ui/ui_project_list.go:1358.5,1358.61 1 0
lazylab/internal/ui/ui_project_list.go:1358.61,1360.6 1 0
lazylab/internal/ui/ui_project_list.go:1361.5,1361.22 1 0
lazylab/internal/ui/ui_project_list.go:1361.22,1364.6 2 0
lazylab/internal/ui/ui_project_list.go:1365.5,1366.18 2 0
lazylab/internal/ui/ui_project_list.go:1368.4,1375.17 8 0
lazylab/internal/ui/ui_project_list.go:1377.3,1383.43 7 1
lazylab/internal/ui/ui_project_list.go:1385.2,1385.15 1 1
lazylab/internal/ui/ui_project_list.go:1388.83,1390.13 2 1
lazylab/internal/ui/ui_project_list.go:1391.21,1392.21 1 0
lazylab/internal/ui/ui_project_list.go:1393.39,1401.16 8 0
lazylab/internal/ui/ui_project_list.go:1402.15,1415.64 13 1
lazylab/internal/ui/ui_project_list.go:1415.64,1417.4 1 0
lazylab/internal/ui/ui_project_list.go:1418.3,1418.12 1 1
lazylab/internal/ui/ui_project_list.go:1418.12,1419.18 1 0
lazylab/internal/ui/ui_project_list.go:1419.18,1421.5 1 0
lazylab/internal/ui/ui_project_list.go:1422.4,1422.23 1 0
lazylab/internal/ui/ui_project_list.go:1422.23,1423.58 1 0
lazylab/internal/ui/ui_project_list.go:1423.58,1425.6 1 0
lazylab/internal/ui/ui_project_list.go:1427.4,1430.21 4 0
lazylab/internal/ui/ui_project_list.go:1430.21,1432.5 1 0
lazylab/internal/ui/ui_project_list.go:1433.4,1434.105 2 0
lazylab/internal/ui/ui_project_list.go:1436.3,1436.22 1 1
lazylab/internal/ui/ui_project_list.go:1436.22,1438.4 1 0
lazylab/internal/ui/ui_project_list.go:1439.3,1439.16 1 1
lazylab/internal/ui/ui_project_list.go:1439.16,1441.4 1 1
lazylab/internal/ui/ui_project_list.go:1442.3,1445.107 4 1
lazylab/internal/ui/ui_project_list.go:1447.2,1447.15 1 0
lazylab/internal/ui/ui_project_list.go:1450.84,1458.2 4 0
lazylab/internal/ui/ui_project_list.go:1460.35,1463.2 2 0
lazylab/internal/ui/ui_project_list.go:1465.78,1467.15 2 0
lazylab/internal/ui/ui_project_list.go:1467.15,1469.3 1 0
lazylab/internal/ui/ui_project_list.go:1470.2,1479.74 4 0
lazylab/internal/ui/ui_project_list.go:1482.82,1532.2 10 0
lazylab/internal/ui/ui_project_list.go:1534.37,1538.2 3 0
lazylab/internal/ui/ui_project_list.go:1540.59,1541.36 1 0
lazylab/internal/ui/ui_project_list.go:1541.36,1543.3 1 0
lazylab/internal/ui/ui_project_list.go:1544.2,1545.15 2 0
lazylab/internal/ui/ui_project_list.go:1545.15,1547.3 1 0
lazylab/internal/ui/ui_project_list.go:1548.2,1549.18 2 0
lazylab/internal/ui/ui_project_list.go:1549.18,1551.3 1 0
lazylab/internal/ui/ui_project_list.go:1552.2,1573.106 22 0
lazylab/internal/ui/ui_project_list.go:1576.55,1577.36 1 0
lazylab/internal/ui/ui_project_list.go:1577.36,1579.3 1 0
lazylab/internal/ui/ui_project_list.go:1580.2,1581.15 2 0
lazylab/internal/ui/ui_project_list.go:1581.15,1583.3 1 0
lazylab/internal/ui/ui_project_list.go:1584.2,1585.16 2 0
lazylab/internal/ui/ui_project_list.go:1585.16,1587.3 1 0
lazylab/internal/ui/ui_project_list.go:1588.2,1588.73 1 0
lazylab/internal/ui/ui_project_list.go:1588.73,1590.3 1 0
lazylab/internal/ui/ui_project_list.go:1591.2,1591.20 1 0
lazylab/internal/ui/ui_project_list.go:1591.20,1593.3 1 0
lazylab/internal/ui/ui_project_list.go:1594.2,1595.18 2 0
lazylab/internal/ui/ui_project_list.go:1595.18,1597.3 1 0
lazylab/internal/ui/ui_project_list.go:1598.2,1616.104 19 0
lazylab/internal/ui/ui_project_list.go:1619.77,1627.2 4 0
lazylab/internal/ui/ui_project_list.go:1629.58,1630.32 1 0
lazylab/internal/ui/ui_project_list.go:1630.32,1633.3 2 0
lazylab/internal/ui/ui_project_list.go:1634.2,1636.36 3 0
lazylab/internal/ui/ui_project_list.go:1639.58,1641.16 2 0
lazylab/internal/ui/ui_project_list.go:1641.16,1643.3 1 0
lazylab/internal/ui/ui_project_list.go:1644.2,1648.110 5 0
lazylab/internal/ui/ui_project_list.go:1651.46,1654.18 3 0
lazylab/internal/ui/ui_project_list.go:1654.18,1656.3 1 0
lazylab/internal/ui/ui_project_list.go:1659.37,1661.16 2 0
lazylab/internal/ui/ui_project_list.go:1661.16,1663.3 1 0
lazylab/internal/ui/ui_project_list.go:1664.2,1664.47 1 0
lazylab/internal/ui/ui_project_list.go:1664.47,1666.3 1 0
lazylab/internal/ui/ui_project_list.go:1667.2,1667.22 1 0
lazylab/internal/ui/ui_project_list.go:1667.22,1669.3 1 0
lazylab/internal/ui/ui_project_list.go:1670.2,1672.27 3 0
lazylab/internal/ui/ui_project_list.go:1672.27,1674.3 1 0
lazylab/internal/ui/ui_project_list.go:1674.8,1676.3 1 0
lazylab/internal/ui/ui_project_list.go:1677.2,1678.23 2 0
lazylab/internal/ui/ui_project_list.go:1681.36,1683.9 2 0
lazylab/internal/ui/ui_project_list.go:1683.9,1686.3 2 0
lazylab/internal/ui/ui_project_list.go:1687.2,1687.32 1 0
lazylab/internal/ui/ui_project_list.go:1687.32,1690.3 2 0
lazylab/internal/ui/ui_project_list.go:1691.2,1692.48 2 0
lazylab/internal/ui/ui_project_list.go:1692.48,1694.27 2 0
lazylab/internal/ui/ui_project_list.go:1694.27,1696.4 1 0
lazylab/internal/ui/ui_project_list.go:1697.3,1697.9 1 0
lazylab/internal/ui/ui_project_list.go:1699.2,1699.48 1 0
lazylab/internal/ui/ui_project_list.go:1702.61,1704.73 2 0
lazylab/internal/ui/ui_project_list.go:1704.73,1706.3 1 0
lazylab/internal/ui/ui_project_list.go:1707.2,1707.35 1 0
lazylab/internal/ui/ui_project_list.go:1710.55,1712.9 2 0
lazylab/internal/ui/ui_project_list.go:1712.9,1714.3 1 0
lazylab/internal/ui/ui_project_list.go:1715.2,1715.25 1 0
lazylab/internal/ui/ui_project_list.go:1718.41,1720.24 2 0
lazylab/internal/ui/ui_project_list.go:1720.24,1723.3 2 0
lazylab/internal/ui/ui_project_list.go:1724.2,1724.33 1 0
lazylab/internal/ui/ui_project_list.go:1724.33,1726.3 1 0
lazylab/internal/ui/ui_project_list.go:1727.2,1727.20 1 0
lazylab/internal/ui/ui_project_list.go:1727.20,1729.3 1 0
lazylab/internal/ui/ui_project_list.go:1732.68,1734.9 2 0
lazylab/internal/ui/ui_project_list.go:1734.9,1736.3 1 0
lazylab/internal/ui/ui_project_list.go:1737.2,1737.45 1 0
lazylab/internal/ui/ui_project_list.go:1740.84,1741.29 1 0
lazylab/internal/ui/ui_project_list.go:1741.29,1743.3 1 0
lazylab/internal/ui/ui_project_list.go:1744.2,1745.19 2 0
lazylab/internal/ui/ui_project_list.go:1745.19,1747.3 1 0
lazylab/internal/ui/ui_project_list.go:1748.2,1748.102 1 0
lazylab/internal/ui/ui_project_list.go:1748.102,1750.3 1 0
lazylab/internal/ui/ui_project_list.go:1751.2,1757.76 7 0
lazylab/internal/ui/ui_project_list.go:1760.52,1761.36 1 0
lazylab/internal/ui/ui_project_list.go:1761.36,1763.3 1 0
lazylab/internal/ui/ui_project_list.go:1764.2,1766.15 3 0
lazylab/internal/ui/ui_project_list.go:1766.15,1768.3 1 0
lazylab/internal/ui/ui_project_list.go:1769.2,1770.18 2 0
lazylab/internal/ui/ui_project_list.go:1770.18,1772.3 1 0
lazylab/internal/ui/ui_project_list.go:1773.2,1773.29 1 0
lazylab/internal/ui/ui_project_list.go:1773.29,1776.3 2 0
lazylab/internal/ui/ui_project_list.go:1777.2,1777.55 1 0
lazylab/internal/ui/ui_project_list.go:1777.55,1779.3 1 0
lazylab/internal/ui/ui_project_list.go:1780.2,1780.53 1 0
lazylab/internal/ui/ui_project_list.go:1780.53,1782.3 1 0
lazylab/internal/ui/ui_project_list.go:1783.2,1783.52 1 0
lazylab/internal/ui/ui_project_list.go:1783.52,1785.3 1 0
lazylab/internal/ui/ui_project_list.go:1786.2,1786.20 1 0
lazylab/internal/ui/ui_project_list.go:1786.20,1788.3 1 0
lazylab/internal/ui/ui_project_list.go:1789.2,1789.27 1 0
lazylab/internal/ui/ui_project_list.go:1792.60,1793.40 1 1
lazylab/internal/ui/ui_project_list.go:1793.40,1795.3 1 0
lazylab/internal/ui/ui_project_list.go:1796.2,1796.93 1 1
lazylab/internal/ui/ui_project_list.go:1796.93,1798.3 1 0
lazylab/internal/ui/ui_project_list.go:1799.2,1799.59 1 1
lazylab/internal/ui/ui_project_list.go:1802.59,1803.36 1 0
lazylab/internal/ui/ui_project_list.go:1803.36,1805.3 1 0
lazylab/internal/ui/ui_project_list.go:1806.2,1807.21 2 0
lazylab/internal/ui/ui_project_list.go:1807.21,1809.3 1 0
lazylab/internal/ui/ui_project_list.go:1810.2,1810.38 1 0
lazylab/internal/ui/ui_project_list.go:1810.38,1811.58 1 0
lazylab/internal/ui/ui_project_list.go:1811.58,1813.4 1 0
lazylab/internal/ui/ui_project_list.go:1815.2,1815.40 1 0
lazylab/internal/ui/ui_project_list.go:1815.40,1817.3 1 0
lazylab/internal/ui/ui_project_list.go:1818.2,1818.46 1 0
lazylab/internal/ui/ui_project_list.go:1818.46,1820.3 1 0
lazylab/internal/ui/ui_project_list.go:1821.2,1822.36 2 0
lazylab/internal/ui/ui_project_list.go:1822.36,1824.3 1 0
lazylab/internal/ui/ui_project_list.go:1825.2,1825.105 1 0
lazylab/internal/ui/ui_project_list.go:1828.57,1829.36 1 0
lazylab/internal/ui/ui_project_list.go:1829.36,1831.3 1 0
lazylab/internal/ui/ui_project_list.go:1832.2,1833.21 2 0
lazylab/internal/ui/ui_project_list.go:1833.21,1835.3 1 0
lazylab/internal/ui/ui_project_list.go:1836.2,1836.37 1 0
lazylab/internal/ui/ui_project_list.go:1836.37,1837.57 1 0
lazylab/internal/ui/ui_project_list.go:1837.57,1839.4 1 0
lazylab/internal/ui/ui_project_list.go:1841.2,1841.39 1 0
lazylab/internal/ui/ui_project_list.go:1841.39,1843.3 1 0
lazylab/internal/ui/ui_project_list.go:1844.2,1844.45 1 0
lazylab/internal/ui/ui_project_list.go:1844.45,1846.3 1 0
lazylab/internal/ui/ui_project_list.go:1847.2,1848.35 2 0
lazylab/internal/ui/ui_project_list.go:1848.35,1850.3 1 0
lazylab/internal/ui/ui_project_list.go:1851.2,1851.103 1 0
lazylab/internal/ui/ui_project_list.go:1854.54,1855.36 1 0
lazylab/internal/ui/ui_project_list.go:1855.36,1857.3 1 0
lazylab/internal/ui/ui_project_list.go:1858.2,1859.21 2 0
lazylab/internal/ui/ui_project_list.go:1859.21,1861.3 1 0
lazylab/internal/ui/ui_project_list.go:1862.2,1862.40 1 0
lazylab/internal/ui/ui_project_list.go:1862.40,1864.3 1 0
lazylab/internal/ui/ui_project_list.go:1865.2,1865.46 1 0
lazylab/internal/ui/ui_project_list.go:1865.46,1867.3 1 0
lazylab/internal/ui/ui_project_list.go:1868.2,1869.36 2 0
lazylab/internal/ui/ui_project_list.go:1869.36,1871.3 1 0
lazylab/internal/ui/ui_project_list.go:1872.2,1872.105 1 0
lazylab/internal/ui/ui_project_list.go:1875.52,1876.36 1 0
lazylab/internal/ui/ui_project_list.go:1876.36,1878.3 1 0
lazylab/internal/ui/ui_project_list.go:1879.2,1880.21 2 0
lazylab/internal/ui/ui_project_list.go:1880.21,1882.3 1 0
lazylab/internal/ui/ui_project_list.go:1883.2,1883.39 1 0
lazylab/internal/ui/ui_project_list.go:1883.39,1885.3 1 0
lazylab/internal/ui/ui_project_list.go:1886.2,1886.45 1 0
lazylab/internal/ui/ui_project_list.go:1886.45,1888.3 1 0
lazylab/internal/ui/ui_project_list.go:1889.2,1890.35 2 0
lazylab/internal/ui/ui_project_list.go:1890.35,1892.3 1 0
lazylab/internal/ui/ui_project_list.go:1893.2,1893.103 1 0
lazylab/internal/ui/ui_project_list.go:1896.65,1898.21 2 1
lazylab/internal/ui/ui_project_list.go:1898.21,1900.3 1 0
lazylab/internal/ui/ui_project_list.go:1901.2,1901.38 1 1
lazylab/internal/ui/ui_project_list.go:1901.38,1903.3 1 0
lazylab/internal/ui/ui_project_list.go:1904.2,1904.47 1 1
lazylab/internal/ui/ui_project_list.go:1907.59,1909.21 2 0
lazylab/internal/ui/ui_project_list.go:1909.21,1911.3 1 0
lazylab/internal/ui/ui_project_list.go:1912.2,1912.37 1 0
lazylab/internal/ui/ui_project_list.go:1912.37,1914.3 1 0
lazylab/internal/ui/ui_project_list.go:1915.2,1916.9 2 0
lazylab/internal/ui/ui_project_list.go:1916.9,1918.3 1 0
lazylab/internal/ui/ui_project_list.go:1919.2,1920.22 2 0
lazylab/internal/ui/ui_project_list.go:1920.22,1922.3 1 0
lazylab/internal/ui/ui_project_list.go:1923.2,1924.49 2 0
lazylab/internal/ui/ui_project_list.go:1924.49,1926.3 1 0
lazylab/internal/ui/ui_project_list.go:1927.2,1928.43 2 0
lazylab/internal/ui/ui_project_list.go:1931.51,1933.21 2 1
lazylab/internal/ui/ui_project_list.go:1933.21,1935.3 1 0
lazylab/internal/ui/ui_project_list.go:1936.2,1936.37 1 1
lazylab/internal/ui/ui_project_list.go:1936.37,1938.3 1 0
lazylab/internal/ui/ui_project_list.go:1939.2,1940.9 2 1
lazylab/internal/ui/ui_project_list.go:1940.9,1942.3 1 0
lazylab/internal/ui/ui_project_list.go:1943.2,1944.22 2 1
lazylab/internal/ui/ui_project_list.go:1944.22,1947.3 2 0
lazylab/internal/ui/ui_project_list.go:1948.2,1948.49 1 1
lazylab/internal/ui/ui_project_list.go:1948.49,1950.3 1 0
lazylab/internal/ui/ui_project_list.go:1951.2,1953.16 3 1
lazylab/internal/ui/ui_project_list.go:1953.16,1956.3 2 0
lazylab/internal/ui/ui_project_list.go:1957.2,1957.36 1 1
lazylab/internal/ui/ui_project_list.go:1957.36,1958.57 1 1
lazylab/internal/ui/ui_project_list.go:1958.57,1968.36 5 1
lazylab/internal/ui/ui_project_list.go:1968.36,1970.5 1 0
lazylab/internal/ui/ui_project_list.go:1970.10,1971.28 1 1
lazylab/internal/ui/ui_project_list.go:1971.28,1973.6 1 0
lazylab/internal/ui/ui_project_list.go:1975.4,1975.14 1 1
lazylab/internal/ui/ui_project_list.go:1978.2,1978.38 1 0
lazylab/internal/ui/ui_project_list.go:1978.38,1980.3 1 0
lazylab/internal/ui/ui_project_list.go:1981.2,1981.39 1 0
lazylab/internal/ui/ui_project_list.go:1981.39,1983.3 1 0
lazylab/internal/ui/ui_project_list.go:1984.2,1985.34 2 0
lazylab/internal/ui/ui_project_list.go:1985.34,1987.3 1 0
lazylab/internal/ui/ui_project_list.go:1988.2,1990.97 3 0
lazylab/internal/ui/ui_project_list.go:1993.51,1995.21 2 0
lazylab/internal/ui/ui_project_list.go:1995.21,1997.3 1 0
lazylab/internal/ui/ui_project_list.go:1998.2,1998.37 1 0
lazylab/internal/ui/ui_project_list.go:1998.37,2000.3 1 0
lazylab/internal/ui/ui_project_list.go:2001.2,2002.9 2 0
lazylab/internal/ui/ui_project_list.go:2002.9,2004.3 1 0
lazylab/internal/ui/ui_project_list.go:2005.2,2006.22 2 0
lazylab/internal/ui/ui_project_list.go:2006.22,2007.46 1 0
lazylab/internal/ui/ui_project_list.go:2007.46,2009.4 1 0
lazylab/internal/ui/ui_project_list.go:2010.3,2010.13 1 0
lazylab/internal/ui/ui_project_list.go:2012.2,2012.49 1 0
lazylab/internal/ui/ui_project_list.go:2012.49,2014.3 1 0
lazylab/internal/ui/ui_project_list.go:2015.2,2017.16 3 0
lazylab/internal/ui/ui_project_list.go:2017.16,2018.46 1 0
lazylab/internal/ui/ui_project_list.go:2018.46,2020.4 1 0
lazylab/internal/ui/ui_project_list.go:2021.3,2021.13 1 0
lazylab/internal/ui/ui_project_list.go:2023.2,2023.38 1 0
lazylab/internal/ui/ui_project_list.go:2023.38,2025.3 1 0
lazylab/internal/ui/ui_project_list.go:2026.2,2026.39 1 0
lazylab/internal/ui/ui_project_list.go:2026.39,2028.3 1 0
lazylab/internal/ui/ui_project_list.go:2029.2,2030.34 2 0
lazylab/internal/ui/ui_project_list.go:2030.34,2032.3 1 0
lazylab/internal/ui/ui_project_list.go:2033.2,2033.39 1 0
lazylab/internal/ui/ui_project_list.go:2033.39,2035.86 2 0
lazylab/internal/ui/ui_project_list.go:2035.86,2037.4 1 0
lazylab/internal/ui/ui_project_list.go:2038.8,2038.92 1 0
lazylab/internal/ui/ui_project_list.go:2038.92,2040.3 1 0
lazylab/internal/ui/ui_project_list.go:2041.2,2041.97 1 0
lazylab/internal/ui/ui_project_list.go:2044.59,2045.36 1 0
lazylab/internal/ui/ui_project_list.go:2045.36,2047.3 1 0
lazylab/internal/ui/ui_project_list.go:2048.2,2048.73 1 0
lazylab/internal/ui/ui_project_list.go:2048.73,2051.3 2 0
lazylab/internal/ui/ui_project_list.go:2052.2,2052.34 1 0
lazylab/internal/ui/ui_project_list.go:2052.34,2054.3 1 0
lazylab/internal/ui/ui_project_list.go:2055.2,2056.26 2 0
lazylab/internal/ui/ui_project_list.go:2056.26,2058.3 1 0
lazylab/internal/ui/ui_project_list.go:2059.2,2059.89 1 0
lazylab/internal/ui/ui_project_list.go:2059.89,2061.3 1 0
lazylab/internal/ui/ui_project_list.go:2062.2,2068.13 2 0
lazylab/internal/ui/ui_project_list.go:2071.43,2076.2 4 0
lazylab/internal/ui/ui_project_list.go:2078.55,2079.26 1 1
lazylab/internal/ui/ui_project_list.go:2079.26,2081.35 2 1
lazylab/internal/ui/ui_project_list.go:2081.35,2082.93 1 1
lazylab/internal/ui/ui_project_list.go:2082.93,2084.5 1 1
lazylab/internal/ui/ui_project_list.go:2086.3,2086.18 1 1
lazylab/internal/ui/ui_project_list.go:2088.2,2088.28 1 1
lazylab/internal/ui/ui_project_list.go:2091.57,2092.15 1 1
lazylab/internal/ui/ui_project_list.go:2092.15,2094.3 1 0
lazylab/internal/ui/ui_project_list.go:2095.2,2095.52 1 1
lazylab/internal/ui/ui_project_list.go:2095.52,2097.3 1 0
lazylab/internal/ui/ui_project_list.go:2098.2,2099.33 2 1
lazylab/internal/ui/ui_project_list.go:2099.33,2101.3 1 0
lazylab/internal/ui/ui_project_list.go:2102.2,2103.30 2 1
lazylab/internal/ui/ui_project_list.go:2103.30,2105.3 1 1
lazylab/internal/ui/ui_project_list.go:2106.2,2106.33 1 1
lazylab/internal/ui/ui_project_list.go:2110.37,2113.28 3 0
lazylab/internal/ui/ui_project_list.go:2113.28,2115.3 1 0
lazylab/internal/ui/ui_project_list.go:2116.2,2123.48 4 0
lazylab/internal/ui/ui_project_list.go:2123.48,2125.3 1 0
lazylab/internal/ui/ui_project_list.go:2128.53,2132.23 4 0
lazylab/internal/ui/ui_project_list.go:2132.23,2134.3 1 0
lazylab/internal/ui/ui_project_list.go:2135.2,2135.23 1 0
lazylab/internal/ui/ui_project_list.go:2135.23,2137.3 1 0
lazylab/internal/ui/ui_project_list.go:2138.2,2138.27 1 0
lazylab/internal/ui/ui_project_list.go:2143.32,2144.90 1 1
lazylab/internal/ui/ui_project_list.go:2144.90,2146.3 1 1
lazylab/internal/ui/ui_project_list.go:2149.2,2150.45 2 1
lazylab/internal/ui/ui_project_list.go:2150.45,2152.3 1 1
lazylab/internal/ui/ui_project_list.go:2153.2,2157.32 3 1
lazylab/internal/ui/ui_project_list.go:2157.32,2160.39 2 1
lazylab/internal/ui/ui_project_list.go:2160.39,2161.12 1 0
lazylab/internal/ui/ui_project_list.go:2163.3,2164.39 2 1
lazylab/internal/ui/ui_project_list.go:2164.39,2166.4 1 0
lazylab/internal/ui/ui_project_list.go:2167.3,2167.35 1 1
lazylab/internal/ui/ui_project_list.go:2167.35,2169.4 1 0
lazylab/internal/ui/ui_project_list.go:2174.48,2175.37 1 1
lazylab/internal/ui/ui_project_list.go:2175.37,2177.3 1 1
lazylab/internal/ui/ui_project_list.go:2178.2,2179.90 2 1
lazylab/internal/ui/ui_project_list.go:2182.48,2184.18 2 1
lazylab/internal/ui/ui_project_list.go:2184.18,2187.3 2 0
lazylab/internal/ui/ui_project_list.go:2188.2,2188.19 1 1
lazylab/internal/ui/ui_project_list.go:2188.19,2194.3 2 1
lazylab/internal/ui/ui_project_list.go:2195.2,2195.73 1 1
lazylab/internal/ui/ui_project_list.go:2195.73,2197.3 1 0
lazylab/internal/ui/ui_project_list.go:2198.2,2198.143 1 1
lazylab/internal/ui/ui_project_list.go:2198.143,2200.3 1 0
lazylab/internal/ui/ui_project_list.go:2201.2,2202.109 2 1
lazylab/internal/ui/ui_project_list.go:2205.45,2206.32 1 1
lazylab/internal/ui/ui_project_list.go:2206.32,2208.3 1 0
lazylab/internal/ui/ui_project_list.go:2209.2,2209.51 1 1
lazylab/internal/ui/ui_project_list.go:2212.44,2213.31 1 0
lazylab/internal/ui/ui_project_list.go:2213.31,2215.3 1 0
lazylab/internal/ui/ui_project_list.go:2216.2,2216.51 1 0
lazylab/internal/ui/ui_project_list.go:2219.50,2221.41 2 1
lazylab/internal/ui/ui_project_list.go:2221.41,2223.3 1 0
lazylab/internal/ui/ui_project_list.go:2224.2,2224.58 1 1
lazylab/internal/ui/ui_project_list.go:2224.58,2226.3 1 0
lazylab/internal/ui/ui_project_list.go:2227.2,2227.35 1 1
lazylab/internal/ui/ui_project_list.go:2231.36,2233.21 2 0
lazylab/internal/ui/ui_project_list.go:2233.21,2236.3 2 0
lazylab/internal/ui/ui_project_list.go:2238.2,2241.22 3 0
lazylab/internal/ui/ui_project_list.go:2241.22,2244.3 2 0
lazylab/internal/ui/ui_project_list.go:2247.2,2248.31 2 0
lazylab/internal/ui/ui_project_list.go:2248.31,2250.19 2 0
lazylab/internal/ui/ui_project_list.go:2250.19,2252.4 1 0
lazylab/internal/ui/ui_project_list.go:2253.3,2254.20 2 0
lazylab/internal/ui/ui_project_list.go:2254.20,2256.4 1 0
lazylab/internal/ui/ui_project_list.go:2257.3,2261.4 1 0
lazylab/internal/ui/ui_project_list.go:2264.2,2267.85 2 0
lazylab/internal/ui/ui_project_list.go:2267.85,2269.3 1 0
lazylab/internal/ui/ui_project_list.go:2273.39,2274.28 1 0
lazylab/internal/ui/ui_project_list.go:2274.28,2277.97 3 0
lazylab/internal/ui/ui_project_list.go:2277.97,2280.4 2 0
lazylab/internal/ui/ui_project_list.go:2282.2,2282.29 1 0
lazylab/internal/ui/ui_project_list.go:2282.29,2285.95 3 0
lazylab/internal/ui/ui_project_list.go:2285.95,2288.4 2 0
lazylab/internal/ui/ui_project_list_commands.go:98.113,99.24 1 0
lazylab/internal/ui/ui_project_list_commands.go:99.24,104.3 4 0
lazylab/internal/ui/ui_project_list_commands.go:107.48,108.24 1 0
lazylab/internal/ui/ui_project_list_commands.go:108.24,110.17 2 0
lazylab/internal/ui/ui_project_list_commands.go:110.17,111.40 1 0
lazylab/internal/ui/ui_project_list_commands.go:111.40,113.5 1 0
lazylab/internal/ui/ui_project_list_commands.go:114.4,114.35 1 0
lazylab/internal/ui/ui_project_list_commands.go:116.3,116.57 1 0
lazylab/internal/ui/ui_project_list_commands.go:120.79,121.24 1 0
lazylab/internal/ui/ui_project_list_commands.go:121.24,122.46 1 0
lazylab/internal/ui/ui_project_list_commands.go:122.46,124.4 1 0
lazylab/internal/ui/ui_project_list_commands.go:125.3,125.25 1 0
lazylab/internal/ui/ui_project_list_commands.go:129.106,130.24 1 1
lazylab/internal/ui/ui_project_list_commands.go:130.24,135.3 4 0
lazylab/internal/ui/ui_project_list_commands.go:138.110,139.24 1 1
lazylab/internal/ui/ui_project_list_commands.go:139.24,143.17 4 0
lazylab/internal/ui/ui_project_list_commands.go:143.17,145.4 1 0
lazylab/internal/ui/ui_project_list_commands.go:146.3,146.79 1 0
lazylab/internal/ui/ui_project_list_commands.go:150.104,151.24 1 0
lazylab/internal/ui/ui_project_list_commands.go:151.24,155.32 4 0
lazylab/internal/ui/ui_project_list_commands.go:155.32,157.4 1 0
lazylab/internal/ui/ui_project_list_commands.go:158.3,159.88 2 0
lazylab/internal/ui/ui_project_list_commands.go:163.108,164.24 1 0
lazylab/internal/ui/ui_project_list_commands.go:164.24,168.17 4 0
lazylab/internal/ui/ui_project_list_commands.go:168.17,170.4 1 0
lazylab/internal/ui/ui_project_list_commands.go:171.3,178.4 1 0
lazylab/internal/ui/ui_project_list_commands.go:182.110,183.24 1 0
lazylab/internal/ui/ui_project_list_commands.go:183.24,188.3 4 0
lazylab/internal/ui/ui_project_list_commands.go:191.108,192.24 1 0
lazylab/internal/ui/ui_project_list_commands.go:192.24,197.3 4 0
lazylab/internal/ui/ui_project_list_commands.go:200.102,201.24 1 0
lazylab/internal/ui/ui_project_list_commands.go:201.24,205.17 4 0
lazylab/internal/ui/ui_project_list_commands.go:205.17,207.4 1 0
lazylab/internal/ui/ui_project_list_commands.go:208.3,208.84 1 0
lazylab/internal/ui/ui_project_list_commands.go:212.116,213.24 1 1
lazylab/internal/ui/ui_project_list_commands.go:213.24,218.3 4 0
lazylab/internal/ui/ui_project_list_commands.go:221.106,222.24 1 0
lazylab/internal/ui/ui_project_list_commands.go:222.24,227.3 4 0
lazylab/internal/ui/ui_project_list_commands.go:230.32,231.67 1 0
lazylab/internal/ui/ui_project_list_commands.go:231.67,233.3 1 0
lazylab/internal/ui/ui_project_list_helpers.go:56.41,57.31 1 0
lazylab/internal/ui/ui_project_list_helpers.go:57.31,59.3 1 0
lazylab/internal/ui/ui_project_list_helpers.go:60.2,60.14 1 0
lazylab/internal/ui/ui_project_list_helpers.go:60.14,62.3 1 0
lazylab/internal/ui/ui_project_list_helpers.go:63.2,63.26 1 0
lazylab/internal/ui/ui_project_list_helpers.go:66.79,67.40 1 0
lazylab/internal/ui/ui_project_list_helpers.go:67.40,68.38 1 0
lazylab/internal/ui/ui_project_list_helpers.go:68.38,69.64 1 0
lazylab/internal/ui/ui_project_list_helpers.go:69.64,71.5 1 0
lazylab/internal/ui/ui_project_list_helpers.go:72.4,72.31 1 0
lazylab/internal/ui/ui_project_list_helpers.go:74.3,74.19 1 0
lazylab/internal/ui/ui_project_list_helpers.go:76.2,76.52 1 0
lazylab/internal/ui/ui_project_list_helpers.go:76.52,78.3 1 0
lazylab/internal/ui/ui_project_list_helpers.go:79.2,79.19 1 0
lazylab/internal/ui/ui_project_list_helpers.go:82.56,83.33 1 0
lazylab/internal/ui/ui_project_list_helpers.go:84.17,85.25 1 0
lazylab/internal/ui/ui_project_list_helpers.go:86.16,87.24 1 0
lazylab/internal/ui/ui_project_list_helpers.go:88.17,89.25 1 0
lazylab/internal/ui/ui_project_list_helpers.go:90.65,91.25 1 0
lazylab/internal/ui/ui_project_list_helpers.go:92.31,93.26 1 0
lazylab/internal/ui/ui_project_list_helpers.go:94.17,95.25 1 0
lazylab/internal/ui/ui_project_list_helpers.go:96.10,97.25 1 0
lazylab/internal/ui/ui_project_list_helpers.go:101.48,103.17 2 0
lazylab/internal/ui/ui_project_list_helpers.go:103.17,105.3 1 0
lazylab/internal/ui/ui_project_list_helpers.go:106.2,106.14 1 0
lazylab/internal/ui/ui_project_list_helpers.go:109.48,111.2 1 0
lazylab/internal/ui/ui_project_list_helpers.go:113.73,115.20 2 0
lazylab/internal/ui/ui_project_list_helpers.go:115.20,117.14 2 0
lazylab/internal/ui/ui_project_list_helpers.go:117.14,119.4 1 0
lazylab/internal/ui/ui_project_list_helpers.go:121.2,121.71 1 0
lazylab/internal/ui/ui_project_list_helpers.go:124.74,125.25 1 0
lazylab/internal/ui/ui_project_list_helpers.go:125.25,127.3 1 0
lazylab/internal/ui/ui_project_list_helpers.go:128.2,128.14 1 0
lazylab/internal/ui/ui_project_list_helpers.go:128.14,130.3 1 0
lazylab/internal/ui/ui_project_list_helpers.go:131.2,131.39 1 0
lazylab/internal/ui/ui_project_list_helpers.go:134.85,136.22 2 1
lazylab/internal/ui/ui_project_list_helpers.go:136.22,138.25 2 1
lazylab/internal/ui/ui_project_list_helpers.go:138.25,139.12 1 0
lazylab/internal/ui/ui_project_list_helpers.go:141.3,141.46 1 1
lazylab/internal/ui/ui_project_list_helpers.go:141.46,143.4 1 1
lazylab/internal/ui/ui_project_list_helpers.go:145.2,145.17 1 1
lazylab/internal/ui/ui_project_list_helpers.go:148.70,149.20 1 0
lazylab/internal/ui/ui_project_list_helpers.go:149.20,151.3 1 0
lazylab/internal/ui/ui_project_list_helpers.go:152.2,154.27 3 0
lazylab/internal/ui/ui_project_list_helpers.go:154.27,155.25 1 0
lazylab/internal/ui/ui_project_list_helpers.go:155.25,156.12 1 0
lazylab/internal/ui/ui_project_list_helpers.go:158.3,160.19 3 0
lazylab/internal/ui/ui_project_list_helpers.go:160.19,162.4 1 0
lazylab/internal/ui/ui_project_list_helpers.go:163.3,163.19 1 0
lazylab/internal/ui/ui_project_list_helpers.go:165.2,165.16 1 0
lazylab/internal/ui/ui_project_list_helpers.go:165.16,167.3 1 0
lazylab/internal/ui/ui_project_list_helpers.go:168.2,169.121 2 0
lazylab/internal/ui/ui_project_list_helpers.go:169.121,170.41 1 0
lazylab/internal/ui/ui_project_list_helpers.go:170.41,172.4 1 0
lazylab/internal/ui/ui_project_list_helpers.go:173.3,173.22 1 0
lazylab/internal/ui/ui_project_list_helpers.go:173.22,174.9 1 0
lazylab/internal/ui/ui_project_list_helpers.go:177.2,177.21 1 0
lazylab/internal/ui/ui_project_list_helpers.go:177.21,179.3 1 0
lazylab/internal/ui/ui_project_list_helpers.go:180.2,180.72 1 0
lazylab/internal/ui/ui_project_list_helpers.go:183.54,184.34 1 1
lazylab/internal/ui/ui_project_list_helpers.go:184.34,186.3 1 1
lazylab/internal/ui/ui_project_list_helpers.go:187.2,188.21 2 0
lazylab/internal/ui/ui_project_list_helpers.go:188.21,190.3 1 0
lazylab/internal/ui/ui_project_list_helpers.go:191.2,192.22 2 0
lazylab/internal/ui/ui_project_list_helpers.go:192.22,193.44 1 0
lazylab/internal/ui/ui_project_list_helpers.go:193.44,195.4 1 0
lazylab/internal/ui/ui_project_list_helpers.go:197.2,197.12 1 0
lazylab/internal/ui/ui_project_list_helpers.go:200.43,201.16 1 0
lazylab/internal/ui/ui_project_list_helpers.go:201.16,203.3 1 0
lazylab/internal/ui/ui_project_list_helpers.go:204.2,205.21 2 0
lazylab/internal/ui/ui_project_list_helpers.go:205.21,207.3 1 0
lazylab/internal/ui/ui_project_list_helpers.go:208.2,210.33 3 0
lazylab/internal/ui/ui_project_list_helpers.go:210.33,211.36 1 0
lazylab/internal/ui/ui_project_list_helpers.go:211.36,214.4 2 0
lazylab/internal/ui/ui_project_list_helpers.go:214.9,216.4 1 0
lazylab/internal/ui/ui_project_list_helpers.go:218.2,219.34 2 0
lazylab/internal/ui/ui_project_list_helpers.go:222.85,223.19 1 1
lazylab/internal/ui/ui_project_list_helpers.go:223.19,225.3 1 0
lazylab/internal/ui/ui_project_list_helpers.go:226.2,226.16 1 1
lazylab/internal/ui/ui_project_list_helpers.go:226.16,228.3 1 0
lazylab/internal/ui/ui_project_list_helpers.go:229.2,229.76 1 1
lazylab/internal/ui/ui_project_list_helpers.go:229.76,231.3 1 1
lazylab/internal/ui/ui_project_list_helpers.go:232.2,232.80 1 0
lazylab/internal/ui/ui_project_list_helpers.go:232.80,234.3 1 0
lazylab/internal/ui/ui_project_list_helpers.go:235.2,235.28 1 0
lazylab/internal/ui/ui_project_list_helpers.go:238.72,240.16 2 1
lazylab/internal/ui/ui_project_list_helpers.go:240.16,242.17 2 0
lazylab/internal/ui/ui_project_list_helpers.go:242.17,244.4 1 0
lazylab/internal/ui/ui_project_list_helpers.go:246.2,254.16 2 1
lazylab/internal/ui/ui_project_list_helpers.go:254.16,256.3 1 1
lazylab/internal/ui/ui_project_list_helpers.go:257.2,262.34 6 1
lazylab/internal/ui/ui_project_list_helpers.go:262.34,264.3 1 0
lazylab/internal/ui/ui_project_list_helpers.go:265.2,265.52 1 1
lazylab/internal/ui/ui_project_list_helpers.go:268.76,271.39 3 0
lazylab/internal/ui/ui_project_list_helpers.go:271.39,273.3 1 0
lazylab/internal/ui/ui_project_list_helpers.go:274.2,275.16 2 0
lazylab/internal/ui/ui_project_list_helpers.go:275.16,277.3 1 0
lazylab/internal/ui/ui_project_list_helpers.go:278.2,283.16 3 0
lazylab/internal/ui/ui_project_list_helpers.go:283.16,285.3 1 0
lazylab/internal/ui/ui_project_list_helpers.go:286.2,287.16 2 0
lazylab/internal/ui/ui_project_list_helpers.go:287.16,289.3 1 0
lazylab/internal/ui/ui_project_list_helpers.go:290.2,290.43 1 0
lazylab/internal/ui/ui_project_list_helpers.go:293.43,295.14 2 0
lazylab/internal/ui/ui_project_list_helpers.go:296.20,297.22 1 0
lazylab/internal/ui/ui_project_list_helpers.go:298.18,299.20 1 0
lazylab/internal/ui/ui_project_list_helpers.go:301.2,302.12 2 0
lazylab/internal/ui/ui_project_list_helpers.go:305.55,306.16 1 1
lazylab/internal/ui/ui_project_list_helpers.go:306.16,308.3 1 1
lazylab/internal/ui/ui_project_list_helpers.go:309.2,309.16 1 1
lazylab/internal/ui/ui_project_list_helpers.go:309.16,311.3 1 0
lazylab/internal/ui/ui_project_list_helpers.go:312.2,315.25 4 1
lazylab/internal/ui/ui_project_list_helpers.go:315.25,317.45 2 1
lazylab/internal/ui/ui_project_list_helpers.go:317.45,321.4 3 0
lazylab/internal/ui/ui_project_list_helpers.go:322.3,322.17 1 1
lazylab/internal/ui/ui_project_list_helpers.go:322.17,324.12 2 0
lazylab/internal/ui/ui_project_list_helpers.go:326.3,328.28 3 1
lazylab/internal/ui/ui_project_list_helpers.go:328.28,332.4 3 1
lazylab/internal/ui/ui_project_list_helpers.go:334.2,334.17 1 1
lazylab/internal/ui/ui_project_list_helpers.go:334.17,336.3 1 1
lazylab/internal/ui/ui_project_list_helpers.go:337.2,337.24 1 1
lazylab/internal/ui/ui_project_list_helpers.go:337.24,339.3 1 0
lazylab/internal/ui/ui_project_list_helpers.go:340.2,340.17 1 1
lazylab/internal/ui/ui_project_list_helpers.go:343.46,346.28 3 1
lazylab/internal/ui/ui_project_list_helpers.go:346.28,348.3 1 0
lazylab/internal/ui/ui_project_list_helpers.go:349.2,350.33 2 1
lazylab/internal/ui/ui_project_list_helpers.go:350.33,352.31 2 1
lazylab/internal/ui/ui_project_list_helpers.go:352.31,353.30 1 1
lazylab/internal/ui/ui_project_list_helpers.go:353.30,356.10 3 1
lazylab/internal/ui/ui_project_list_helpers.go:358.4,358.10 1 1
lazylab/internal/ui/ui_project_list_helpers.go:360.3,360.13 1 1
lazylab/internal/ui/ui_project_list_helpers.go:360.13,362.4 1 1
lazylab/internal/ui/ui_project_list_helpers.go:364.2,364.13 1 1
lazylab/internal/ui/ui_project_list_helpers.go:367.35,369.17 2 0
lazylab/internal/ui/ui_project_list_helpers.go:369.17,371.3 1 0
lazylab/internal/ui/ui_project_list_helpers.go:372.2,373.14 2 0
lazylab/internal/ui/ui_project_list_helpers.go:373.14,375.3 1 0
lazylab/internal/ui/ui_project_list_helpers.go:376.2,376.13 1 0
lazylab/internal/ui/ui_project_list_helpers.go:379.68,380.16 1 0
lazylab/internal/ui/ui_project_list_helpers.go:380.16,382.3 1 0
lazylab/internal/ui/ui_project_list_helpers.go:383.2,383.63 1 0
lazylab/internal/ui/ui_project_list_helpers.go:386.79,388.29 2 0
lazylab/internal/ui/ui_project_list_helpers.go:388.29,389.36 1 0
lazylab/internal/ui/ui_project_list_helpers.go:389.36,391.4 1 0
lazylab/internal/ui/ui_project_list_helpers.go:393.2,393.24 1 0
lazylab/internal/ui/ui_project_list_helpers.go:393.24,395.3 1 0
lazylab/internal/ui/ui_project_list_helpers.go:396.2,396.17 1 0
lazylab/internal/ui/ui_project_list_helpers.go:396.17,399.20 3 0
lazylab/internal/ui/ui_project_list_helpers.go:399.20,401.4 1 0
lazylab/internal/ui/ui_project_list_helpers.go:402.3,402.35 1 0
lazylab/internal/ui/ui_project_list_helpers.go:404.2,404.29 1 0
lazylab/internal/ui/ui_project_list_helpers.go:404.29,406.3 1 0
lazylab/internal/ui/ui_project_list_helpers.go:407.2,409.19 3 0
lazylab/internal/ui/ui_project_list_helpers.go:409.19,411.3 1 0
lazylab/internal/ui/ui_project_list_helpers.go:412.2,413.28 2 0
lazylab/internal/ui/ui_project_list_helpers.go:413.28,415.3 1 0
lazylab/internal/ui/ui_project_list_helpers.go:416.2,416.29 1 0
lazylab/internal/ui/ui_project_list_helpers.go:416.29,418.3 1 0
lazylab/internal/ui/ui_project_list_helpers.go:419.2,420.34 2 0
lazylab/internal/ui/ui_project_list_helpers.go:423.42,424.18 1 1
lazylab/internal/ui/ui_project_list_helpers.go:424.18,426.3 1 0
lazylab/internal/ui/ui_project_list_helpers.go:427.2,427.15 1 1
lazylab/internal/ui/ui_project_list_helpers.go:430.36,431.16 1 1
lazylab/internal/ui/ui_project_list_helpers.go:431.16,433.3 1 1
lazylab/internal/ui/ui_project_list_helpers.go:434.2,436.15 3 1
lazylab/internal/ui/ui_project_list_helpers.go:436.15,438.3 1 1
lazylab/internal/ui/ui_project_list_helpers.go:439.2,439.19 1 1
lazylab/internal/ui/ui_project_list_helpers.go:442.47,443.34 1 1
lazylab/internal/ui/ui_project_list_helpers.go:443.34,444.39 1 1
lazylab/internal/ui/ui_project_list_helpers.go:444.39,446.4 1 1
lazylab/internal/ui/ui_project_list_helpers.go:448.2,448.11 1 0
lazylab/internal/ui/ui_project_list_helpers.go:451.66,452.15 1 1
lazylab/internal/ui/ui_project_list_helpers.go:452.15,454.3 1 0
lazylab/internal/ui/ui_project_list_helpers.go:455.2,456.21 2 1
lazylab/internal/ui/ui_project_list_helpers.go:456.21,458.3 1 0
lazylab/internal/ui/ui_project_list_helpers.go:459.2,460.30 2 1
lazylab/internal/ui/ui_project_list_helpers.go:460.30,462.21 2 1
lazylab/internal/ui/ui_project_list_helpers.go:462.21,464.4 1 1
lazylab/internal/ui/ui_project_list_helpers.go:465.3,465.35 1 1
lazylab/internal/ui/ui_project_list_helpers.go:467.2,467.15 1 1
lazylab/internal/ui/ui_project_list_helpers.go:470.45,471.16 1 1
lazylab/internal/ui/ui_project_list_helpers.go:471.16,473.3 1 0
lazylab/internal/ui/ui_project_list_helpers.go:474.2,474.34 1 1
lazylab/internal/ui/ui_project_list_helpers.go:474.34,476.26 2 1
lazylab/internal/ui/ui_project_list_helpers.go:476.26,477.52 1 1
lazylab/internal/ui/ui_project_list_helpers.go:477.52,478.10 1 1
lazylab/internal/ui/ui_project_list_helpers.go:480.4,480.18 1 1
lazylab/internal/ui/ui_project_list_helpers.go:482.3,482.20 1 1
lazylab/internal/ui/ui_project_list_helpers.go:484.2,485.13 2 1
lazylab/internal/ui/ui_project_list_helpers.go:485.13,487.3 1 1
lazylab/internal/ui/ui_project_list_helpers.go:488.2,488.13 1 1
lazylab/internal/ui/ui_project_list_helpers.go:491.47,492.16 1 1
lazylab/internal/ui/ui_project_list_helpers.go:492.16,494.3 1 0
lazylab/internal/ui/ui_project_list_helpers.go:495.2,495.35 1 1
lazylab/internal/ui/ui_project_list_helpers.go:495.35,497.3 1 1
lazylab/internal/ui/ui_project_list_helpers.go:498.2,498.16 1 0
lazylab/internal/ui/ui_project_list_helpers.go:498.16,500.3 1 0
lazylab/internal/ui/ui_project_list_helpers.go:501.2,503.25 3 0
lazylab/internal/ui/ui_project_list_helpers.go:503.25,505.32 2 0
lazylab/internal/ui/ui_project_list_helpers.go:505.32,506.9 1 0
lazylab/internal/ui/ui_project_list_helpers.go:508.3,509.21 2 0
lazylab/internal/ui/ui_project_list_helpers.go:511.2,511.27 1 0
lazylab/internal/ui/ui_project_list_helpers.go:514.48,516.29 2 0
lazylab/internal/ui/ui_project_list_helpers.go:516.29,518.3 1 0
lazylab/internal/ui/ui_project_list_helpers.go:519.2,519.34 1 0
lazylab/internal/ui/ui_project_list_helpers.go:522.51,523.16 1 0
lazylab/internal/ui/ui_project_list_helpers.go:523.16,525.3 1 0
lazylab/internal/ui/ui_project_list_helpers.go:526.2,526.37 1 0
lazylab/internal/ui/ui_project_list_helpers.go:526.37,528.3 1 0
lazylab/internal/ui/ui_project_list_helpers.go:529.2,529.16 1 0
lazylab/internal/ui/ui_project_list_helpers.go:529.16,531.3 1 0
lazylab/internal/ui/ui_project_list_helpers.go:532.2,532.42 1 0
lazylab/internal/ui/ui_project_list_helpers.go:535.62,539.25 4 0
lazylab/internal/ui/ui_project_list_helpers.go:539.25,541.3 1 0
lazylab/internal/ui/ui_project_list_helpers.go:542.2,542.16 1 0
lazylab/internal/ui/ui_project_list_helpers.go:542.16,543.34 1 0
lazylab/internal/ui/ui_project_list_helpers.go:543.34,545.4 1 0
lazylab/internal/ui/ui_project_list_helpers.go:546.3,546.17 1 0
lazylab/internal/ui/ui_project_list_helpers.go:546.17,548.4 1 0
lazylab/internal/ui/ui_project_list_helpers.go:550.2,550.33 1 0
lazylab/internal/ui/ui_project_list_helpers.go:550.33,552.3 1 0
lazylab/internal/ui/ui_project_list_helpers.go:553.2,554.28 2 0
lazylab/internal/ui/ui_project_list_helpers.go:554.28,556.3 1 0
lazylab/internal/ui/ui_project_list_helpers.go:557.2,558.36 2 0
lazylab/internal/ui/ui_project_list_helpers.go:558.36,560.3 1 0
lazylab/internal/ui/ui_project_list_helpers.go:561.2,561.23 1 0
lazylab/internal/ui/ui_project_list_helpers.go:561.23,563.3 1 0
lazylab/internal/ui/ui_project_list_helpers.go:564.2,568.61 5 0
lazylab/internal/ui/ui_project_list_helpers.go:568.61,571.15 3 0
lazylab/internal/ui/ui_project_list_helpers.go:571.15,572.12 1 0
lazylab/internal/ui/ui_project_list_helpers.go:574.3,577.59 4 0
lazylab/internal/ui/ui_project_list_helpers.go:579.2,579.38 1 0
lazylab/internal/ui/ui_project_list_helpers.go:582.49,583.16 1 0
lazylab/internal/ui/ui_project_list_helpers.go:583.16,585.3 1 0
lazylab/internal/ui/ui_project_list_helpers.go:586.2,586.36 1 0
lazylab/internal/ui/ui_project_list_helpers.go:586.36,588.3 1 0
lazylab/internal/ui/ui_project_list_helpers.go:589.2,590.13 2 0
lazylab/internal/ui/ui_project_list_helpers.go:590.13,592.3 1 0
lazylab/internal/ui/ui_project_list_helpers.go:593.2,593.13 1 0
lazylab/internal/ui/ui_project_list_helpers.go:596.41,597.16 1 1
lazylab/internal/ui/ui_project_list_helpers.go:597.16,599.3 1 1
lazylab/internal/ui/ui_project_list_helpers.go:600.2,603.22 4 1
lazylab/internal/ui/ui_project_list_helpers.go:603.22,606.3 2 0
lazylab/internal/ui/ui_project_list_helpers.go:607.2,608.22 2 1
lazylab/internal/ui/ui_project_list_helpers.go:608.22,610.3 1 0
lazylab/internal/ui/ui_project_list_helpers.go:611.2,611.21 1 1
lazylab/internal/ui/ui_project_list_helpers.go:614.43,615.17 1 0
lazylab/internal/ui/ui_project_list_helpers.go:615.17,617.3 1 0
lazylab/internal/ui/ui_project_list_helpers.go:618.2,618.19 1 0
lazylab/internal/ui/ui_project_list_helpers.go:621.45,622.16 1 0
lazylab/internal/ui/ui_project_list_helpers.go:622.16,624.3 1 0
lazylab/internal/ui/ui_project_list_helpers.go:625.2,628.23 4 0
lazylab/internal/ui/ui_project_list_helpers.go:628.23,631.3 2 0
lazylab/internal/ui/ui_project_list_helpers.go:632.2,633.22 2 0
lazylab/internal/ui/ui_project_list_helpers.go:633.22,635.3 1 0
lazylab/internal/ui/ui_project_list_helpers.go:636.2,636.21 1 0
lazylab/internal/ui/ui_project_list_helpers.go:639.47,640.17 1 0
lazylab/internal/ui/ui_project_list_helpers.go:640.17,642.3 1 0
lazylab/internal/ui/ui_project_list_helpers.go:643.2,643.19 1 0
lazylab/internal/ui/ui_project_list_helpers.go:646.57,647.19 1 0
lazylab/internal/ui/ui_project_list_helpers.go:647.19,649.3 1 0
lazylab/internal/ui/ui_project_list_helpers.go:650.2,652.38 3 0
lazylab/internal/ui/ui_project_list_helpers.go:652.38,654.3 1 0
lazylab/internal/ui/ui_project_list_helpers.go:655.2,655.50 1 0
lazylab/internal/ui/ui_project_list_helpers.go:658.72,659.27 1 0
lazylab/internal/ui/ui_project_list_helpers.go:659.27,661.3 1 0
lazylab/internal/ui/ui_project_list_helpers.go:662.2,664.37 3 0
lazylab/internal/ui/ui_project_list_helpers.go:667.68,668.27 1 0
lazylab/internal/ui/ui_project_list_helpers.go:668.27,670.3 1 0
lazylab/internal/ui/ui_project_list_helpers.go:671.2,672.25 2 0
lazylab/internal/ui/ui_project_list_helpers.go:672.25,674.3 1 0
lazylab/internal/ui/ui_project_list_helpers.go:675.2,676.29 2 0
lazylab/internal/ui/ui_project_list_helpers.go:676.29,679.3 2 0
lazylab/internal/ui/ui_project_list_helpers.go:680.2,680.16 1 0
lazylab/internal/ui/ui_project_list_helpers.go:684.43,685.28 1 0
lazylab/internal/ui/ui_project_list_helpers.go:685.28,687.3 1 0
lazylab/internal/ui/ui_project_list_helpers.go:688.2,689.66 2 0
lazylab/internal/ui/ui_project_list_helpers.go:689.66,691.3 1 0
lazylab/internal/ui/ui_project_list_helpers.go:692.2,693.37 2 0
lazylab/internal/ui/ui_project_list_helpers.go:693.37,695.3 1 0
lazylab/internal/ui/ui_project_list_helpers.go:696.2,697.40 2 0
lazylab/internal/ui/ui_project_list_helpers.go:697.40,700.3 2 0
lazylab/internal/ui/ui_project_list_helpers.go:701.2,701.19 1 0
lazylab/internal/ui/ui_project_list_helpers.go:701.19,706.3 4 0
lazylab/internal/ui/ui_project_list_views.go:16.30,18.16 2 0
lazylab/internal/ui/ui_project_list_views.go:18.16,20.3 1 0
lazylab/internal/ui/ui_project_list_views.go:23.2,23.16 1 0
lazylab/internal/ui/ui_project_list_views.go:23.16,25.3 1 0
lazylab/internal/ui/ui_project_list_views.go:27.2,28.16 2 0
lazylab/internal/ui/ui_project_list_views.go:29.20,30.42 1 0
lazylab/internal/ui/ui_project_list_views.go:31.26,34.45 3 0
lazylab/internal/ui/ui_project_list_views.go:35.21,37.34 2 0
lazylab/internal/ui/ui_project_list_views.go:37.34,40.4 2 0
lazylab/internal/ui/ui_project_list_views.go:41.3,41.18 1 0
lazylab/internal/ui/ui_project_list_views.go:42.10,43.42 1 0
lazylab/internal/ui/ui_project_list_views.go:47.2,47.44 1 0
lazylab/internal/ui/ui_project_list_views.go:51.49,53.16 2 0
lazylab/internal/ui/ui_project_list_views.go:54.20,55.26 1 0
lazylab/internal/ui/ui_project_list_views.go:56.20,57.26 1 0
lazylab/internal/ui/ui_project_list_views.go:58.21,59.27 1 0
lazylab/internal/ui/ui_project_list_views.go:60.10,61.26 1 0
lazylab/internal/ui/ui_project_list_views.go:65.2,67.39 3 0
lazylab/internal/ui/ui_project_list_views.go:67.39,70.3 2 0
lazylab/internal/ui/ui_project_list_views.go:72.2,82.16 4 0
lazylab/internal/ui/ui_project_list_views.go:86.39,88.2 1 0
lazylab/internal/ui/ui_project_list_views.go:92.59,95.2 2 0
lazylab/internal/ui/ui_project_list_views.go:97.46,98.31 1 0
lazylab/internal/ui/ui_project_list_views.go:98.31,100.3 1 0
lazylab/internal/ui/ui_project_list_views.go:101.2,101.67 1 0
lazylab/internal/ui/ui_project_list_views.go:104.52,105.16 1 0
lazylab/internal/ui/ui_project_list_views.go:105.16,107.3 1 0
lazylab/internal/ui/ui_project_list_views.go:108.2,110.27 3 0
lazylab/internal/ui/ui_project_list_views.go:110.27,112.3 1 0
lazylab/internal/ui/ui_project_list_views.go:113.2,114.17 2 0
lazylab/internal/ui/ui_project_list_views.go:114.17,116.3 1 0
lazylab/internal/ui/ui_project_list_views.go:117.2,121.33 5 0
lazylab/internal/ui/ui_project_list_views.go:121.33,124.3 2 0
lazylab/internal/ui/ui_project_list_views.go:125.2,128.73 4 0
lazylab/internal/ui/ui_project_list_views.go:131.56,145.9 11 0
lazylab/internal/ui/ui_project_list_views.go:146.20,147.92 1 0
lazylab/internal/ui/ui_project_list_views.go:148.45,149.103 1 0
lazylab/internal/ui/ui_project_list_views.go:150.44,152.89 2 0
lazylab/internal/ui/ui_project_list_views.go:153.67,155.89 2 0
lazylab/internal/ui/ui_project_list_views.go:157.2,157.61 1 0
lazylab/internal/ui/ui_project_list_views.go:157.61,159.3 1 0
lazylab/internal/ui/ui_project_list_views.go:160.2,160.20 1 0
lazylab/internal/ui/ui_project_list_views.go:160.20,162.3 1 0
lazylab/internal/ui/ui_project_list_views.go:164.2,164.46 1 0
lazylab/internal/ui/ui_project_list_views.go:164.46,167.3 2 0
lazylab/internal/ui/ui_project_list_views.go:168.2,169.60 2 0
lazylab/internal/ui/ui_project_list_views.go:172.58,177.23 5 0
lazylab/internal/ui/ui_project_list_views.go:177.23,181.3 3 0
lazylab/internal/ui/ui_project_list_views.go:182.2,188.27 7 0
lazylab/internal/ui/ui_project_list_views.go:188.27,190.3 1 0
lazylab/internal/ui/ui_project_list_views.go:191.2,191.38 1 0
lazylab/internal/ui/ui_project_list_views.go:191.38,193.3 1 0
lazylab/internal/ui/ui_project_list_views.go:194.2,194.33 1 0
lazylab/internal/ui/ui_project_list_views.go:194.33,196.3 1 0
lazylab/internal/ui/ui_project_list_views.go:197.2,201.32 4 0
lazylab/internal/ui/ui_project_list_views.go:201.32,203.3 1 0
lazylab/internal/ui/ui_project_list_views.go:204.2,204.31 1 0
lazylab/internal/ui/ui_project_list_views.go:204.31,208.50 4 0
lazylab/internal/ui/ui_project_list_views.go:208.50,211.4 2 0
lazylab/internal/ui/ui_project_list_views.go:213.2,216.75 4 0
lazylab/internal/ui/ui_project_list_views.go:216.75,219.3 2 0
lazylab/internal/ui/ui_project_list_views.go:220.2,220.60 1 0
lazylab/internal/ui/ui_project_list_views.go:223.64,228.65 5 0
lazylab/internal/ui/ui_project_list_views.go:228.65,230.3 1 0
lazylab/internal/ui/ui_project_list_views.go:231.2,232.52 2 0
lazylab/internal/ui/ui_project_list_views.go:232.52,234.3 1 0
lazylab/internal/ui/ui_project_list_views.go:235.2,237.66 3 0
lazylab/internal/ui/ui_project_list_views.go:237.66,240.3 2 0
lazylab/internal/ui/ui_project_list_views.go:241.2,241.31 1 0
lazylab/internal/ui/ui_project_list_views.go:241.31,244.3 2 0
lazylab/internal/ui/ui_project_list_views.go:245.2,245.29 1 0
lazylab/internal/ui/ui_project_list_views.go:245.29,248.3 2 0
lazylab/internal/ui/ui_project_list_views.go:249.2,249.36 1 0
lazylab/internal/ui/ui_project_list_views.go:249.36,252.3 2 0
lazylab/internal/ui/ui_project_list_views.go:253.2,253.96 1 0
lazylab/internal/ui/ui_project_list_views.go:253.96,256.3 2 0
lazylab/internal/ui/ui_project_list_views.go:257.2,258.45 2 0
lazylab/internal/ui/ui_project_list_views.go:258.45,260.3 1 0
lazylab/internal/ui/ui_project_list_views.go:261.2,261.21 1 0
lazylab/internal/ui/ui_project_list_views.go:261.21,263.3 1 0
lazylab/internal/ui/ui_project_list_views.go:264.2,264.45 1 0
lazylab/internal/ui/ui_project_list_views.go:264.45,266.35 2 0
lazylab/internal/ui/ui_project_list_views.go:266.35,268.4 1 0
lazylab/internal/ui/ui_project_list_views.go:269.3,271.16 3 0
lazylab/internal/ui/ui_project_list_views.go:271.16,273.4 1 0
lazylab/internal/ui/ui_project_list_views.go:274.3,275.28 2 0
lazylab/internal/ui/ui_project_list_views.go:275.28,277.4 1 0
lazylab/internal/ui/ui_project_list_views.go:278.3,280.22 3 0
lazylab/internal/ui/ui_project_list_views.go:282.2,284.52 3 0
lazylab/internal/ui/ui_project_list_views.go:287.66,292.49 5 0
lazylab/internal/ui/ui_project_list_views.go:292.49,294.3 1 0
lazylab/internal/ui/ui_project_list_views.go:295.2,295.21 1 0
lazylab/internal/ui/ui_project_list_views.go:295.21,297.66 2 0
lazylab/internal/ui/ui_project_list_views.go:297.66,299.4 1 0
lazylab/internal/ui/ui_project_list_views.go:301.2,304.28 4 0
lazylab/internal/ui/ui_project_list_views.go:304.28,307.3 2 0
lazylab/internal/ui/ui_project_list_views.go:308.2,308.21 1 0
lazylab/internal/ui/ui_project_list_views.go:308.21,312.3 3 0
lazylab/internal/ui/ui_project_list_views.go:313.2,315.24 3 0
lazylab/internal/ui/ui_project_list_views.go:315.24,318.3 2 0
lazylab/internal/ui/ui_project_list_views.go:319.2,321.66 3 0
lazylab/internal/ui/ui_project_list_views.go:321.66,325.3 3 0
lazylab/internal/ui/ui_project_list_views.go:326.2,326.83 1 0
lazylab/internal/ui/ui_project_list_views.go:326.83,329.3 2 0
lazylab/internal/ui/ui_project_list_views.go:330.2,330.60 1 0
lazylab/internal/ui/ui_project_list_views.go:330.60,333.3 2 0
lazylab/internal/ui/ui_project_list_views.go:334.2,334.61 1 0
lazylab/internal/ui/ui_project_list_views.go:334.61,337.23 3 0
lazylab/internal/ui/ui_project_list_views.go:337.23,339.4 1 0
lazylab/internal/ui/ui_project_list_views.go:341.2,341.22 1 0
lazylab/internal/ui/ui_project_list_views.go:341.22,345.3 3 0
lazylab/internal/ui/ui_project_list_views.go:348.2,351.19 3 0
lazylab/internal/ui/ui_project_list_views.go:354.63,358.16 4 1
lazylab/internal/ui/ui_project_list_views.go:358.16,360.3 1 0
lazylab/internal/ui/ui_project_list_views.go:361.2,361.16 1 1
lazylab/internal/ui/ui_project_list_views.go:361.16,362.35 1 0
lazylab/internal/ui/ui_project_list_views.go:362.35,364.4 1 0
lazylab/internal/ui/ui_project_list_views.go:364.9,366.4 1 0
lazylab/internal/ui/ui_project_list_views.go:368.2,368.82 1 1
lazylab/internal/ui/ui_project_list_views.go:368.82,370.3 1 0
lazylab/internal/ui/ui_project_list_views.go:371.2,372.49 2 1
lazylab/internal/ui/ui_project_list_views.go:372.49,374.3 1 0
lazylab/internal/ui/ui_project_list_views.go:375.2,378.46 4 1
lazylab/internal/ui/ui_project_list_views.go:378.46,382.3 3 0
lazylab/internal/ui/ui_project_list_views.go:383.2,383.49 1 1
lazylab/internal/ui/ui_project_list_views.go:383.49,387.3 3 0
lazylab/internal/ui/ui_project_list_views.go:388.2,388.27 1 1
lazylab/internal/ui/ui_project_list_views.go:388.27,392.3 3 0
lazylab/internal/ui/ui_project_list_views.go:395.2,396.19 2 1
lazylab/internal/ui/ui_project_list_views.go:399.83,402.20 3 0
lazylab/internal/ui/ui_project_list_views.go:402.20,404.3 1 0
lazylab/internal/ui/ui_project_list_views.go:405.2,407.9 3 0
lazylab/internal/ui/ui_project_list_views.go:408.39,409.50 1 0
lazylab/internal/ui/ui_project_list_views.go:410.24,411.56 1 0
lazylab/internal/ui/ui_project_list_views.go:412.19,413.62 1 0
lazylab/internal/ui/ui_project_list_views.go:414.21,416.27 2 0
lazylab/internal/ui/ui_project_list_views.go:416.27,418.4 1 0
lazylab/internal/ui/ui_project_list_views.go:419.3,419.37 1 0
lazylab/internal/ui/ui_project_list_views.go:419.37,421.4 1 0
lazylab/internal/ui/ui_project_list_views.go:422.3,422.30 1 0
lazylab/internal/ui/ui_project_list_views.go:422.30,424.20 2 0
lazylab/internal/ui/ui_project_list_views.go:424.20,426.5 1 0
lazylab/internal/ui/ui_project_list_views.go:427.4,427.73 1 0
lazylab/internal/ui/ui_project_list_views.go:429.3,429.33 1 0
lazylab/internal/ui/ui_project_list_views.go:429.33,431.22 2 0
lazylab/internal/ui/ui_project_list_views.go:431.22,433.5 1 0
lazylab/internal/ui/ui_project_list_views.go:434.4,435.44 2 0
lazylab/internal/ui/ui_project_list_views.go:435.44,439.5 3 0
lazylab/internal/ui/ui_project_list_views.go:441.3,441.20 1 0
lazylab/internal/ui/ui_project_list_views.go:441.20,443.4 1 0
lazylab/internal/ui/ui_project_list_views.go:444.10,445.10 1 0
lazylab/internal/ui/ui_project_list_views.go:445.10,447.4 1 0
lazylab/internal/ui/ui_project_list_views.go:447.9,447.27 1 0
lazylab/internal/ui/ui_project_list_views.go:447.27,449.4 1 0
lazylab/internal/ui/ui_project_list_views.go:449.9,451.4 1 0
lazylab/internal/ui/ui_project_list_views.go:453.2,453.33 1 0
lazylab/internal/ui/ui_project_list_views.go:453.33,455.3 1 0
lazylab/internal/ui/ui_project_list_views.go:456.2,456.44 1 0
lazylab/internal/ui/ui_project_list_views.go:459.52,460.16 1 0
lazylab/internal/ui/ui_project_list_views.go:460.16,462.3 1 0
lazylab/internal/ui/ui_project_list_views.go:463.2,465.27 3 0
lazylab/internal/ui/ui_project_list_views.go:465.27,467.3 1 0
lazylab/internal/ui/ui_project_list_views.go:468.2,469.17 2 0
lazylab/internal/ui/ui_project_list_views.go:469.17,471.3 1 0
lazylab/internal/ui/ui_project_list_views.go:472.2,477.34 6 0
lazylab/internal/ui/ui_project_list_views.go:477.34,480.3 2 0
lazylab/internal/ui/ui_project_list_views.go:481.2,485.94 5 0
lazylab/internal/ui/ui_project_list_views.go:488.58,489.16 1 0
lazylab/internal/ui/ui_project_list_views.go:489.16,491.3 1 0
lazylab/internal/ui/ui_project_list_views.go:492.2,493.21 2 0
lazylab/internal/ui/ui_project_list_views.go:493.21,495.3 1 0
lazylab/internal/ui/ui_project_list_views.go:496.2,502.46 7 0
lazylab/internal/ui/ui_project_list_views.go:502.46,505.33 3 0
lazylab/internal/ui/ui_project_list_views.go:505.33,508.4 2 0
lazylab/internal/ui/ui_project_list_views.go:509.3,511.22 3 0
lazylab/internal/ui/ui_project_list_views.go:513.2,521.14 4 0
lazylab/internal/ui/ui_project_list_views.go:524.52,525.16 1 0
lazylab/internal/ui/ui_project_list_views.go:525.16,527.3 1 0
lazylab/internal/ui/ui_project_list_views.go:528.2,530.27 3 0
lazylab/internal/ui/ui_project_list_views.go:530.27,532.3 1 0
lazylab/internal/ui/ui_project_list_views.go:533.2,534.17 2 0
lazylab/internal/ui/ui_project_list_views.go:534.17,536.3 1 0
lazylab/internal/ui/ui_project_list_views.go:537.2,542.34 6 0
lazylab/internal/ui/ui_project_list_views.go:542.34,545.3 2 0
lazylab/internal/ui/ui_project_list_views.go:546.2,550.94 5 0
lazylab/internal/ui/ui_project_list_views.go:553.65,554.16 1 0
lazylab/internal/ui/ui_project_list_views.go:554.16,556.3 1 0
lazylab/internal/ui/ui_project_list_views.go:557.2,558.21 2 0
lazylab/internal/ui/ui_project_list_views.go:558.21,560.3 1 0
lazylab/internal/ui/ui_project_list_views.go:561.2,563.38 3 0
lazylab/internal/ui/ui_project_list_views.go:563.38,565.3 1 0
lazylab/internal/ui/ui_project_list_views.go:566.2,568.38 3 0
lazylab/internal/ui/ui_project_list_views.go:568.38,570.44 2 0
lazylab/internal/ui/ui_project_list_views.go:570.44,571.81 1 0
lazylab/internal/ui/ui_project_list_views.go:571.81,573.5 1 0
lazylab/internal/ui/ui_project_list_views.go:573.10,575.5 1 0
lazylab/internal/ui/ui_project_list_views.go:577.3,579.83 3 0
lazylab/internal/ui/ui_project_list_views.go:579.83,582.4 2 0
lazylab/internal/ui/ui_project_list_views.go:583.3,583.41 1 0
lazylab/internal/ui/ui_project_list_views.go:583.41,586.4 2 0
lazylab/internal/ui/ui_project_list_views.go:587.3,590.104 4 0
lazylab/internal/ui/ui_project_list_views.go:591.8,593.41 2 0
lazylab/internal/ui/ui_project_list_views.go:593.41,595.4 1 0
lazylab/internal/ui/ui_project_list_views.go:596.3,598.74 3 0
lazylab/internal/ui/ui_project_list_views.go:598.74,601.4 2 0
lazylab/internal/ui/ui_project_list_views.go:602.3,605.109 4 0
lazylab/internal/ui/ui_project_list_views.go:607.2,613.14 2 0
lazylab/internal/ui/ui_project_list_views.go:616.55,621.19 5 0
lazylab/internal/ui/ui_project_list_views.go:621.19,625.3 3 0
lazylab/internal/ui/ui_project_list_views.go:626.2,627.21 2 0
lazylab/internal/ui/ui_project_list_views.go:627.21,629.3 1 0
lazylab/internal/ui/ui_project_list_views.go:630.2,632.20 3 0
lazylab/internal/ui/ui_project_list_views.go:632.20,635.3 2 0
lazylab/internal/ui/ui_project_list_views.go:636.2,636.23 1 0
lazylab/internal/ui/ui_project_list_views.go:636.23,640.3 3 0
lazylab/internal/ui/ui_project_list_views.go:641.2,641.30 1 0
lazylab/internal/ui/ui_project_list_views.go:641.30,645.3 3 0
lazylab/internal/ui/ui_project_list_views.go:646.2,646.39 1 0
lazylab/internal/ui/ui_project_list_views.go:646.39,648.27 2 0
lazylab/internal/ui/ui_project_list_views.go:648.27,650.4 1 0
lazylab/internal/ui/ui_project_list_views.go:651.3,652.20 2 0
lazylab/internal/ui/ui_project_list_views.go:652.20,654.4 1 0
lazylab/internal/ui/ui_project_list_views.go:655.3,657.22 3 0
lazylab/internal/ui/ui_project_list_views.go:659.2,659.19 1 0
lazylab/internal/ui/ui_project_list_views.go:662.63,668.28 6 0
lazylab/internal/ui/ui_project_list_views.go:668.28,671.3 2 0
lazylab/internal/ui/ui_project_list_views.go:672.2,673.16 2 0
lazylab/internal/ui/ui_project_list_views.go:673.16,677.3 3 0
lazylab/internal/ui/ui_project_list_views.go:678.2,679.21 2 0
lazylab/internal/ui/ui_project_list_views.go:679.21,681.3 1 0
lazylab/internal/ui/ui_project_list_views.go:682.2,684.17 3 0
lazylab/internal/ui/ui_project_list_views.go:684.17,687.3 2 0
lazylab/internal/ui/ui_project_list_views.go:688.2,688.20 1 0
lazylab/internal/ui/ui_project_list_views.go:688.20,692.3 3 0
lazylab/internal/ui/ui_project_list_views.go:693.2,693.61 1 0
lazylab/internal/ui/ui_project_list_views.go:693.61,696.3 2 0
lazylab/internal/ui/ui_project_list_views.go:697.2,697.36 1 0
lazylab/internal/ui/ui_project_list_views.go:697.36,699.24 2 0
lazylab/internal/ui/ui_project_list_views.go:699.24,701.4 1 0
lazylab/internal/ui/ui_project_list_views.go:702.3,703.20 2 0
lazylab/internal/ui/ui_project_list_views.go:703.20,705.4 1 0
lazylab/internal/ui/ui_project_list_views.go:706.3,708.22 3 0
lazylab/internal/ui/ui_project_list_views.go:710.2,710.19 1 0
lazylab/internal/ui/ui_project_list_views.go:713.63,718.21 5 1
lazylab/internal/ui/ui_project_list_views.go:718.21,722.3 3 0
lazylab/internal/ui/ui_project_list_views.go:723.2,723.24 1 1
lazylab/internal/ui/ui_project_list_views.go:723.24,727.3 3 0
lazylab/internal/ui/ui_project_list_views.go:728.2,728.27 1 1
lazylab/internal/ui/ui_project_list_views.go:728.27,732.3 3 0
lazylab/internal/ui/ui_project_list_views.go:735.2,736.19 2 1
lazylab/internal/ui/ui_project_list_views.go:739.72,741.11 2 0
lazylab/internal/ui/ui_project_list_views.go:741.11,743.3 1 0
lazylab/internal/ui/ui_project_list_views.go:744.2,744.14 1 0
lazylab/internal/ui/ui_project_list_views.go:744.14,746.3 1 0
lazylab/internal/ui/ui_project_list_views.go:747.2,747.27 1 0
lazylab/internal/ui/ui_project_list_views.go:750.54,751.20 1 1
lazylab/internal/ui/ui_project_list_views.go:752.14,753.16 1 1
lazylab/internal/ui/ui_project_list_views.go:754.16,755.16 1 0
lazylab/internal/ui/ui_project_list_views.go:756.14,757.16 1 1
lazylab/internal/ui/ui_project_list_views.go:758.10,759.15 1 0
lazylab/internal/ui/ui_project_list_views.go:763.38,764.26 1 0
lazylab/internal/ui/ui_project_list_views.go:764.26,766.3 1 0
lazylab/internal/ui/ui_project_list_views.go:767.2,769.59 3 0
lazylab/internal/ui/ui_project_list_views.go:772.49,774.21 2 0
lazylab/internal/ui/ui_project_list_views.go:774.21,776.3 1 0
lazylab/internal/ui/ui_project_list_views.go:776.8,776.33 1 0
lazylab/internal/ui/ui_project_list_views.go:776.33,778.3 1 0
lazylab/internal/ui/ui_project_list_views.go:778.8,780.3 1 0
lazylab/internal/ui/ui_project_list_views.go:781.2,781.51 1 0
lazylab/internal/ui/ui_project_list_views.go:784.51,785.66 1 0
lazylab/internal/ui/ui_project_list_views.go:785.66,786.21 1 0
lazylab/internal/ui/ui_project_list_views.go:786.21,788.4 1 0
lazylab/internal/ui/ui_project_list_views.go:789.3,789.12 1 0
lazylab/internal/ui/ui_project_list_views.go:791.2,791.23 1 0
lazylab/internal/ui/ui_project_list_views.go:791.23,793.3 1 0
lazylab/internal/ui/ui_project_list_views.go:794.2,796.16 3 0
lazylab/internal/ui/ui_project_list_views.go:796.16,798.3 1 0
lazylab/internal/ui/ui_project_list_views.go:799.2,800.18 2 0
lazylab/internal/ui/ui_project_list_views.go:800.18,802.3 1 0
lazylab/internal/ui/ui_project_list_views.go:803.2,804.23 2 0
lazylab/internal/ui/ui_project_list_views.go:804.23,806.3 1 0
lazylab/internal/ui/ui_project_list_views.go:807.2,808.108 2 0
lazylab/internal/ui/ui_project_list_views.go:811.66,814.2 2 0
lazylab/internal/ui/ui_project_list_views.go:816.70,821.2 4 0
lazylab/internal/ui/ui_project_list_views.go:823.56,824.16 1 0
lazylab/internal/ui/ui_project_list_views.go:824.16,826.3 1 0
lazylab/internal/ui/ui_project_list_views.go:827.2,828.21 2 0
lazylab/internal/ui/ui_project_list_views.go:831.72,832.17 1 0
lazylab/internal/ui/ui_project_list_views.go:832.17,834.3 1 0
lazylab/internal/ui/ui_project_list_views.go:835.2,838.21 4 0
lazylab/cmd/lazylab/main.go:18.13,21.46 3 0
lazylab/cmd/lazylab/main.go:21.46,24.3 2 0
lazylab/cmd/lazylab/main.go:26.2,27.16 2 0
lazylab/cmd/lazylab/main.go:27.16,30.3 2 0
lazylab/cmd/lazylab/main.go:32.2,33.16 2 0
lazylab/cmd/lazylab/main.go:33.16,36.3 2 0
lazylab/cmd/lazylab/main.go:38.2,42.16 4 0
lazylab/cmd/lazylab/main.go:42.16,45.3 2 0
lazylab/cmd/lazylab/main.go:47.2,50.26 3 0
lazylab/cmd/lazylab/main.go:50.26,52.3 1 0
lazylab/cmd/lazylab/main.go:53.2,55.40 2 0
lazylab/cmd/lazylab/main.go:55.40,58.3 2 0
lazylab/cmd/lazylab/main.go:61.52,62.30 1 0
lazylab/cmd/lazylab/main.go:63.15,64.30 1 0
lazylab/cmd/lazylab/main.go:65.14,66.29 1 0
lazylab/cmd/lazylab/main.go:67.25,68.29 1 0
lazylab/cmd/lazylab/main.go:69.22,70.30 1 0
lazylab/cmd/lazylab/main.go:71.10,72.76 1 0
